<?xml version="1.0" encoding="UTF-8"?>
<testsuite xmlns:xsi="http://www.w3.org/2001/XMLSchema-instance" xsi:noNamespaceSchemaLocation="https://maven.apache.org/surefire/maven-surefire-plugin/xsd/surefire-test-report-3.0.xsd" version="3.0" name="com.example.kafka.KafkaApplicationTest" time="13.382" tests="2" errors="0" skipped="0" failures="0">
  <properties>
    <property name="jdk.tls.rejectClientInitiatedRenegotiation" value="true"/>
    <property name="java.specification.version" value="17"/>
    <property name="sun.jnu.encoding" value="UTF-8"/>
    <property name="java.class.path" value="/Users/ravikashyap/kafka-spring-boot-app/target/test-classes:/Users/ravikashyap/kafka-spring-boot-app/target/classes:/Users/ravikashyap/.m2/raptor2/org/springframework/boot/spring-boot-starter-web/3.2.0/spring-boot-starter-web-3.2.0.jar:/Users/ravikashyap/.m2/raptor2/org/springframework/boot/spring-boot-starter/3.2.0/spring-boot-starter-3.2.0.jar:/Users/ravikashyap/.m2/raptor2/org/springframework/boot/spring-boot/3.2.0/spring-boot-3.2.0.jar:/Users/ravikashyap/.m2/raptor2/org/springframework/boot/spring-boot-autoconfigure/3.2.0/spring-boot-autoconfigure-3.2.0.jar:/Users/ravikashyap/.m2/raptor2/org/springframework/boot/spring-boot-starter-logging/3.2.0/spring-boot-starter-logging-3.2.0.jar:/Users/ravikashyap/.m2/raptor2/org/apache/logging/log4j/log4j-to-slf4j/2.21.1/log4j-to-slf4j-2.21.1.jar:/Users/ravikashyap/.m2/raptor2/org/apache/logging/log4j/log4j-api/2.21.1/log4j-api-2.21.1.jar:/Users/ravikashyap/.m2/raptor2/org/slf4j/jul-to-slf4j/2.0.9/jul-to-slf4j-2.0.9.jar:/Users/ravikashyap/.m2/raptor2/jakarta/annotation/jakarta.annotation-api/2.1.1/jakarta.annotation-api-2.1.1.jar:/Users/ravikashyap/.m2/raptor2/org/yaml/snakeyaml/2.2/snakeyaml-2.2.jar:/Users/ravikashyap/.m2/raptor2/org/springframework/boot/spring-boot-starter-json/3.2.0/spring-boot-starter-json-3.2.0.jar:/Users/ravikashyap/.m2/raptor2/com/fasterxml/jackson/core/jackson-databind/2.15.3/jackson-databind-2.15.3.jar:/Users/ravikashyap/.m2/raptor2/com/fasterxml/jackson/core/jackson-annotations/2.15.3/jackson-annotations-2.15.3.jar:/Users/ravikashyap/.m2/raptor2/com/fasterxml/jackson/core/jackson-core/2.15.3/jackson-core-2.15.3.jar:/Users/ravikashyap/.m2/raptor2/com/fasterxml/jackson/datatype/jackson-datatype-jdk8/2.15.3/jackson-datatype-jdk8-2.15.3.jar:/Users/ravikashyap/.m2/raptor2/com/fasterxml/jackson/datatype/jackson-datatype-jsr310/2.15.3/jackson-datatype-jsr310-2.15.3.jar:/Users/ravikashyap/.m2/raptor2/com/fasterxml/jackson/module/jackson-module-parameter-names/2.15.3/jackson-module-parameter-names-2.15.3.jar:/Users/ravikashyap/.m2/raptor2/org/springframework/boot/spring-boot-starter-tomcat/3.2.0/spring-boot-starter-tomcat-3.2.0.jar:/Users/ravikashyap/.m2/raptor2/org/apache/tomcat/embed/tomcat-embed-core/10.1.16/tomcat-embed-core-10.1.16.jar:/Users/ravikashyap/.m2/raptor2/org/apache/tomcat/embed/tomcat-embed-el/10.1.16/tomcat-embed-el-10.1.16.jar:/Users/ravikashyap/.m2/raptor2/org/apache/tomcat/embed/tomcat-embed-websocket/10.1.16/tomcat-embed-websocket-10.1.16.jar:/Users/ravikashyap/.m2/raptor2/org/springframework/spring-web/6.1.1/spring-web-6.1.1.jar:/Users/ravikashyap/.m2/raptor2/org/springframework/spring-beans/6.1.1/spring-beans-6.1.1.jar:/Users/ravikashyap/.m2/raptor2/org/springframework/spring-webmvc/6.1.1/spring-webmvc-6.1.1.jar:/Users/ravikashyap/.m2/raptor2/org/springframework/spring-aop/6.1.1/spring-aop-6.1.1.jar:/Users/ravikashyap/.m2/raptor2/org/springframework/spring-expression/6.1.1/spring-expression-6.1.1.jar:/Users/ravikashyap/.m2/raptor2/org/springframework/kafka/spring-kafka/3.1.0/spring-kafka-3.1.0.jar:/Users/ravikashyap/.m2/raptor2/org/springframework/spring-context/6.1.1/spring-context-6.1.1.jar:/Users/ravikashyap/.m2/raptor2/org/springframework/spring-messaging/6.1.1/spring-messaging-6.1.1.jar:/Users/ravikashyap/.m2/raptor2/org/springframework/spring-tx/6.1.1/spring-tx-6.1.1.jar:/Users/ravikashyap/.m2/raptor2/org/springframework/retry/spring-retry/2.0.4/spring-retry-2.0.4.jar:/Users/ravikashyap/.m2/raptor2/org/apache/kafka/kafka-clients/3.6.0/kafka-clients-3.6.0.jar:/Users/ravikashyap/.m2/raptor2/com/github/luben/zstd-jni/1.5.5-1/zstd-jni-1.5.5-1.jar:/Users/ravikashyap/.m2/raptor2/org/lz4/lz4-java/1.8.0/lz4-java-1.8.0.jar:/Users/ravikashyap/.m2/raptor2/org/xerial/snappy/snappy-java/1.1.10.4/snappy-java-1.1.10.4.jar:/Users/ravikashyap/.m2/raptor2/org/slf4j/slf4j-api/2.0.9/slf4j-api-2.0.9.jar:/Users/ravikashyap/.m2/raptor2/io/micrometer/micrometer-observation/1.12.0/micrometer-observation-1.12.0.jar:/Users/ravikashyap/.m2/raptor2/io/micrometer/micrometer-commons/1.12.0/micrometer-commons-1.12.0.jar:/Users/ravikashyap/.m2/raptor2/com/google/code/findbugs/jsr305/3.0.2/jsr305-3.0.2.jar:/Users/ravikashyap/.m2/raptor2/org/springframework/boot/spring-boot-starter-test/3.2.0/spring-boot-starter-test-3.2.0.jar:/Users/ravikashyap/.m2/raptor2/org/springframework/boot/spring-boot-test/3.2.0/spring-boot-test-3.2.0.jar:/Users/ravikashyap/.m2/raptor2/org/springframework/boot/spring-boot-test-autoconfigure/3.2.0/spring-boot-test-autoconfigure-3.2.0.jar:/Users/ravikashyap/.m2/raptor2/com/jayway/jsonpath/json-path/2.8.0/json-path-2.8.0.jar:/Users/ravikashyap/.m2/raptor2/jakarta/xml/bind/jakarta.xml.bind-api/4.0.1/jakarta.xml.bind-api-4.0.1.jar:/Users/ravikashyap/.m2/raptor2/jakarta/activation/jakarta.activation-api/2.1.2/jakarta.activation-api-2.1.2.jar:/Users/ravikashyap/.m2/raptor2/net/minidev/json-smart/2.5.0/json-smart-2.5.0.jar:/Users/ravikashyap/.m2/raptor2/net/minidev/accessors-smart/2.5.0/accessors-smart-2.5.0.jar:/Users/ravikashyap/.m2/raptor2/org/ow2/asm/asm/9.3/asm-9.3.jar:/Users/ravikashyap/.m2/raptor2/org/assertj/assertj-core/3.24.2/assertj-core-3.24.2.jar:/Users/ravikashyap/.m2/raptor2/net/bytebuddy/byte-buddy/1.14.10/byte-buddy-1.14.10.jar:/Users/ravikashyap/.m2/raptor2/org/awaitility/awaitility/4.2.0/awaitility-4.2.0.jar:/Users/ravikashyap/.m2/raptor2/org/hamcrest/hamcrest/2.2/hamcrest-2.2.jar:/Users/ravikashyap/.m2/raptor2/org/junit/jupiter/junit-jupiter/5.10.1/junit-jupiter-5.10.1.jar:/Users/ravikashyap/.m2/raptor2/org/junit/jupiter/junit-jupiter-params/5.10.1/junit-jupiter-params-5.10.1.jar:/Users/ravikashyap/.m2/raptor2/org/junit/jupiter/junit-jupiter-engine/5.10.1/junit-jupiter-engine-5.10.1.jar:/Users/ravikashyap/.m2/raptor2/org/mockito/mockito-core/5.7.0/mockito-core-5.7.0.jar:/Users/ravikashyap/.m2/raptor2/net/bytebuddy/byte-buddy-agent/1.14.10/byte-buddy-agent-1.14.10.jar:/Users/ravikashyap/.m2/raptor2/org/objenesis/objenesis/3.3/objenesis-3.3.jar:/Users/ravikashyap/.m2/raptor2/org/mockito/mockito-junit-jupiter/5.7.0/mockito-junit-jupiter-5.7.0.jar:/Users/ravikashyap/.m2/raptor2/org/skyscreamer/jsonassert/1.5.1/jsonassert-1.5.1.jar:/Users/ravikashyap/.m2/raptor2/com/vaadin/external/google/android-json/0.0.20131108.vaadin1/android-json-0.0.20131108.vaadin1.jar:/Users/ravikashyap/.m2/raptor2/org/springframework/spring-core/6.1.1/spring-core-6.1.1.jar:/Users/ravikashyap/.m2/raptor2/org/springframework/spring-jcl/6.1.1/spring-jcl-6.1.1.jar:/Users/ravikashyap/.m2/raptor2/org/springframework/spring-test/6.1.1/spring-test-6.1.1.jar:/Users/ravikashyap/.m2/raptor2/org/xmlunit/xmlunit-core/2.9.1/xmlunit-core-2.9.1.jar:/Users/ravikashyap/.m2/raptor2/org/springframework/kafka/spring-kafka-test/3.1.0/spring-kafka-test-3.1.0.jar:/Users/ravikashyap/.m2/raptor2/org/apache/zookeeper/zookeeper/3.8.3/zookeeper-3.8.3.jar:/Users/ravikashyap/.m2/raptor2/org/apache/zookeeper/zookeeper-jute/3.8.3/zookeeper-jute-3.8.3.jar:/Users/ravikashyap/.m2/raptor2/org/apache/yetus/audience-annotations/0.12.0/audience-annotations-0.12.0.jar:/Users/ravikashyap/.m2/raptor2/io/netty/netty-handler/4.1.101.Final/netty-handler-4.1.101.Final.jar:/Users/ravikashyap/.m2/raptor2/io/netty/netty-common/4.1.101.Final/netty-common-4.1.101.Final.jar:/Users/ravikashyap/.m2/raptor2/io/netty/netty-resolver/4.1.101.Final/netty-resolver-4.1.101.Final.jar:/Users/ravikashyap/.m2/raptor2/io/netty/netty-buffer/4.1.101.Final/netty-buffer-4.1.101.Final.jar:/Users/ravikashyap/.m2/raptor2/io/netty/netty-transport/4.1.101.Final/netty-transport-4.1.101.Final.jar:/Users/ravikashyap/.m2/raptor2/io/netty/netty-transport-native-unix-common/4.1.101.Final/netty-transport-native-unix-common-4.1.101.Final.jar:/Users/ravikashyap/.m2/raptor2/io/netty/netty-codec/4.1.101.Final/netty-codec-4.1.101.Final.jar:/Users/ravikashyap/.m2/raptor2/io/netty/netty-transport-native-epoll/4.1.101.Final/netty-transport-native-epoll-4.1.101.Final.jar:/Users/ravikashyap/.m2/raptor2/io/netty/netty-transport-classes-epoll/4.1.101.Final/netty-transport-classes-epoll-4.1.101.Final.jar:/Users/ravikashyap/.m2/raptor2/ch/qos/logback/logback-core/1.4.11/logback-core-1.4.11.jar:/Users/ravikashyap/.m2/raptor2/ch/qos/logback/logback-classic/1.4.11/logback-classic-1.4.11.jar:/Users/ravikashyap/.m2/raptor2/commons-io/commons-io/2.11.0/commons-io-2.11.0.jar:/Users/ravikashyap/.m2/raptor2/org/apache/kafka/kafka-clients/3.6.0/kafka-clients-3.6.0-test.jar:/Users/ravikashyap/.m2/raptor2/org/apache/kafka/kafka-metadata/3.6.0/kafka-metadata-3.6.0.jar:/Users/ravikashyap/.m2/raptor2/org/apache/kafka/kafka-raft/3.6.0/kafka-raft-3.6.0.jar:/Users/ravikashyap/.m2/raptor2/com/yammer/metrics/metrics-core/2.2.0/metrics-core-2.2.0.jar:/Users/ravikashyap/.m2/raptor2/org/apache/kafka/kafka-server-common/3.6.0/kafka-server-common-3.6.0.jar:/Users/ravikashyap/.m2/raptor2/net/sf/jopt-simple/jopt-simple/5.0.4/jopt-simple-5.0.4.jar:/Users/ravikashyap/.m2/raptor2/org/pcollections/pcollections/4.0.1/pcollections-4.0.1.jar:/Users/ravikashyap/.m2/raptor2/org/apache/kafka/kafka-server-common/3.6.0/kafka-server-common-3.6.0-test.jar:/Users/ravikashyap/.m2/raptor2/org/apache/kafka/kafka-streams-test-utils/3.6.0/kafka-streams-test-utils-3.6.0.jar:/Users/ravikashyap/.m2/raptor2/org/apache/kafka/kafka-streams/3.6.0/kafka-streams-3.6.0.jar:/Users/ravikashyap/.m2/raptor2/org/rocksdb/rocksdbjni/7.9.2/rocksdbjni-7.9.2.jar:/Users/ravikashyap/.m2/raptor2/org/apache/kafka/kafka_2.13/3.6.0/kafka_2.13-3.6.0.jar:/Users/ravikashyap/.m2/raptor2/org/scala-lang/scala-library/2.13.11/scala-library-2.13.11.jar:/Users/ravikashyap/.m2/raptor2/org/apache/kafka/kafka-group-coordinator/3.6.0/kafka-group-coordinator-3.6.0.jar:/Users/ravikashyap/.m2/raptor2/org/apache/kafka/kafka-storage-api/3.6.0/kafka-storage-api-3.6.0.jar:/Users/ravikashyap/.m2/raptor2/org/apache/kafka/kafka-tools-api/3.6.0/kafka-tools-api-3.6.0.jar:/Users/ravikashyap/.m2/raptor2/org/apache/kafka/kafka-storage/3.6.0/kafka-storage-3.6.0.jar:/Users/ravikashyap/.m2/raptor2/com/github/ben-manes/caffeine/caffeine/3.1.8/caffeine-3.1.8.jar:/Users/ravikashyap/.m2/raptor2/org/checkerframework/checker-qual/3.37.0/checker-qual-3.37.0.jar:/Users/ravikashyap/.m2/raptor2/com/google/errorprone/error_prone_annotations/2.21.1/error_prone_annotations-2.21.1.jar:/Users/ravikashyap/.m2/raptor2/net/sourceforge/argparse4j/argparse4j/0.7.0/argparse4j-0.7.0.jar:/Users/ravikashyap/.m2/raptor2/commons-validator/commons-validator/1.7/commons-validator-1.7.jar:/Users/ravikashyap/.m2/raptor2/commons-beanutils/commons-beanutils/1.9.4/commons-beanutils-1.9.4.jar:/Users/ravikashyap/.m2/raptor2/commons-digester/commons-digester/2.1/commons-digester-2.1.jar:/Users/ravikashyap/.m2/raptor2/commons-collections/commons-collections/3.2.2/commons-collections-3.2.2.jar:/Users/ravikashyap/.m2/raptor2/com/fasterxml/jackson/module/jackson-module-scala_2.13/2.15.3/jackson-module-scala_2.13-2.15.3.jar:/Users/ravikashyap/.m2/raptor2/com/thoughtworks/paranamer/paranamer/2.8/paranamer-2.8.jar:/Users/ravikashyap/.m2/raptor2/com/fasterxml/jackson/dataformat/jackson-dataformat-csv/2.15.3/jackson-dataformat-csv-2.15.3.jar:/Users/ravikashyap/.m2/raptor2/org/bitbucket/b_c/jose4j/0.9.3/jose4j-0.9.3.jar:/Users/ravikashyap/.m2/raptor2/org/scala-lang/modules/scala-collection-compat_2.13/2.10.0/scala-collection-compat_2.13-2.10.0.jar:/Users/ravikashyap/.m2/raptor2/org/scala-lang/modules/scala-java8-compat_2.13/1.0.2/scala-java8-compat_2.13-1.0.2.jar:/Users/ravikashyap/.m2/raptor2/org/scala-lang/scala-reflect/2.13.11/scala-reflect-2.13.11.jar:/Users/ravikashyap/.m2/raptor2/com/typesafe/scala-logging/scala-logging_2.13/3.9.4/scala-logging_2.13-3.9.4.jar:/Users/ravikashyap/.m2/raptor2/io/dropwizard/metrics/metrics-core/4.2.22/metrics-core-4.2.22.jar:/Users/ravikashyap/.m2/raptor2/commons-cli/commons-cli/1.4/commons-cli-1.4.jar:/Users/ravikashyap/.m2/raptor2/org/apache/kafka/kafka_2.13/3.6.0/kafka_2.13-3.6.0-test.jar:/Users/ravikashyap/.m2/raptor2/org/junit/jupiter/junit-jupiter-api/5.10.1/junit-jupiter-api-5.10.1.jar:/Users/ravikashyap/.m2/raptor2/org/opentest4j/opentest4j/1.3.0/opentest4j-1.3.0.jar:/Users/ravikashyap/.m2/raptor2/org/junit/platform/junit-platform-commons/1.10.1/junit-platform-commons-1.10.1.jar:/Users/ravikashyap/.m2/raptor2/org/apiguardian/apiguardian-api/1.1.2/apiguardian-api-1.1.2.jar:/Users/ravikashyap/.m2/raptor2/org/junit/platform/junit-platform-launcher/1.10.1/junit-platform-launcher-1.10.1.jar:/Users/ravikashyap/.m2/raptor2/org/junit/platform/junit-platform-engine/1.10.1/junit-platform-engine-1.10.1.jar:"/>
    <property name="java.vm.vendor" value="Azul Systems, Inc."/>
    <property name="sun.arch.data.model" value="64"/>
    <property name="catalina.useNaming" value="false"/>
    <property name="java.vendor.url" value="http://www.azul.com/"/>
    <property name="user.timezone" value="Asia/Kolkata"/>
    <property name="os.name" value="Mac OS X"/>
    <property name="java.vm.specification.version" value="17"/>
    <property name="sun.java.launcher" value="SUN_STANDARD"/>
    <property name="user.country" value="IN"/>
    <property name="sun.boot.library.path" value="/Library/Java/JavaVirtualMachines/JDK-17.0.8_zulu_v2/Contents/Home/lib"/>
    <property name="sun.java.command" value="/Users/ravikashyap/kafka-spring-boot-app/target/surefire/surefirebooter-20250827211206479_3.jar /Users/ravikashyap/kafka-spring-boot-app/target/surefire 2025-08-27T21-12-06_451-jvmRun1 surefire-20250827211206479_1tmp surefire_0-20250827211206479_2tmp"/>
    <property name="jdk.debug" value="release"/>
    <property name="surefire.test.class.path" value="/Users/ravikashyap/kafka-spring-boot-app/target/test-classes:/Users/ravikashyap/kafka-spring-boot-app/target/classes:/Users/ravikashyap/.m2/raptor2/org/springframework/boot/spring-boot-starter-web/3.2.0/spring-boot-starter-web-3.2.0.jar:/Users/ravikashyap/.m2/raptor2/org/springframework/boot/spring-boot-starter/3.2.0/spring-boot-starter-3.2.0.jar:/Users/ravikashyap/.m2/raptor2/org/springframework/boot/spring-boot/3.2.0/spring-boot-3.2.0.jar:/Users/ravikashyap/.m2/raptor2/org/springframework/boot/spring-boot-autoconfigure/3.2.0/spring-boot-autoconfigure-3.2.0.jar:/Users/ravikashyap/.m2/raptor2/org/springframework/boot/spring-boot-starter-logging/3.2.0/spring-boot-starter-logging-3.2.0.jar:/Users/ravikashyap/.m2/raptor2/org/apache/logging/log4j/log4j-to-slf4j/2.21.1/log4j-to-slf4j-2.21.1.jar:/Users/ravikashyap/.m2/raptor2/org/apache/logging/log4j/log4j-api/2.21.1/log4j-api-2.21.1.jar:/Users/ravikashyap/.m2/raptor2/org/slf4j/jul-to-slf4j/2.0.9/jul-to-slf4j-2.0.9.jar:/Users/ravikashyap/.m2/raptor2/jakarta/annotation/jakarta.annotation-api/2.1.1/jakarta.annotation-api-2.1.1.jar:/Users/ravikashyap/.m2/raptor2/org/yaml/snakeyaml/2.2/snakeyaml-2.2.jar:/Users/ravikashyap/.m2/raptor2/org/springframework/boot/spring-boot-starter-json/3.2.0/spring-boot-starter-json-3.2.0.jar:/Users/ravikashyap/.m2/raptor2/com/fasterxml/jackson/core/jackson-databind/2.15.3/jackson-databind-2.15.3.jar:/Users/ravikashyap/.m2/raptor2/com/fasterxml/jackson/core/jackson-annotations/2.15.3/jackson-annotations-2.15.3.jar:/Users/ravikashyap/.m2/raptor2/com/fasterxml/jackson/core/jackson-core/2.15.3/jackson-core-2.15.3.jar:/Users/ravikashyap/.m2/raptor2/com/fasterxml/jackson/datatype/jackson-datatype-jdk8/2.15.3/jackson-datatype-jdk8-2.15.3.jar:/Users/ravikashyap/.m2/raptor2/com/fasterxml/jackson/datatype/jackson-datatype-jsr310/2.15.3/jackson-datatype-jsr310-2.15.3.jar:/Users/ravikashyap/.m2/raptor2/com/fasterxml/jackson/module/jackson-module-parameter-names/2.15.3/jackson-module-parameter-names-2.15.3.jar:/Users/ravikashyap/.m2/raptor2/org/springframework/boot/spring-boot-starter-tomcat/3.2.0/spring-boot-starter-tomcat-3.2.0.jar:/Users/ravikashyap/.m2/raptor2/org/apache/tomcat/embed/tomcat-embed-core/10.1.16/tomcat-embed-core-10.1.16.jar:/Users/ravikashyap/.m2/raptor2/org/apache/tomcat/embed/tomcat-embed-el/10.1.16/tomcat-embed-el-10.1.16.jar:/Users/ravikashyap/.m2/raptor2/org/apache/tomcat/embed/tomcat-embed-websocket/10.1.16/tomcat-embed-websocket-10.1.16.jar:/Users/ravikashyap/.m2/raptor2/org/springframework/spring-web/6.1.1/spring-web-6.1.1.jar:/Users/ravikashyap/.m2/raptor2/org/springframework/spring-beans/6.1.1/spring-beans-6.1.1.jar:/Users/ravikashyap/.m2/raptor2/org/springframework/spring-webmvc/6.1.1/spring-webmvc-6.1.1.jar:/Users/ravikashyap/.m2/raptor2/org/springframework/spring-aop/6.1.1/spring-aop-6.1.1.jar:/Users/ravikashyap/.m2/raptor2/org/springframework/spring-expression/6.1.1/spring-expression-6.1.1.jar:/Users/ravikashyap/.m2/raptor2/org/springframework/kafka/spring-kafka/3.1.0/spring-kafka-3.1.0.jar:/Users/ravikashyap/.m2/raptor2/org/springframework/spring-context/6.1.1/spring-context-6.1.1.jar:/Users/ravikashyap/.m2/raptor2/org/springframework/spring-messaging/6.1.1/spring-messaging-6.1.1.jar:/Users/ravikashyap/.m2/raptor2/org/springframework/spring-tx/6.1.1/spring-tx-6.1.1.jar:/Users/ravikashyap/.m2/raptor2/org/springframework/retry/spring-retry/2.0.4/spring-retry-2.0.4.jar:/Users/ravikashyap/.m2/raptor2/org/apache/kafka/kafka-clients/3.6.0/kafka-clients-3.6.0.jar:/Users/ravikashyap/.m2/raptor2/com/github/luben/zstd-jni/1.5.5-1/zstd-jni-1.5.5-1.jar:/Users/ravikashyap/.m2/raptor2/org/lz4/lz4-java/1.8.0/lz4-java-1.8.0.jar:/Users/ravikashyap/.m2/raptor2/org/xerial/snappy/snappy-java/1.1.10.4/snappy-java-1.1.10.4.jar:/Users/ravikashyap/.m2/raptor2/org/slf4j/slf4j-api/2.0.9/slf4j-api-2.0.9.jar:/Users/ravikashyap/.m2/raptor2/io/micrometer/micrometer-observation/1.12.0/micrometer-observation-1.12.0.jar:/Users/ravikashyap/.m2/raptor2/io/micrometer/micrometer-commons/1.12.0/micrometer-commons-1.12.0.jar:/Users/ravikashyap/.m2/raptor2/com/google/code/findbugs/jsr305/3.0.2/jsr305-3.0.2.jar:/Users/ravikashyap/.m2/raptor2/org/springframework/boot/spring-boot-starter-test/3.2.0/spring-boot-starter-test-3.2.0.jar:/Users/ravikashyap/.m2/raptor2/org/springframework/boot/spring-boot-test/3.2.0/spring-boot-test-3.2.0.jar:/Users/ravikashyap/.m2/raptor2/org/springframework/boot/spring-boot-test-autoconfigure/3.2.0/spring-boot-test-autoconfigure-3.2.0.jar:/Users/ravikashyap/.m2/raptor2/com/jayway/jsonpath/json-path/2.8.0/json-path-2.8.0.jar:/Users/ravikashyap/.m2/raptor2/jakarta/xml/bind/jakarta.xml.bind-api/4.0.1/jakarta.xml.bind-api-4.0.1.jar:/Users/ravikashyap/.m2/raptor2/jakarta/activation/jakarta.activation-api/2.1.2/jakarta.activation-api-2.1.2.jar:/Users/ravikashyap/.m2/raptor2/net/minidev/json-smart/2.5.0/json-smart-2.5.0.jar:/Users/ravikashyap/.m2/raptor2/net/minidev/accessors-smart/2.5.0/accessors-smart-2.5.0.jar:/Users/ravikashyap/.m2/raptor2/org/ow2/asm/asm/9.3/asm-9.3.jar:/Users/ravikashyap/.m2/raptor2/org/assertj/assertj-core/3.24.2/assertj-core-3.24.2.jar:/Users/ravikashyap/.m2/raptor2/net/bytebuddy/byte-buddy/1.14.10/byte-buddy-1.14.10.jar:/Users/ravikashyap/.m2/raptor2/org/awaitility/awaitility/4.2.0/awaitility-4.2.0.jar:/Users/ravikashyap/.m2/raptor2/org/hamcrest/hamcrest/2.2/hamcrest-2.2.jar:/Users/ravikashyap/.m2/raptor2/org/junit/jupiter/junit-jupiter/5.10.1/junit-jupiter-5.10.1.jar:/Users/ravikashyap/.m2/raptor2/org/junit/jupiter/junit-jupiter-params/5.10.1/junit-jupiter-params-5.10.1.jar:/Users/ravikashyap/.m2/raptor2/org/junit/jupiter/junit-jupiter-engine/5.10.1/junit-jupiter-engine-5.10.1.jar:/Users/ravikashyap/.m2/raptor2/org/mockito/mockito-core/5.7.0/mockito-core-5.7.0.jar:/Users/ravikashyap/.m2/raptor2/net/bytebuddy/byte-buddy-agent/1.14.10/byte-buddy-agent-1.14.10.jar:/Users/ravikashyap/.m2/raptor2/org/objenesis/objenesis/3.3/objenesis-3.3.jar:/Users/ravikashyap/.m2/raptor2/org/mockito/mockito-junit-jupiter/5.7.0/mockito-junit-jupiter-5.7.0.jar:/Users/ravikashyap/.m2/raptor2/org/skyscreamer/jsonassert/1.5.1/jsonassert-1.5.1.jar:/Users/ravikashyap/.m2/raptor2/com/vaadin/external/google/android-json/0.0.20131108.vaadin1/android-json-0.0.20131108.vaadin1.jar:/Users/ravikashyap/.m2/raptor2/org/springframework/spring-core/6.1.1/spring-core-6.1.1.jar:/Users/ravikashyap/.m2/raptor2/org/springframework/spring-jcl/6.1.1/spring-jcl-6.1.1.jar:/Users/ravikashyap/.m2/raptor2/org/springframework/spring-test/6.1.1/spring-test-6.1.1.jar:/Users/ravikashyap/.m2/raptor2/org/xmlunit/xmlunit-core/2.9.1/xmlunit-core-2.9.1.jar:/Users/ravikashyap/.m2/raptor2/org/springframework/kafka/spring-kafka-test/3.1.0/spring-kafka-test-3.1.0.jar:/Users/ravikashyap/.m2/raptor2/org/apache/zookeeper/zookeeper/3.8.3/zookeeper-3.8.3.jar:/Users/ravikashyap/.m2/raptor2/org/apache/zookeeper/zookeeper-jute/3.8.3/zookeeper-jute-3.8.3.jar:/Users/ravikashyap/.m2/raptor2/org/apache/yetus/audience-annotations/0.12.0/audience-annotations-0.12.0.jar:/Users/ravikashyap/.m2/raptor2/io/netty/netty-handler/4.1.101.Final/netty-handler-4.1.101.Final.jar:/Users/ravikashyap/.m2/raptor2/io/netty/netty-common/4.1.101.Final/netty-common-4.1.101.Final.jar:/Users/ravikashyap/.m2/raptor2/io/netty/netty-resolver/4.1.101.Final/netty-resolver-4.1.101.Final.jar:/Users/ravikashyap/.m2/raptor2/io/netty/netty-buffer/4.1.101.Final/netty-buffer-4.1.101.Final.jar:/Users/ravikashyap/.m2/raptor2/io/netty/netty-transport/4.1.101.Final/netty-transport-4.1.101.Final.jar:/Users/ravikashyap/.m2/raptor2/io/netty/netty-transport-native-unix-common/4.1.101.Final/netty-transport-native-unix-common-4.1.101.Final.jar:/Users/ravikashyap/.m2/raptor2/io/netty/netty-codec/4.1.101.Final/netty-codec-4.1.101.Final.jar:/Users/ravikashyap/.m2/raptor2/io/netty/netty-transport-native-epoll/4.1.101.Final/netty-transport-native-epoll-4.1.101.Final.jar:/Users/ravikashyap/.m2/raptor2/io/netty/netty-transport-classes-epoll/4.1.101.Final/netty-transport-classes-epoll-4.1.101.Final.jar:/Users/ravikashyap/.m2/raptor2/ch/qos/logback/logback-core/1.4.11/logback-core-1.4.11.jar:/Users/ravikashyap/.m2/raptor2/ch/qos/logback/logback-classic/1.4.11/logback-classic-1.4.11.jar:/Users/ravikashyap/.m2/raptor2/commons-io/commons-io/2.11.0/commons-io-2.11.0.jar:/Users/ravikashyap/.m2/raptor2/org/apache/kafka/kafka-clients/3.6.0/kafka-clients-3.6.0-test.jar:/Users/ravikashyap/.m2/raptor2/org/apache/kafka/kafka-metadata/3.6.0/kafka-metadata-3.6.0.jar:/Users/ravikashyap/.m2/raptor2/org/apache/kafka/kafka-raft/3.6.0/kafka-raft-3.6.0.jar:/Users/ravikashyap/.m2/raptor2/com/yammer/metrics/metrics-core/2.2.0/metrics-core-2.2.0.jar:/Users/ravikashyap/.m2/raptor2/org/apache/kafka/kafka-server-common/3.6.0/kafka-server-common-3.6.0.jar:/Users/ravikashyap/.m2/raptor2/net/sf/jopt-simple/jopt-simple/5.0.4/jopt-simple-5.0.4.jar:/Users/ravikashyap/.m2/raptor2/org/pcollections/pcollections/4.0.1/pcollections-4.0.1.jar:/Users/ravikashyap/.m2/raptor2/org/apache/kafka/kafka-server-common/3.6.0/kafka-server-common-3.6.0-test.jar:/Users/ravikashyap/.m2/raptor2/org/apache/kafka/kafka-streams-test-utils/3.6.0/kafka-streams-test-utils-3.6.0.jar:/Users/ravikashyap/.m2/raptor2/org/apache/kafka/kafka-streams/3.6.0/kafka-streams-3.6.0.jar:/Users/ravikashyap/.m2/raptor2/org/rocksdb/rocksdbjni/7.9.2/rocksdbjni-7.9.2.jar:/Users/ravikashyap/.m2/raptor2/org/apache/kafka/kafka_2.13/3.6.0/kafka_2.13-3.6.0.jar:/Users/ravikashyap/.m2/raptor2/org/scala-lang/scala-library/2.13.11/scala-library-2.13.11.jar:/Users/ravikashyap/.m2/raptor2/org/apache/kafka/kafka-group-coordinator/3.6.0/kafka-group-coordinator-3.6.0.jar:/Users/ravikashyap/.m2/raptor2/org/apache/kafka/kafka-storage-api/3.6.0/kafka-storage-api-3.6.0.jar:/Users/ravikashyap/.m2/raptor2/org/apache/kafka/kafka-tools-api/3.6.0/kafka-tools-api-3.6.0.jar:/Users/ravikashyap/.m2/raptor2/org/apache/kafka/kafka-storage/3.6.0/kafka-storage-3.6.0.jar:/Users/ravikashyap/.m2/raptor2/com/github/ben-manes/caffeine/caffeine/3.1.8/caffeine-3.1.8.jar:/Users/ravikashyap/.m2/raptor2/org/checkerframework/checker-qual/3.37.0/checker-qual-3.37.0.jar:/Users/ravikashyap/.m2/raptor2/com/google/errorprone/error_prone_annotations/2.21.1/error_prone_annotations-2.21.1.jar:/Users/ravikashyap/.m2/raptor2/net/sourceforge/argparse4j/argparse4j/0.7.0/argparse4j-0.7.0.jar:/Users/ravikashyap/.m2/raptor2/commons-validator/commons-validator/1.7/commons-validator-1.7.jar:/Users/ravikashyap/.m2/raptor2/commons-beanutils/commons-beanutils/1.9.4/commons-beanutils-1.9.4.jar:/Users/ravikashyap/.m2/raptor2/commons-digester/commons-digester/2.1/commons-digester-2.1.jar:/Users/ravikashyap/.m2/raptor2/commons-collections/commons-collections/3.2.2/commons-collections-3.2.2.jar:/Users/ravikashyap/.m2/raptor2/com/fasterxml/jackson/module/jackson-module-scala_2.13/2.15.3/jackson-module-scala_2.13-2.15.3.jar:/Users/ravikashyap/.m2/raptor2/com/thoughtworks/paranamer/paranamer/2.8/paranamer-2.8.jar:/Users/ravikashyap/.m2/raptor2/com/fasterxml/jackson/dataformat/jackson-dataformat-csv/2.15.3/jackson-dataformat-csv-2.15.3.jar:/Users/ravikashyap/.m2/raptor2/org/bitbucket/b_c/jose4j/0.9.3/jose4j-0.9.3.jar:/Users/ravikashyap/.m2/raptor2/org/scala-lang/modules/scala-collection-compat_2.13/2.10.0/scala-collection-compat_2.13-2.10.0.jar:/Users/ravikashyap/.m2/raptor2/org/scala-lang/modules/scala-java8-compat_2.13/1.0.2/scala-java8-compat_2.13-1.0.2.jar:/Users/ravikashyap/.m2/raptor2/org/scala-lang/scala-reflect/2.13.11/scala-reflect-2.13.11.jar:/Users/ravikashyap/.m2/raptor2/com/typesafe/scala-logging/scala-logging_2.13/3.9.4/scala-logging_2.13-3.9.4.jar:/Users/ravikashyap/.m2/raptor2/io/dropwizard/metrics/metrics-core/4.2.22/metrics-core-4.2.22.jar:/Users/ravikashyap/.m2/raptor2/commons-cli/commons-cli/1.4/commons-cli-1.4.jar:/Users/ravikashyap/.m2/raptor2/org/apache/kafka/kafka_2.13/3.6.0/kafka_2.13-3.6.0-test.jar:/Users/ravikashyap/.m2/raptor2/org/junit/jupiter/junit-jupiter-api/5.10.1/junit-jupiter-api-5.10.1.jar:/Users/ravikashyap/.m2/raptor2/org/opentest4j/opentest4j/1.3.0/opentest4j-1.3.0.jar:/Users/ravikashyap/.m2/raptor2/org/junit/platform/junit-platform-commons/1.10.1/junit-platform-commons-1.10.1.jar:/Users/ravikashyap/.m2/raptor2/org/apiguardian/apiguardian-api/1.1.2/apiguardian-api-1.1.2.jar:/Users/ravikashyap/.m2/raptor2/org/junit/platform/junit-platform-launcher/1.10.1/junit-platform-launcher-1.10.1.jar:/Users/ravikashyap/.m2/raptor2/org/junit/platform/junit-platform-engine/1.10.1/junit-platform-engine-1.10.1.jar:"/>
    <property name="test" value="KafkaApplicationTest"/>
    <property name="sun.cpu.endian" value="little"/>
    <property name="user.home" value="/Users/ravikashyap"/>
    <property name="user.language" value="en"/>
    <property name="java.specification.vendor" value="Oracle Corporation"/>
    <property name="spring.embedded.kafka.brokers" value="localhost:63600"/>
    <property name="java.version.date" value="2023-07-18"/>
    <property name="java.home" value="/Library/Java/JavaVirtualMachines/JDK-17.0.8_zulu_v2/Contents/Home"/>
    <property name="file.separator" value="/"/>
    <property name="basedir" value="/Users/ravikashyap/kafka-spring-boot-app"/>
    <property name="java.vm.compressedOopsMode" value="Zero based"/>
    <property name="line.separator" value="&#10;"/>
    <property name="java.specification.name" value="Java Platform API Specification"/>
    <property name="java.vm.specification.vendor" value="Oracle Corporation"/>
    <property name="FILE_LOG_CHARSET" value="UTF-8"/>
    <property name="java.awt.headless" value="true"/>
    <property name="surefire.real.class.path" value="/Users/ravikashyap/kafka-spring-boot-app/target/surefire/surefirebooter-20250827211206479_3.jar"/>
    <property name="sun.management.compiler" value="HotSpot 64-Bit Tiered Compilers"/>
    <property name="java.runtime.version" value="17.0.8+7-LTS"/>
    <property name="user.name" value="ravikashyap"/>
    <property name="path.separator" value=":"/>
    <property name="os.version" value="15.6"/>
    <property name="java.runtime.name" value="OpenJDK Runtime Environment"/>
    <property name="file.encoding" value="UTF-8"/>
    <property name="java.vm.name" value="OpenJDK 64-Bit Server VM"/>
    <property name="java.vendor.version" value="Zulu17.44+16-SA"/>
    <property name="localRepository" value="/Users/ravikashyap/.m2/raptor2"/>
    <property name="java.vendor.url.bug" value="http://www.azul.com/support/"/>
    <property name="java.io.tmpdir" value="/var/folders/br/mtzz913n1n9cg4xf5vkksggc0000gp/T/"/>
    <property name="catalina.home" value="/private/var/folders/br/mtzz913n1n9cg4xf5vkksggc0000gp/T/tomcat.0.3246059806635863520"/>
    <property name="java.version" value="17.0.8"/>
    <property name="spring.kafka.bootstrap-servers" value="localhost:63600"/>
    <property name="user.dir" value="/Users/ravikashyap/kafka-spring-boot-app"/>
    <property name="os.arch" value="aarch64"/>
    <property name="java.vm.specification.name" value="Java Virtual Machine Specification"/>
    <property name="PID" value="80076"/>
    <property name="CONSOLE_LOG_CHARSET" value="UTF-8"/>
    <property name="catalina.base" value="/private/var/folders/br/mtzz913n1n9cg4xf5vkksggc0000gp/T/tomcat.0.3246059806635863520"/>
    <property name="native.encoding" value="UTF-8"/>
    <property name="java.library.path" value="/Users/ravikashyap/Library/Java/Extensions:/Library/Java/Extensions:/Network/Library/Java/Extensions:/System/Library/Java/Extensions:/usr/lib/java:."/>
    <property name="java.vm.info" value="mixed mode, sharing"/>
    <property name="java.vendor" value="Azul Systems, Inc."/>
    <property name="java.vm.version" value="17.0.8+7-LTS"/>
    <property name="sun.io.unicode.encoding" value="UnicodeBig"/>
    <property name="java.class.version" value="61.0"/>
  </properties>
  <testcase name="testSendMessageWithKeyViaRestApi" classname="com.example.kafka.KafkaApplicationTest" time="0.418">
    <system-out><![CDATA[21:12:06.771 [main] INFO org.springframework.test.context.support.AnnotationConfigContextLoaderUtils -- Could not detect default configuration classes for test class [com.example.kafka.KafkaApplicationTest]: KafkaApplicationTest does not declare any static, non-private, non-final, nested classes annotated with @Configuration.
21:12:06.801 [main] INFO org.springframework.boot.test.context.SpringBootTestContextBootstrapper -- Found @SpringBootConfiguration com.example.kafka.KafkaSpringBootAppApplication for test class com.example.kafka.KafkaApplicationTest

  .   ____          _            __ _ _
 /\\ / ___'_ __ _ _(_)_ __  __ _ \ \ \ \
( ( )\___ | '_ | '_| | '_ \/ _` | \ \ \ \
 \\/  ___)| |_)| | | | | || (_| |  ) ) ) )
  '  |____| .__|_| |_|_| |_\__, | / / / /
 =========|_|==============|___/=/_/_/_/
 :: Spring Boot ::                (v3.2.0)

2025-08-27T21:12:07.042+05:30  INFO 80076 --- [           main] k.utils.Log4jControllerRegistration$     : Registered kafka:type=kafka.Log4jController MBean
2025-08-27T21:12:07.051+05:30  INFO 80076 --- [           main] org.apache.zookeeper.common.X509Util     : Setting -D jdk.tls.rejectClientInitiatedRenegotiation=true to disable client-initiated TLS renegotiation
2025-08-27T21:12:07.103+05:30  INFO 80076 --- [-kit-executor-1] kafka.server.ControllerServer            : Formatting /var/folders/br/mtzz913n1n9cg4xf5vkksggc0000gp/T/kafka-13218852354303402366/controller_0 with metadata.version 3.3-IV0.
2025-08-27T21:12:07.104+05:30  INFO 80076 --- [-kit-executor-3] kafka.server.BrokerServer                : [BrokerServer id=0] Transition from SHUTDOWN to STARTING
2025-08-27T21:12:07.104+05:30  INFO 80076 --- [-kit-executor-2] kafka.server.ControllerServer            : [ControllerServer id=0] Starting controller
2025-08-27T21:12:07.104+05:30  INFO 80076 --- [-kit-executor-3] kafka.server.SharedServer                : [SharedServer id=0] Starting SharedServer
2025-08-27T21:12:07.111+05:30  INFO 80076 --- [-kit-executor-2] o.a.k.s.network.EndpointReadyFutures     : authorizerStart completed for endpoint CONTROLLER. Endpoint is now READY.
2025-08-27T21:12:07.138+05:30  INFO 80076 --- [-kit-executor-3] kafka.log.UnifiedLog$                    : [LogLoader partition=__cluster_metadata-0, dir=/var/folders/br/mtzz913n1n9cg4xf5vkksggc0000gp/T/kafka-13218852354303402366/controller_0] Loading producer state till offset 0 with message format version 2
2025-08-27T21:12:07.139+05:30  INFO 80076 --- [-kit-executor-3] kafka.log.UnifiedLog$                    : [LogLoader partition=__cluster_metadata-0, dir=/var/folders/br/mtzz913n1n9cg4xf5vkksggc0000gp/T/kafka-13218852354303402366/controller_0] Reloading from producer snapshot and rebuilding producer state from offset 0
2025-08-27T21:12:07.139+05:30  INFO 80076 --- [-kit-executor-3] kafka.log.UnifiedLog$                    : [LogLoader partition=__cluster_metadata-0, dir=/var/folders/br/mtzz913n1n9cg4xf5vkksggc0000gp/T/kafka-13218852354303402366/controller_0] Producer state recovery took 0ms for snapshot load and 0ms for segment recovery from offset 0
2025-08-27T21:12:07.153+05:30  INFO 80076 --- [-kit-executor-3] kafka.raft.KafkaMetadataLog$             : Initialized snapshots with IDs SortedSet() from /var/folders/br/mtzz913n1n9cg4xf5vkksggc0000gp/T/kafka-13218852354303402366/controller_0/__cluster_metadata-0
2025-08-27T21:12:07.168+05:30  INFO 80076 --- [piration-reaper] ExpirationService$ExpiredOperationReaper : [raft-expiration-reaper]: Starting
2025-08-27T21:12:07.184+05:30  INFO 80076 --- [-kit-executor-3] org.apache.kafka.raft.QuorumState        : [RaftManager id=0] Completed transition to Unattached(epoch=0, voters=[0], electionTimeoutMs=1307) from null
2025-08-27T21:12:07.189+05:30  INFO 80076 --- [-kit-executor-3] org.apache.kafka.raft.QuorumState        : [RaftManager id=0] Completed transition to CandidateState(localId=0, epoch=1, retries=1, voteStates={0=GRANTED}, highWatermark=Optional.empty, electionTimeoutMs=1185) from Unattached(epoch=0, voters=[0], electionTimeoutMs=1307)
2025-08-27T21:12:07.192+05:30  INFO 80076 --- [-kit-executor-3] org.apache.kafka.raft.QuorumState        : [RaftManager id=0] Completed transition to Leader(localId=0, epoch=1, epochStartOffset=0, highWatermark=Optional.empty, voterStates={0=ReplicaState(nodeId=0, endOffset=Optional.empty, lastFetchTimestamp=-1, lastCaughtUpTimestamp=-1, hasAcknowledgedLeader=true)}) from CandidateState(localId=0, epoch=1, retries=1, voteStates={0=GRANTED}, highWatermark=Optional.empty, electionTimeoutMs=1185)
2025-08-27T21:12:07.212+05:30  INFO 80076 --- [-kit-executor-2] kafka.network.ConnectionQuotas           : Updated connection-accept-rate max connection creation rate to 2147483647
2025-08-27T21:12:07.218+05:30  INFO 80076 --- [-kit-executor-2] kafka.network.DataPlaneAcceptor          : Awaiting socket connections on localhost:63598.
2025-08-27T21:12:07.219+05:30  INFO 80076 --- [-kit-executor-2] kafka.network.DataPlaneAcceptor          : Opened wildcard endpoint localhost:63598
2025-08-27T21:12:07.224+05:30  INFO 80076 --- [-kit-executor-2] kafka.network.SocketServer               : [SocketServer listenerType=CONTROLLER, nodeId=0] Created data-plane acceptor and processors for endpoint : ListenerName(CONTROLLER)
2025-08-27T21:12:07.225+05:30  INFO 80076 --- [-request-thread] kafka.raft.RaftSendThread                : [kafka-0-raft-outbound-request-thread]: Starting
2025-08-27T21:12:07.225+05:30  INFO 80076 --- [-raft-io-thread] k.raft.KafkaRaftManager$RaftIoThread     : [kafka-0-raft-io-thread]: Starting
2025-08-27T21:12:07.230+05:30  INFO 80076 --- [-raft-io-thread] org.apache.kafka.raft.LeaderState        : [RaftManager id=0] High watermark set to LogOffsetMetadata(offset=1, metadata=Optional[(segmentBaseOffset=0,relativePositionInSegment=91)]) for the first time for epoch 1 based on indexOfHw 0 and voters [ReplicaState(nodeId=0, endOffset=Optional[LogOffsetMetadata(offset=1, metadata=Optional[(segmentBaseOffset=0,relativePositionInSegment=91)])], lastFetchTimestamp=-1, lastCaughtUpTimestamp=-1, hasAcknowledgedLeader=true)]
2025-08-27T21:12:07.232+05:30  INFO 80076 --- [r-event-handler] o.a.kafka.image.loader.MetadataLoader    : [MetadataLoader id=0] initializeNewPublishers: The loader is still catching up because we have loaded up to offset -1, but the high water mark is 1
2025-08-27T21:12:07.232+05:30  INFO 80076 --- [-kit-executor-3] kafka.server.BrokerServer                : [BrokerServer id=0] Starting broker
2025-08-27T21:12:07.232+05:30  INFO 80076 --- [-kit-executor-2] kafka.server.ControllerServer            : [ControllerServer id=0] Waiting for controller quorum voters future
2025-08-27T21:12:07.232+05:30  INFO 80076 --- [-kit-executor-2] kafka.server.ControllerServer            : [ControllerServer id=0] Finished waiting for controller quorum voters future
2025-08-27T21:12:07.238+05:30  INFO 80076 --- [-raft-io-thread] org.apache.kafka.raft.KafkaRaftClient    : [RaftManager id=0] Registered the listener org.apache.kafka.image.loader.MetadataLoader@1164003669
2025-08-27T21:12:07.238+05:30  INFO 80076 --- [nelReaper-Fetch] lientQuotaManager$ThrottledChannelReaper : [broker-0-ThrottledChannelReaper-Fetch]: Starting
2025-08-27T21:12:07.239+05:30  INFO 80076 --- [lReaper-Produce] lientQuotaManager$ThrottledChannelReaper : [broker-0-ThrottledChannelReaper-Produce]: Starting
2025-08-27T21:12:07.239+05:30  INFO 80076 --- [lReaper-Request] lientQuotaManager$ThrottledChannelReaper : [broker-0-ThrottledChannelReaper-Request]: Starting
2025-08-27T21:12:07.240+05:30  INFO 80076 --- [trollerMutation] lientQuotaManager$ThrottledChannelReaper : [broker-0-ThrottledChannelReaper-ControllerMutation]: Starting
2025-08-27T21:12:07.243+05:30  INFO 80076 --- [r-event-handler] o.a.kafka.image.loader.MetadataLoader    : [MetadataLoader id=0] maybePublishMetadata(LOG_DELTA): The loader is still catching up because we have not loaded a controller record as of offset 0 and high water mark is 1
2025-08-27T21:12:07.244+05:30  INFO 80076 --- [-kit-executor-2] o.a.kafka.controller.QuorumController    : [QuorumController id=0] Creating new QuorumController with clusterId Q7ZDtguRRHGUgE1L9CUIHA.
2025-08-27T21:12:07.244+05:30  INFO 80076 --- [-raft-io-thread] org.apache.kafka.raft.KafkaRaftClient    : [RaftManager id=0] Registered the listener org.apache.kafka.controller.QuorumController$QuorumMetaLogListener@371633019
2025-08-27T21:12:07.244+05:30  INFO 80076 --- [lReaper-Produce] lientQuotaManager$ThrottledChannelReaper : [controller-0-ThrottledChannelReaper-Produce]: Starting
2025-08-27T21:12:07.244+05:30  INFO 80076 --- [nelReaper-Fetch] lientQuotaManager$ThrottledChannelReaper : [controller-0-ThrottledChannelReaper-Fetch]: Starting
2025-08-27T21:12:07.244+05:30  INFO 80076 --- [lReaper-Request] lientQuotaManager$ThrottledChannelReaper : [controller-0-ThrottledChannelReaper-Request]: Starting
2025-08-27T21:12:07.245+05:30  INFO 80076 --- [trollerMutation] lientQuotaManager$ThrottledChannelReaper : [controller-0-ThrottledChannelReaper-ControllerMutation]: Starting
2025-08-27T21:12:07.245+05:30  INFO 80076 --- [-kit-executor-3] kafka.log.LogManager                     : Log directory /var/folders/br/mtzz913n1n9cg4xf5vkksggc0000gp/T/kafka-13218852354303402366/broker_0_data0 not found, creating it.
2025-08-27T21:12:07.245+05:30  INFO 80076 --- [0-event-handler] o.a.kafka.controller.QuorumController    : [QuorumController id=0] Becoming the active controller at epoch 1, next write offset 1.
2025-08-27T21:12:07.247+05:30  WARN 80076 --- [0-event-handler] o.a.kafka.controller.QuorumController    : [QuorumController id=0] Performing controller activation. The metadata log appears to be empty. Appending 1 bootstrap record(s) in metadata transaction at metadata.version 3.6-IV2 from bootstrap source 'testkit'. Setting the ZK migration state to NONE since this is a de-novo KRaft cluster.
2025-08-27T21:12:07.248+05:30  INFO 80076 --- [0-event-handler] o.a.k.controller.OffsetControlManager    : [QuorumController id=0] Replayed BeginTransactionRecord(name='Bootstrap records') at offset 1.
2025-08-27T21:12:07.248+05:30  INFO 80076 --- [0-event-handler] o.a.k.controller.FeatureControlManager   : [QuorumController id=0] Replayed a FeatureLevelRecord setting metadata version to 3.6-IV2
2025-08-27T21:12:07.248+05:30  INFO 80076 --- [0-event-handler] o.a.k.controller.OffsetControlManager    : [QuorumController id=0] Replayed EndTransactionRecord() at offset 4.
2025-08-27T21:12:07.249+05:30  INFO 80076 --- [per-0-AlterAcls] perationPurgatory$ExpiredOperationReaper : [ExpirationReaper-0-AlterAcls]: Starting
2025-08-27T21:12:07.250+05:30  INFO 80076 --- [-kit-executor-3] kafka.server.BrokerServer                : [BrokerServer id=0] Waiting for controller quorum voters future
2025-08-27T21:12:07.250+05:30  INFO 80076 --- [-kit-executor-3] kafka.server.BrokerServer                : [BrokerServer id=0] Finished waiting for controller quorum voters future
2025-08-27T21:12:07.252+05:30  INFO 80076 --- [channel-manager] k.s.BrokerToControllerRequestThread      : [broker-0-to-controller-forwarding-channel-manager]: Starting
2025-08-27T21:12:07.252+05:30  INFO 80076 --- [-kit-executor-2] kafka.server.ControllerServer            : [ControllerServer id=0] Waiting for the controller metadata publishers to be installed
2025-08-27T21:12:07.252+05:30  INFO 80076 --- [-kit-executor-2] kafka.server.ControllerServer            : [ControllerServer id=0] Finished waiting for the controller metadata publishers to be installed
2025-08-27T21:12:07.252+05:30  INFO 80076 --- [channel-manager] k.s.BrokerToControllerRequestThread      : [broker-0-to-controller-forwarding-channel-manager]: Recorded new controller, from now on will use node localhost:63598 (id: 0 rack: null)
2025-08-27T21:12:07.252+05:30  INFO 80076 --- [r-event-handler] o.a.kafka.image.loader.MetadataLoader    : [MetadataLoader id=0] initializeNewPublishers: The loader finished catching up to the current high water mark of 1
2025-08-27T21:12:07.252+05:30  INFO 80076 --- [-kit-executor-2] kafka.network.SocketServer               : [SocketServer listenerType=CONTROLLER, nodeId=0] Enabling request processing.
2025-08-27T21:12:07.254+05:30  INFO 80076 --- [r-event-handler] o.a.kafka.image.loader.MetadataLoader    : [MetadataLoader id=0] InitializeNewPublishers: initializing SnapshotGenerator with a snapshot at offset 0
2025-08-27T21:12:07.255+05:30  INFO 80076 --- [r-event-handler] o.a.kafka.image.loader.MetadataLoader    : [MetadataLoader id=0] InitializeNewPublishers: initializing FeaturesPublisher with a snapshot at offset 0
2025-08-27T21:12:07.255+05:30  INFO 80076 --- [r-event-handler] o.a.kafka.image.loader.MetadataLoader    : [MetadataLoader id=0] InitializeNewPublishers: initializing DynamicConfigPublisher controller id=0 with a snapshot at offset 0
2025-08-27T21:12:07.255+05:30  INFO 80076 --- [-kit-executor-2] kafka.server.ControllerServer            : [ControllerServer id=0] Waiting for all of the authorizer futures to be completed
2025-08-27T21:12:07.255+05:30  INFO 80076 --- [-kit-executor-2] kafka.server.ControllerServer            : [ControllerServer id=0] Finished waiting for all of the authorizer futures to be completed
2025-08-27T21:12:07.255+05:30  INFO 80076 --- [-kit-executor-2] kafka.server.ControllerServer            : [ControllerServer id=0] Waiting for all of the SocketServer Acceptors to be started
2025-08-27T21:12:07.255+05:30  INFO 80076 --- [-kit-executor-2] kafka.server.ControllerServer            : [ControllerServer id=0] Finished waiting for all of the SocketServer Acceptors to be started
2025-08-27T21:12:07.255+05:30  INFO 80076 --- [r-event-handler] o.a.kafka.image.loader.MetadataLoader    : [MetadataLoader id=0] InitializeNewPublishers: initializing DynamicClientQuotaPublisher controller id=0 with a snapshot at offset 0
2025-08-27T21:12:07.255+05:30  INFO 80076 --- [r-event-handler] o.a.kafka.image.loader.MetadataLoader    : [MetadataLoader id=0] InitializeNewPublishers: initializing ScramPublisher controller id=0 with a snapshot at offset 0
2025-08-27T21:12:07.255+05:30  INFO 80076 --- [r-event-handler] o.a.kafka.image.loader.MetadataLoader    : [MetadataLoader id=0] InitializeNewPublishers: initializing DelegationTokenPublisher controller id=0 with a snapshot at offset 0
2025-08-27T21:12:07.256+05:30  INFO 80076 --- [r-event-handler] o.a.kafka.image.loader.MetadataLoader    : [MetadataLoader id=0] InitializeNewPublishers: initializing ControllerMetadataMetricsPublisher with a snapshot at offset 0
2025-08-27T21:12:07.256+05:30  INFO 80076 --- [r-event-handler] o.a.kafka.image.loader.MetadataLoader    : [MetadataLoader id=0] InitializeNewPublishers: initializing AclPublisher controller id=0 with a snapshot at offset 0
2025-08-27T21:12:07.262+05:30  INFO 80076 --- [-kit-executor-3] kafka.network.ConnectionQuotas           : Updated connection-accept-rate max connection creation rate to 2147483647
2025-08-27T21:12:07.262+05:30  INFO 80076 --- [-kit-executor-3] kafka.network.DataPlaneAcceptor          : Awaiting socket connections on localhost:63600.
2025-08-27T21:12:07.262+05:30  INFO 80076 --- [-kit-executor-3] kafka.network.DataPlaneAcceptor          : Opened wildcard endpoint localhost:63600
2025-08-27T21:12:07.263+05:30  INFO 80076 --- [-kit-executor-3] kafka.network.SocketServer               : [SocketServer listenerType=BROKER, nodeId=0] Created data-plane acceptor and processors for endpoint : ListenerName(EXTERNAL)
2025-08-27T21:12:07.264+05:30  INFO 80076 --- [channel-manager] k.s.BrokerToControllerRequestThread      : [broker-0-to-controller-alter-partition-channel-manager]: Starting
2025-08-27T21:12:07.265+05:30  INFO 80076 --- [channel-manager] k.s.BrokerToControllerRequestThread      : [broker-0-to-controller-alter-partition-channel-manager]: Recorded new controller, from now on will use node localhost:63598 (id: 0 rack: null)
2025-08-27T21:12:07.271+05:30  INFO 80076 --- [eaper-0-Produce] perationPurgatory$ExpiredOperationReaper : [ExpirationReaper-0-Produce]: Starting
2025-08-27T21:12:07.271+05:30  INFO 80076 --- [nReaper-0-Fetch] perationPurgatory$ExpiredOperationReaper : [ExpirationReaper-0-Fetch]: Starting
2025-08-27T21:12:07.272+05:30  INFO 80076 --- [0-DeleteRecords] perationPurgatory$ExpiredOperationReaper : [ExpirationReaper-0-DeleteRecords]: Starting
2025-08-27T21:12:07.272+05:30  INFO 80076 --- [r-0-ElectLeader] perationPurgatory$ExpiredOperationReaper : [ExpirationReaper-0-ElectLeader]: Starting
2025-08-27T21:12:07.272+05:30  INFO 80076 --- [r-0-RemoteFetch] perationPurgatory$ExpiredOperationReaper : [ExpirationReaper-0-RemoteFetch]: Starting
2025-08-27T21:12:07.278+05:30  INFO 80076 --- [per-0-Heartbeat] perationPurgatory$ExpiredOperationReaper : [ExpirationReaper-0-Heartbeat]: Starting
2025-08-27T21:12:07.278+05:30  INFO 80076 --- [per-0-Rebalance] perationPurgatory$ExpiredOperationReaper : [ExpirationReaper-0-Rebalance]: Starting
2025-08-27T21:12:07.289+05:30  INFO 80076 --- [channel-manager] k.s.BrokerToControllerRequestThread      : [broker-0-to-controller-heartbeat-channel-manager]: Starting
2025-08-27T21:12:07.289+05:30  INFO 80076 --- [channel-manager] k.s.BrokerToControllerRequestThread      : [broker-0-to-controller-heartbeat-channel-manager]: Recorded new controller, from now on will use node localhost:63598 (id: 0 rack: null)
2025-08-27T21:12:07.292+05:30  INFO 80076 --- [r-event-handler] kafka.server.BrokerLifecycleManager      : [BrokerLifecycleManager id=0] Incarnation myDMLTp3SPSnorxveSWOmg of broker 0 in cluster Q7ZDtguRRHGUgE1L9CUIHA is now STARTING.
2025-08-27T21:12:07.298+05:30  INFO 80076 --- [per-0-AlterAcls] perationPurgatory$ExpiredOperationReaper : [ExpirationReaper-0-AlterAcls]: Starting
2025-08-27T21:12:07.305+05:30  INFO 80076 --- [-kit-executor-3] kafka.server.BrokerServer                : [BrokerServer id=0] Waiting for the broker metadata publishers to be installed
2025-08-27T21:12:07.305+05:30  INFO 80076 --- [-kit-executor-3] kafka.server.BrokerServer                : [BrokerServer id=0] Finished waiting for the broker metadata publishers to be installed
2025-08-27T21:12:07.305+05:30  INFO 80076 --- [-kit-executor-3] kafka.server.BrokerServer                : [BrokerServer id=0] Waiting for the controller to acknowledge that we are caught up
2025-08-27T21:12:07.305+05:30  INFO 80076 --- [r-event-handler] o.a.kafka.image.loader.MetadataLoader    : [MetadataLoader id=0] InitializeNewPublishers: initializing BrokerMetadataPublisher with a snapshot at offset 4
2025-08-27T21:12:07.306+05:30  INFO 80076 --- [r-event-handler] k.s.metadata.BrokerMetadataPublisher     : [BrokerMetadataPublisher id=0] Publishing initial metadata at offset OffsetAndEpoch(offset=4, epoch=1) with metadata.version 3.6-IV2.
2025-08-27T21:12:07.306+05:30  INFO 80076 --- [r-event-handler] kafka.log.LogManager                     : Loading logs from log dirs ArraySeq(/var/folders/br/mtzz913n1n9cg4xf5vkksggc0000gp/T/kafka-13218852354303402366/broker_0_data0)
2025-08-27T21:12:07.308+05:30  INFO 80076 --- [r-event-handler] kafka.log.LogManager                     : No logs found to be loaded in /var/folders/br/mtzz913n1n9cg4xf5vkksggc0000gp/T/kafka-13218852354303402366/broker_0_data0
2025-08-27T21:12:07.310+05:30  INFO 80076 --- [r-event-handler] kafka.log.LogManager                     : Loaded 0 logs in 4ms
2025-08-27T21:12:07.310+05:30  INFO 80076 --- [r-event-handler] kafka.log.LogManager                     : Starting log cleanup with a period of 300000 ms.
2025-08-27T21:12:07.310+05:30  INFO 80076 --- [r-event-handler] kafka.log.LogManager                     : Starting log flusher with a default period of 9223372036854775807 ms.
2025-08-27T21:12:07.314+05:30  INFO 80076 --- [0-event-handler] o.a.k.controller.ClusterControlManager   : [QuorumController id=0] Replayed initial RegisterBrokerRecord for broker 0: RegisterBrokerRecord(brokerId=0, isMigratingZkBroker=false, incarnationId=myDMLTp3SPSnorxveSWOmg, brokerEpoch=5, endPoints=[BrokerEndpoint(name='EXTERNAL', host='localhost', port=63600, securityProtocol=0)], features=[BrokerFeature(name='metadata.version', minSupportedVersion=1, maxSupportedVersion=14)], rack=null, fenced=true, inControlledShutdown=false)
2025-08-27T21:12:07.316+05:30  INFO 80076 --- [r-event-handler] kafka.log.LogCleaner                     : Starting the log cleaner
2025-08-27T21:12:07.318+05:30  INFO 80076 --- [leaner-thread-0] kafka.log.LogCleaner$CleanerThread       : [kafka-log-cleaner-thread-0]: Starting
2025-08-27T21:12:07.319+05:30  INFO 80076 --- [rFailureHandler] k.s.ReplicaManager$LogDirFailureHandler  : [LogDirFailureHandler]: Starting
2025-08-27T21:12:07.320+05:30  INFO 80076 --- [nSenderThread-0] kafka.server.AddPartitionsToTxnManager   : [AddPartitionsToTxnSenderThread-0]: Starting
2025-08-27T21:12:07.320+05:30  INFO 80076 --- [r-event-handler] k.coordinator.group.GroupCoordinator     : [GroupCoordinator 0]: Starting up.
2025-08-27T21:12:07.321+05:30  INFO 80076 --- [r-event-handler] k.coordinator.group.GroupCoordinator     : [GroupCoordinator 0]: Startup complete.
2025-08-27T21:12:07.321+05:30  INFO 80076 --- [r-event-handler] k.c.transaction.TransactionCoordinator   : [TransactionCoordinator id=0] Starting up.
2025-08-27T21:12:07.321+05:30  INFO 80076 --- [rSenderThread-0] k.c.t.TransactionMarkerChannelManager    : [TxnMarkerSenderThread-0]: Starting
2025-08-27T21:12:07.321+05:30  INFO 80076 --- [r-event-handler] k.c.transaction.TransactionCoordinator   : [TransactionCoordinator id=0] Startup complete.
2025-08-27T21:12:07.322+05:30  INFO 80076 --- [r-event-handler] k.s.metadata.BrokerMetadataPublisher     : [BrokerMetadataPublisher id=0] Updating metadata.version to 14 at offset OffsetAndEpoch(offset=4, epoch=1).
2025-08-27T21:12:07.346+05:30  INFO 80076 --- [channel-manager] kafka.server.BrokerLifecycleManager      : [BrokerLifecycleManager id=0] Successfully registered broker 0 with broker epoch 5
2025-08-27T21:12:07.348+05:30  INFO 80076 --- [channel-manager] kafka.server.BrokerLifecycleManager      : [BrokerLifecycleManager id=0] The broker has caught up. Transitioning from STARTING to RECOVERY.
2025-08-27T21:12:07.348+05:30  INFO 80076 --- [-kit-executor-3] kafka.server.BrokerServer                : [BrokerServer id=0] Finished waiting for the controller to acknowledge that we are caught up
2025-08-27T21:12:07.348+05:30  INFO 80076 --- [-kit-executor-3] kafka.server.BrokerServer                : [BrokerServer id=0] Waiting for the initial broker metadata update to be published
2025-08-27T21:12:07.348+05:30  INFO 80076 --- [-kit-executor-3] kafka.server.BrokerServer                : [BrokerServer id=0] Finished waiting for the initial broker metadata update to be published
2025-08-27T21:12:07.348+05:30  INFO 80076 --- [-kit-executor-3] kafka.server.KafkaConfig                 : KafkaConfig values: 
	advertised.listeners = null
	alter.config.policy.class.name = null
	alter.log.dirs.replication.quota.window.num = 11
	alter.log.dirs.replication.quota.window.size.seconds = 1
	authorizer.class.name = 
	auto.create.topics.enable = true
	auto.include.jmx.reporter = true
	auto.leader.rebalance.enable = true
	background.threads = 10
	broker.heartbeat.interval.ms = 2000
	broker.id = 0
	broker.id.generation.enable = true
	broker.rack = null
	broker.session.timeout.ms = 9000
	client.quota.callback.class = null
	compression.type = producer
	connection.failed.authentication.delay.ms = 100
	connections.max.idle.ms = 600000
	connections.max.reauth.ms = 0
	control.plane.listener.name = null
	controlled.shutdown.enable = true
	controlled.shutdown.max.retries = 3
	controlled.shutdown.retry.backoff.ms = 5000
	controller.listener.names = CONTROLLER
	controller.quorum.append.linger.ms = 25
	controller.quorum.election.backoff.max.ms = 1000
	controller.quorum.election.timeout.ms = 1000
	controller.quorum.fetch.timeout.ms = 2000
	controller.quorum.request.timeout.ms = 2000
	controller.quorum.retry.backoff.ms = 20
	controller.quorum.voters = [0@0.0.0.0:0]
	controller.quota.window.num = 11
	controller.quota.window.size.seconds = 1
	controller.socket.timeout.ms = 30000
	create.topic.policy.class.name = null
	default.replication.factor = 1
	delegation.token.expiry.check.interval.ms = 3600000
	delegation.token.expiry.time.ms = 86400000
	delegation.token.master.key = null
	delegation.token.max.lifetime.ms = 604800000
	delegation.token.secret.key = null
	delete.records.purgatory.purge.interval.requests = 1
	delete.topic.enable = true
	early.start.listeners = null
	fetch.max.bytes = 57671680
	fetch.purgatory.purge.interval.requests = 1000
	group.consumer.assignors = [org.apache.kafka.coordinator.group.assignor.RangeAssignor]
	group.consumer.heartbeat.interval.ms = 5000
	group.consumer.max.heartbeat.interval.ms = 15000
	group.consumer.max.session.timeout.ms = 60000
	group.consumer.max.size = 2147483647
	group.consumer.min.heartbeat.interval.ms = 5000
	group.consumer.min.session.timeout.ms = 45000
	group.consumer.session.timeout.ms = 45000
	group.coordinator.new.enable = false
	group.coordinator.threads = 1
	group.initial.rebalance.delay.ms = 0
	group.max.session.timeout.ms = 1800000
	group.max.size = 2147483647
	group.min.session.timeout.ms = 6000
	initial.broker.registration.timeout.ms = 60000
	inter.broker.listener.name = EXTERNAL
	inter.broker.protocol.version = 3.6-IV2
	kafka.metrics.polling.interval.secs = 10
	kafka.metrics.reporters = []
	leader.imbalance.check.interval.seconds = 300
	leader.imbalance.per.broker.percentage = 10
	listener.security.protocol.map = EXTERNAL:PLAINTEXT,CONTROLLER:PLAINTEXT
	listeners = EXTERNAL://localhost:0,CONTROLLER://localhost:0
	log.cleaner.backoff.ms = 15000
	log.cleaner.dedupe.buffer.size = 2097152
	log.cleaner.delete.retention.ms = 86400000
	log.cleaner.enable = true
	log.cleaner.io.buffer.load.factor = 0.9
	log.cleaner.io.buffer.size = 524288
	log.cleaner.io.max.bytes.per.second = 1.7976931348623157E308
	log.cleaner.max.compaction.lag.ms = 9223372036854775807
	log.cleaner.min.cleanable.ratio = 0.5
	log.cleaner.min.compaction.lag.ms = 0
	log.cleaner.threads = 1
	log.cleanup.policy = [delete]
	log.dir = /tmp/kafka-logs
	log.dirs = /var/folders/br/mtzz913n1n9cg4xf5vkksggc0000gp/T/kafka-13218852354303402366/broker_0_data0
	log.flush.interval.messages = 9223372036854775807
	log.flush.interval.ms = null
	log.flush.offset.checkpoint.interval.ms = 60000
	log.flush.scheduler.interval.ms = 9223372036854775807
	log.flush.start.offset.checkpoint.interval.ms = 60000
	log.index.interval.bytes = 4096
	log.index.size.max.bytes = 10485760
	log.local.retention.bytes = -2
	log.local.retention.ms = -2
	log.message.downconversion.enable = true
	log.message.format.version = 3.0-IV1
	log.message.timestamp.after.max.ms = 9223372036854775807
	log.message.timestamp.before.max.ms = 9223372036854775807
	log.message.timestamp.difference.max.ms = 9223372036854775807
	log.message.timestamp.type = CreateTime
	log.preallocate = false
	log.retention.bytes = -1
	log.retention.check.interval.ms = 300000
	log.retention.hours = 168
	log.retention.minutes = null
	log.retention.ms = null
	log.roll.hours = 168
	log.roll.jitter.hours = 0
	log.roll.jitter.ms = null
	log.roll.ms = null
	log.segment.bytes = 1073741824
	log.segment.delete.delay.ms = 60000
	max.connection.creation.rate = 2147483647
	max.connections = 2147483647
	max.connections.per.ip = 2147483647
	max.connections.per.ip.overrides = 
	max.incremental.fetch.session.cache.slots = 1000
	message.max.bytes = 1048588
	metadata.log.dir = /var/folders/br/mtzz913n1n9cg4xf5vkksggc0000gp/T/kafka-13218852354303402366/controller_0
	metadata.log.max.record.bytes.between.snapshots = 20971520
	metadata.log.max.snapshot.interval.ms = 3600000
	metadata.log.segment.bytes = 1073741824
	metadata.log.segment.min.bytes = 8388608
	metadata.log.segment.ms = 604800000
	metadata.max.idle.interval.ms = 500
	metadata.max.retention.bytes = 104857600
	metadata.max.retention.ms = 604800000
	metric.reporters = []
	metrics.num.samples = 2
	metrics.recording.level = INFO
	metrics.sample.window.ms = 30000
	min.insync.replicas = 1
	node.id = 0
	num.io.threads = 8
	num.network.threads = 3
	num.partitions = 1
	num.recovery.threads.per.data.dir = 1
	num.replica.alter.log.dirs.threads = null
	num.replica.fetchers = 1
	offset.metadata.max.bytes = 4096
	offsets.commit.required.acks = -1
	offsets.commit.timeout.ms = 5000
	offsets.load.buffer.size = 5242880
	offsets.retention.check.interval.ms = 600000
	offsets.retention.minutes = 10080
	offsets.topic.compression.codec = 0
	offsets.topic.num.partitions = 50
	offsets.topic.replication.factor = 1
	offsets.topic.segment.bytes = 104857600
	password.encoder.cipher.algorithm = AES/CBC/PKCS5Padding
	password.encoder.iterations = 4096
	password.encoder.key.length = 128
	password.encoder.keyfactory.algorithm = null
	password.encoder.old.secret = null
	password.encoder.secret = null
	principal.builder.class = class org.apache.kafka.common.security.authenticator.DefaultKafkaPrincipalBuilder
	process.roles = [broker, controller]
	producer.id.expiration.check.interval.ms = 600000
	producer.id.expiration.ms = 86400000
	producer.purgatory.purge.interval.requests = 1000
	queued.max.request.bytes = -1
	queued.max.requests = 500
	quota.window.num = 11
	quota.window.size.seconds = 1
	remote.log.index.file.cache.total.size.bytes = 1073741824
	remote.log.manager.task.interval.ms = 30000
	remote.log.manager.task.retry.backoff.max.ms = 30000
	remote.log.manager.task.retry.backoff.ms = 500
	remote.log.manager.task.retry.jitter = 0.2
	remote.log.manager.thread.pool.size = 10
	remote.log.metadata.custom.metadata.max.bytes = 128
	remote.log.metadata.manager.class.name = org.apache.kafka.server.log.remote.metadata.storage.TopicBasedRemoteLogMetadataManager
	remote.log.metadata.manager.class.path = null
	remote.log.metadata.manager.impl.prefix = rlmm.config.
	remote.log.metadata.manager.listener.name = null
	remote.log.reader.max.pending.tasks = 100
	remote.log.reader.threads = 10
	remote.log.storage.manager.class.name = null
	remote.log.storage.manager.class.path = null
	remote.log.storage.manager.impl.prefix = rsm.config.
	remote.log.storage.system.enable = false
	replica.fetch.backoff.ms = 1000
	replica.fetch.max.bytes = 1048576
	replica.fetch.min.bytes = 1
	replica.fetch.response.max.bytes = 10485760
	replica.fetch.wait.max.ms = 500
	replica.high.watermark.checkpoint.interval.ms = 5000
	replica.lag.time.max.ms = 30000
	replica.selector.class = null
	replica.socket.receive.buffer.bytes = 65536
	replica.socket.timeout.ms = 30000
	replication.quota.window.num = 11
	replication.quota.window.size.seconds = 1
	request.timeout.ms = 30000
	reserved.broker.max.id = 1000
	sasl.client.callback.handler.class = null
	sasl.enabled.mechanisms = [GSSAPI]
	sasl.jaas.config = null
	sasl.kerberos.kinit.cmd = /usr/bin/kinit
	sasl.kerberos.min.time.before.relogin = 60000
	sasl.kerberos.principal.to.local.rules = [DEFAULT]
	sasl.kerberos.service.name = null
	sasl.kerberos.ticket.renew.jitter = 0.05
	sasl.kerberos.ticket.renew.window.factor = 0.8
	sasl.login.callback.handler.class = null
	sasl.login.class = null
	sasl.login.connect.timeout.ms = null
	sasl.login.read.timeout.ms = null
	sasl.login.refresh.buffer.seconds = 300
	sasl.login.refresh.min.period.seconds = 60
	sasl.login.refresh.window.factor = 0.8
	sasl.login.refresh.window.jitter = 0.05
	sasl.login.retry.backoff.max.ms = 10000
	sasl.login.retry.backoff.ms = 100
	sasl.mechanism.controller.protocol = GSSAPI
	sasl.mechanism.inter.broker.protocol = GSSAPI
	sasl.oauthbearer.clock.skew.seconds = 30
	sasl.oauthbearer.expected.audience = null
	sasl.oauthbearer.expected.issuer = null
	sasl.oauthbearer.jwks.endpoint.refresh.ms = 3600000
	sasl.oauthbearer.jwks.endpoint.retry.backoff.max.ms = 10000
	sasl.oauthbearer.jwks.endpoint.retry.backoff.ms = 100
	sasl.oauthbearer.jwks.endpoint.url = null
	sasl.oauthbearer.scope.claim.name = scope
	sasl.oauthbearer.sub.claim.name = sub
	sasl.oauthbearer.token.endpoint.url = null
	sasl.server.callback.handler.class = null
	sasl.server.max.receive.size = 524288
	security.inter.broker.protocol = PLAINTEXT
	security.providers = null
	server.max.startup.time.ms = 600000
	socket.connection.setup.timeout.max.ms = 30000
	socket.connection.setup.timeout.ms = 10000
	socket.listen.backlog.size = 50
	socket.receive.buffer.bytes = 102400
	socket.request.max.bytes = 104857600
	socket.send.buffer.bytes = 102400
	ssl.cipher.suites = []
	ssl.client.auth = none
	ssl.enabled.protocols = [TLSv1.2, TLSv1.3]
	ssl.endpoint.identification.algorithm = https
	ssl.engine.factory.class = null
	ssl.key.password = null
	ssl.keymanager.algorithm = SunX509
	ssl.keystore.certificate.chain = null
	ssl.keystore.key = null
	ssl.keystore.location = null
	ssl.keystore.password = null
	ssl.keystore.type = JKS
	ssl.principal.mapping.rules = DEFAULT
	ssl.protocol = TLSv1.3
	ssl.provider = null
	ssl.secure.random.implementation = null
	ssl.trustmanager.algorithm = PKIX
	ssl.truststore.certificates = null
	ssl.truststore.location = null
	ssl.truststore.password = null
	ssl.truststore.type = JKS
	transaction.abort.timed.out.transaction.cleanup.interval.ms = 10000
	transaction.max.timeout.ms = 900000
	transaction.partition.verification.enable = true
	transaction.remove.expired.transaction.cleanup.interval.ms = 3600000
	transaction.state.log.load.buffer.size = 5242880
	transaction.state.log.min.isr = 2
	transaction.state.log.num.partitions = 50
	transaction.state.log.replication.factor = 3
	transaction.state.log.segment.bytes = 104857600
	transactional.id.expiration.ms = 604800000
	unclean.leader.election.enable = false
	unstable.api.versions.enable = false
	zookeeper.clientCnxnSocket = null
	zookeeper.connect = null
	zookeeper.connection.timeout.ms = null
	zookeeper.max.in.flight.requests = 10
	zookeeper.metadata.migration.enable = false
	zookeeper.session.timeout.ms = 18000
	zookeeper.set.acl = false
	zookeeper.ssl.cipher.suites = null
	zookeeper.ssl.client.enable = false
	zookeeper.ssl.crl.enable = false
	zookeeper.ssl.enabled.protocols = null
	zookeeper.ssl.endpoint.identification.algorithm = HTTPS
	zookeeper.ssl.keystore.location = null
	zookeeper.ssl.keystore.password = null
	zookeeper.ssl.keystore.type = null
	zookeeper.ssl.ocsp.enable = false
	zookeeper.ssl.protocol = TLSv1.2
	zookeeper.ssl.truststore.location = null
	zookeeper.ssl.truststore.password = null
	zookeeper.ssl.truststore.type = null

2025-08-27T21:12:07.351+05:30  INFO 80076 --- [-kit-executor-3] kafka.server.BrokerServer                : [BrokerServer id=0] Waiting for the broker to be unfenced
2025-08-27T21:12:07.352+05:30  INFO 80076 --- [0-event-handler] o.a.k.controller.BrokerHeartbeatManager  : [QuorumController id=0] The request from broker 0 to unfence has been granted because it has caught up with the offset of its register broker record 5.
2025-08-27T21:12:07.354+05:30  INFO 80076 --- [0-event-handler] o.a.k.controller.ClusterControlManager   : [QuorumController id=0] Replayed BrokerRegistrationChangeRecord modifying the registration for broker 0: BrokerRegistrationChangeRecord(brokerId=0, brokerEpoch=5, fenced=-1, inControlledShutdown=0)
2025-08-27T21:12:07.386+05:30  INFO 80076 --- [channel-manager] kafka.server.BrokerLifecycleManager      : [BrokerLifecycleManager id=0] The broker has been unfenced. Transitioning from RECOVERY to RUNNING.
2025-08-27T21:12:07.387+05:30  INFO 80076 --- [-kit-executor-3] kafka.server.BrokerServer                : [BrokerServer id=0] Finished waiting for the broker to be unfenced
2025-08-27T21:12:07.387+05:30  INFO 80076 --- [-kit-executor-3] o.a.k.s.network.EndpointReadyFutures     : authorizerStart completed for endpoint EXTERNAL. Endpoint is now READY.
2025-08-27T21:12:07.387+05:30  INFO 80076 --- [-kit-executor-3] kafka.network.SocketServer               : [SocketServer listenerType=BROKER, nodeId=0] Enabling request processing.
2025-08-27T21:12:07.388+05:30  INFO 80076 --- [-kit-executor-3] kafka.server.BrokerServer                : [BrokerServer id=0] Waiting for all of the authorizer futures to be completed
2025-08-27T21:12:07.388+05:30  INFO 80076 --- [-kit-executor-3] kafka.server.BrokerServer                : [BrokerServer id=0] Finished waiting for all of the authorizer futures to be completed
2025-08-27T21:12:07.388+05:30  INFO 80076 --- [-kit-executor-3] kafka.server.BrokerServer                : [BrokerServer id=0] Waiting for all of the SocketServer Acceptors to be started
2025-08-27T21:12:07.388+05:30  INFO 80076 --- [-kit-executor-3] kafka.server.BrokerServer                : [BrokerServer id=0] Finished waiting for all of the SocketServer Acceptors to be started
2025-08-27T21:12:07.388+05:30  INFO 80076 --- [-kit-executor-3] kafka.server.BrokerServer                : [BrokerServer id=0] Transition from STARTING to STARTED
2025-08-27T21:12:07.395+05:30  INFO 80076 --- [           main] o.a.k.clients.admin.AdminClientConfig    : AdminClientConfig values: 
	auto.include.jmx.reporter = true
	bootstrap.servers = [localhost:63600]
	client.dns.lookup = use_all_dns_ips
	client.id = 
	connections.max.idle.ms = 300000
	default.api.timeout.ms = 60000
	metadata.max.age.ms = 300000
	metric.reporters = []
	metrics.num.samples = 2
	metrics.recording.level = INFO
	metrics.sample.window.ms = 30000
	receive.buffer.bytes = 65536
	reconnect.backoff.max.ms = 1000
	reconnect.backoff.ms = 50
	request.timeout.ms = 30000
	retries = 2147483647
	retry.backoff.ms = 100
	sasl.client.callback.handler.class = null
	sasl.jaas.config = null
	sasl.kerberos.kinit.cmd = /usr/bin/kinit
	sasl.kerberos.min.time.before.relogin = 60000
	sasl.kerberos.service.name = null
	sasl.kerberos.ticket.renew.jitter = 0.05
	sasl.kerberos.ticket.renew.window.factor = 0.8
	sasl.login.callback.handler.class = null
	sasl.login.class = null
	sasl.login.connect.timeout.ms = null
	sasl.login.read.timeout.ms = null
	sasl.login.refresh.buffer.seconds = 300
	sasl.login.refresh.min.period.seconds = 60
	sasl.login.refresh.window.factor = 0.8
	sasl.login.refresh.window.jitter = 0.05
	sasl.login.retry.backoff.max.ms = 10000
	sasl.login.retry.backoff.ms = 100
	sasl.mechanism = GSSAPI
	sasl.oauthbearer.clock.skew.seconds = 30
	sasl.oauthbearer.expected.audience = null
	sasl.oauthbearer.expected.issuer = null
	sasl.oauthbearer.jwks.endpoint.refresh.ms = 3600000
	sasl.oauthbearer.jwks.endpoint.retry.backoff.max.ms = 10000
	sasl.oauthbearer.jwks.endpoint.retry.backoff.ms = 100
	sasl.oauthbearer.jwks.endpoint.url = null
	sasl.oauthbearer.scope.claim.name = scope
	sasl.oauthbearer.sub.claim.name = sub
	sasl.oauthbearer.token.endpoint.url = null
	security.protocol = PLAINTEXT
	security.providers = null
	send.buffer.bytes = 131072
	socket.connection.setup.timeout.max.ms = 30000
	socket.connection.setup.timeout.ms = 10000
	ssl.cipher.suites = null
	ssl.enabled.protocols = [TLSv1.2, TLSv1.3]
	ssl.endpoint.identification.algorithm = https
	ssl.engine.factory.class = null
	ssl.key.password = null
	ssl.keymanager.algorithm = SunX509
	ssl.keystore.certificate.chain = null
	ssl.keystore.key = null
	ssl.keystore.location = null
	ssl.keystore.password = null
	ssl.keystore.type = JKS
	ssl.protocol = TLSv1.3
	ssl.provider = null
	ssl.secure.random.implementation = null
	ssl.trustmanager.algorithm = PKIX
	ssl.truststore.certificates = null
	ssl.truststore.location = null
	ssl.truststore.password = null
	ssl.truststore.type = JKS

2025-08-27T21:12:07.412+05:30  INFO 80076 --- [           main] o.a.kafka.common.utils.AppInfoParser     : Kafka version: 3.6.0
2025-08-27T21:12:07.412+05:30  INFO 80076 --- [           main] o.a.kafka.common.utils.AppInfoParser     : Kafka commitId: 60e845626d8a465a
2025-08-27T21:12:07.412+05:30  INFO 80076 --- [           main] o.a.kafka.common.utils.AppInfoParser     : Kafka startTimeMs: 1756309327412
2025-08-27T21:12:07.433+05:30  INFO 80076 --- [0-event-handler] o.a.k.c.ReplicationControlManager        : [QuorumController id=0] CreateTopics result(s): CreatableTopic(name='sample-topic', numPartitions=1, replicationFactor=1, assignments=[], configs=[]): SUCCESS
2025-08-27T21:12:07.433+05:30  INFO 80076 --- [0-event-handler] o.a.k.c.ReplicationControlManager        : [QuorumController id=0] Replayed TopicRecord for topic sample-topic with topic ID bo1xQqdoQxilENwzcAi4vQ.
2025-08-27T21:12:07.433+05:30  INFO 80076 --- [0-event-handler] o.a.k.c.ReplicationControlManager        : [QuorumController id=0] Replayed PartitionRecord for new partition sample-topic-0 with topic ID bo1xQqdoQxilENwzcAi4vQ and PartitionRegistration(replicas=[0], isr=[0], removingReplicas=[], addingReplicas=[], leader=0, leaderRecoveryState=RECOVERED, leaderEpoch=0, partitionEpoch=0).
2025-08-27T21:12:07.466+05:30  INFO 80076 --- [r-event-handler] state.change.logger                      : [Broker id=0] Transitioning 1 partition(s) to local leaders.
2025-08-27T21:12:07.466+05:30  INFO 80076 --- [r-event-handler] kafka.server.ReplicaFetcherManager       : [ReplicaFetcherManager on broker 0] Removed fetcher for partitions Set(sample-topic-0)
2025-08-27T21:12:07.466+05:30  INFO 80076 --- [r-event-handler] state.change.logger                      : [Broker id=0] Creating new partition sample-topic-0 with topic id bo1xQqdoQxilENwzcAi4vQ.
2025-08-27T21:12:07.467+05:30  INFO 80076 --- [| adminclient-1] o.a.kafka.common.utils.AppInfoParser     : App info kafka.admin.client for adminclient-1 unregistered
2025-08-27T21:12:07.469+05:30  INFO 80076 --- [| adminclient-1] o.apache.kafka.common.metrics.Metrics    : Metrics scheduler closed
2025-08-27T21:12:07.470+05:30  INFO 80076 --- [| adminclient-1] o.apache.kafka.common.metrics.Metrics    : Closing reporter org.apache.kafka.common.metrics.JmxReporter
2025-08-27T21:12:07.470+05:30  INFO 80076 --- [| adminclient-1] o.apache.kafka.common.metrics.Metrics    : Metrics reporters closed
2025-08-27T21:12:07.473+05:30  INFO 80076 --- [           main] com.example.kafka.KafkaApplicationTest   : Starting KafkaApplicationTest using Java 17.0.8 with PID 80076 (started by ravikashyap in /Users/ravikashyap/kafka-spring-boot-app)
2025-08-27T21:12:07.473+05:30  INFO 80076 --- [           main] com.example.kafka.KafkaApplicationTest   : No active profile set, falling back to 1 default profile: "default"
2025-08-27T21:12:07.476+05:30  INFO 80076 --- [r-event-handler] kafka.log.UnifiedLog$                    : [LogLoader partition=sample-topic-0, dir=/var/folders/br/mtzz913n1n9cg4xf5vkksggc0000gp/T/kafka-13218852354303402366/broker_0_data0] Loading producer state till offset 0 with message format version 2
2025-08-27T21:12:07.476+05:30  INFO 80076 --- [r-event-handler] kafka.log.LogManager                     : Created log for partition sample-topic-0 in /var/folders/br/mtzz913n1n9cg4xf5vkksggc0000gp/T/kafka-13218852354303402366/broker_0_data0/sample-topic-0 with properties {}
2025-08-27T21:12:07.477+05:30  INFO 80076 --- [r-event-handler] kafka.cluster.Partition                  : [Partition sample-topic-0 broker=0] No checkpointed highwatermark is found for partition sample-topic-0
2025-08-27T21:12:07.478+05:30  INFO 80076 --- [r-event-handler] kafka.cluster.Partition                  : [Partition sample-topic-0 broker=0] Log loaded for partition sample-topic-0 with initial high watermark 0
2025-08-27T21:12:07.479+05:30  INFO 80076 --- [r-event-handler] state.change.logger                      : [Broker id=0] Leader sample-topic-0 with topic id Some(bo1xQqdoQxilENwzcAi4vQ) starts at leader epoch 0 from offset 0 with partition epoch 0, high watermark 0, ISR [0], adding replicas [] and removing replicas [] . Previous leader None and previous leader epoch was -1.
2025-08-27T21:12:07.780+05:30  INFO 80076 --- [           main] o.s.b.w.embedded.tomcat.TomcatWebServer  : Tomcat initialized with port 0 (http)
2025-08-27T21:12:07.782+05:30  INFO 80076 --- [           main] o.apache.catalina.core.StandardService   : Starting service [Tomcat]
2025-08-27T21:12:07.782+05:30  INFO 80076 --- [           main] o.apache.catalina.core.StandardEngine    : Starting Servlet engine: [Apache Tomcat/10.1.16]
2025-08-27T21:12:07.805+05:30  INFO 80076 --- [           main] o.a.c.c.C.[Tomcat].[localhost].[/]       : Initializing Spring embedded WebApplicationContext
2025-08-27T21:12:07.806+05:30  INFO 80076 --- [           main] w.s.c.ServletWebServerApplicationContext : Root WebApplicationContext: initialization completed in 325 ms
2025-08-27T21:12:07.946+05:30  INFO 80076 --- [           main] o.s.b.w.embedded.tomcat.TomcatWebServer  : Tomcat started on port 63607 (http) with context path ''
2025-08-27T21:12:07.954+05:30  INFO 80076 --- [           main] o.a.k.clients.consumer.ConsumerConfig    : ConsumerConfig values: 
	allow.auto.create.topics = true
	auto.commit.interval.ms = 5000
	auto.include.jmx.reporter = true
	auto.offset.reset = latest
	bootstrap.servers = [localhost:63600]
	check.crcs = true
	client.dns.lookup = use_all_dns_ips
	client.id = consumer-sample-group-1
	client.rack = 
	connections.max.idle.ms = 540000
	default.api.timeout.ms = 60000
	enable.auto.commit = false
	exclude.internal.topics = true
	fetch.max.bytes = 52428800
	fetch.max.wait.ms = 500
	fetch.min.bytes = 1
	group.id = sample-group
	group.instance.id = null
	heartbeat.interval.ms = 3000
	interceptor.classes = []
	internal.leave.group.on.close = true
	internal.throw.on.fetch.stable.offset.unsupported = false
	isolation.level = read_uncommitted
	key.deserializer = class org.apache.kafka.common.serialization.StringDeserializer
	max.partition.fetch.bytes = 1048576
	max.poll.interval.ms = 300000
	max.poll.records = 500
	metadata.max.age.ms = 300000
	metric.reporters = []
	metrics.num.samples = 2
	metrics.recording.level = INFO
	metrics.sample.window.ms = 30000
	partition.assignment.strategy = [class org.apache.kafka.clients.consumer.RangeAssignor, class org.apache.kafka.clients.consumer.CooperativeStickyAssignor]
	receive.buffer.bytes = 65536
	reconnect.backoff.max.ms = 1000
	reconnect.backoff.ms = 50
	request.timeout.ms = 30000
	retry.backoff.ms = 100
	sasl.client.callback.handler.class = null
	sasl.jaas.config = null
	sasl.kerberos.kinit.cmd = /usr/bin/kinit
	sasl.kerberos.min.time.before.relogin = 60000
	sasl.kerberos.service.name = null
	sasl.kerberos.ticket.renew.jitter = 0.05
	sasl.kerberos.ticket.renew.window.factor = 0.8
	sasl.login.callback.handler.class = null
	sasl.login.class = null
	sasl.login.connect.timeout.ms = null
	sasl.login.read.timeout.ms = null
	sasl.login.refresh.buffer.seconds = 300
	sasl.login.refresh.min.period.seconds = 60
	sasl.login.refresh.window.factor = 0.8
	sasl.login.refresh.window.jitter = 0.05
	sasl.login.retry.backoff.max.ms = 10000
	sasl.login.retry.backoff.ms = 100
	sasl.mechanism = GSSAPI
	sasl.oauthbearer.clock.skew.seconds = 30
	sasl.oauthbearer.expected.audience = null
	sasl.oauthbearer.expected.issuer = null
	sasl.oauthbearer.jwks.endpoint.refresh.ms = 3600000
	sasl.oauthbearer.jwks.endpoint.retry.backoff.max.ms = 10000
	sasl.oauthbearer.jwks.endpoint.retry.backoff.ms = 100
	sasl.oauthbearer.jwks.endpoint.url = null
	sasl.oauthbearer.scope.claim.name = scope
	sasl.oauthbearer.sub.claim.name = sub
	sasl.oauthbearer.token.endpoint.url = null
	security.protocol = PLAINTEXT
	security.providers = null
	send.buffer.bytes = 131072
	session.timeout.ms = 45000
	socket.connection.setup.timeout.max.ms = 30000
	socket.connection.setup.timeout.ms = 10000
	ssl.cipher.suites = null
	ssl.enabled.protocols = [TLSv1.2, TLSv1.3]
	ssl.endpoint.identification.algorithm = https
	ssl.engine.factory.class = null
	ssl.key.password = null
	ssl.keymanager.algorithm = SunX509
	ssl.keystore.certificate.chain = null
	ssl.keystore.key = null
	ssl.keystore.location = null
	ssl.keystore.password = null
	ssl.keystore.type = JKS
	ssl.protocol = TLSv1.3
	ssl.provider = null
	ssl.secure.random.implementation = null
	ssl.trustmanager.algorithm = PKIX
	ssl.truststore.certificates = null
	ssl.truststore.location = null
	ssl.truststore.password = null
	ssl.truststore.type = JKS
	value.deserializer = class org.apache.kafka.common.serialization.StringDeserializer

2025-08-27T21:12:07.965+05:30  INFO 80076 --- [           main] o.a.kafka.common.utils.AppInfoParser     : Kafka version: 3.6.0
2025-08-27T21:12:07.966+05:30  INFO 80076 --- [           main] o.a.kafka.common.utils.AppInfoParser     : Kafka commitId: 60e845626d8a465a
2025-08-27T21:12:07.966+05:30  INFO 80076 --- [           main] o.a.kafka.common.utils.AppInfoParser     : Kafka startTimeMs: 1756309327965
2025-08-27T21:12:07.966+05:30  INFO 80076 --- [           main] fkaConsumerFactory$ExtendedKafkaConsumer : [Consumer clientId=consumer-sample-group-1, groupId=sample-group] Subscribed to topic(s): sample-topic
2025-08-27T21:12:07.971+05:30  INFO 80076 --- [           main] com.example.kafka.KafkaApplicationTest   : Started KafkaApplicationTest in 1.133 seconds (process running for 1.437)
2025-08-27T21:12:07.974+05:30  INFO 80076 --- [ntainer#0-0-C-1] org.apache.kafka.clients.Metadata        : [Consumer clientId=consumer-sample-group-1, groupId=sample-group] Cluster ID: Q7ZDtguRRHGUgE1L9CUIHA
2025-08-27T21:12:07.974+05:30  INFO 80076 --- [quest-handler-2] k.s.DefaultAutoTopicCreationManager      : Sent auto-creation request for Set(__consumer_offsets) to the active controller.
2025-08-27T21:12:07.976+05:30  INFO 80076 --- [0-event-handler] o.a.k.c.ReplicationControlManager        : [QuorumController id=0] CreateTopics result(s): CreatableTopic(name='__consumer_offsets', numPartitions=50, replicationFactor=1, assignments=[], configs=[CreateableTopicConfig(name='compression.type', value='producer'), CreateableTopicConfig(name='cleanup.policy', value='compact'), CreateableTopicConfig(name='segment.bytes', value='104857600')]): SUCCESS
2025-08-27T21:12:07.976+05:30  INFO 80076 --- [0-event-handler] o.a.k.c.ReplicationControlManager        : [QuorumController id=0] Replayed TopicRecord for topic __consumer_offsets with topic ID WSarSHTHT6imvvxwaq6NPw.
2025-08-27T21:12:07.976+05:30  INFO 80076 --- [0-event-handler] o.a.k.c.ConfigurationControlManager      : [QuorumController id=0] Replayed ConfigRecord for ConfigResource(type=TOPIC, name='__consumer_offsets') which set configuration compression.type to producer
2025-08-27T21:12:07.976+05:30  INFO 80076 --- [0-event-handler] o.a.k.c.ConfigurationControlManager      : [QuorumController id=0] Replayed ConfigRecord for ConfigResource(type=TOPIC, name='__consumer_offsets') which set configuration cleanup.policy to compact
2025-08-27T21:12:07.976+05:30  INFO 80076 --- [0-event-handler] o.a.k.c.ConfigurationControlManager      : [QuorumController id=0] Replayed ConfigRecord for ConfigResource(type=TOPIC, name='__consumer_offsets') which set configuration segment.bytes to 104857600
2025-08-27T21:12:07.976+05:30  INFO 80076 --- [0-event-handler] o.a.k.c.ReplicationControlManager        : [QuorumController id=0] Replayed PartitionRecord for new partition __consumer_offsets-0 with topic ID WSarSHTHT6imvvxwaq6NPw and PartitionRegistration(replicas=[0], isr=[0], removingReplicas=[], addingReplicas=[], leader=0, leaderRecoveryState=RECOVERED, leaderEpoch=0, partitionEpoch=0).
2025-08-27T21:12:07.976+05:30  INFO 80076 --- [0-event-handler] o.a.k.c.ReplicationControlManager        : [QuorumController id=0] Replayed PartitionRecord for new partition __consumer_offsets-1 with topic ID WSarSHTHT6imvvxwaq6NPw and PartitionRegistration(replicas=[0], isr=[0], removingReplicas=[], addingReplicas=[], leader=0, leaderRecoveryState=RECOVERED, leaderEpoch=0, partitionEpoch=0).
2025-08-27T21:12:07.976+05:30  INFO 80076 --- [0-event-handler] o.a.k.c.ReplicationControlManager        : [QuorumController id=0] Replayed PartitionRecord for new partition __consumer_offsets-2 with topic ID WSarSHTHT6imvvxwaq6NPw and PartitionRegistration(replicas=[0], isr=[0], removingReplicas=[], addingReplicas=[], leader=0, leaderRecoveryState=RECOVERED, leaderEpoch=0, partitionEpoch=0).
2025-08-27T21:12:07.976+05:30  INFO 80076 --- [0-event-handler] o.a.k.c.ReplicationControlManager        : [QuorumController id=0] Replayed PartitionRecord for new partition __consumer_offsets-3 with topic ID WSarSHTHT6imvvxwaq6NPw and PartitionRegistration(replicas=[0], isr=[0], removingReplicas=[], addingReplicas=[], leader=0, leaderRecoveryState=RECOVERED, leaderEpoch=0, partitionEpoch=0).
2025-08-27T21:12:07.976+05:30  INFO 80076 --- [0-event-handler] o.a.k.c.ReplicationControlManager        : [QuorumController id=0] Replayed PartitionRecord for new partition __consumer_offsets-4 with topic ID WSarSHTHT6imvvxwaq6NPw and PartitionRegistration(replicas=[0], isr=[0], removingReplicas=[], addingReplicas=[], leader=0, leaderRecoveryState=RECOVERED, leaderEpoch=0, partitionEpoch=0).
2025-08-27T21:12:07.976+05:30  INFO 80076 --- [0-event-handler] o.a.k.c.ReplicationControlManager        : [QuorumController id=0] Replayed PartitionRecord for new partition __consumer_offsets-5 with topic ID WSarSHTHT6imvvxwaq6NPw and PartitionRegistration(replicas=[0], isr=[0], removingReplicas=[], addingReplicas=[], leader=0, leaderRecoveryState=RECOVERED, leaderEpoch=0, partitionEpoch=0).
2025-08-27T21:12:07.976+05:30  INFO 80076 --- [0-event-handler] o.a.k.c.ReplicationControlManager        : [QuorumController id=0] Replayed PartitionRecord for new partition __consumer_offsets-6 with topic ID WSarSHTHT6imvvxwaq6NPw and PartitionRegistration(replicas=[0], isr=[0], removingReplicas=[], addingReplicas=[], leader=0, leaderRecoveryState=RECOVERED, leaderEpoch=0, partitionEpoch=0).
2025-08-27T21:12:07.976+05:30  INFO 80076 --- [0-event-handler] o.a.k.c.ReplicationControlManager        : [QuorumController id=0] Replayed PartitionRecord for new partition __consumer_offsets-7 with topic ID WSarSHTHT6imvvxwaq6NPw and PartitionRegistration(replicas=[0], isr=[0], removingReplicas=[], addingReplicas=[], leader=0, leaderRecoveryState=RECOVERED, leaderEpoch=0, partitionEpoch=0).
2025-08-27T21:12:07.976+05:30  INFO 80076 --- [0-event-handler] o.a.k.c.ReplicationControlManager        : [QuorumController id=0] Replayed PartitionRecord for new partition __consumer_offsets-8 with topic ID WSarSHTHT6imvvxwaq6NPw and PartitionRegistration(replicas=[0], isr=[0], removingReplicas=[], addingReplicas=[], leader=0, leaderRecoveryState=RECOVERED, leaderEpoch=0, partitionEpoch=0).
2025-08-27T21:12:07.976+05:30  INFO 80076 --- [0-event-handler] o.a.k.c.ReplicationControlManager        : [QuorumController id=0] Replayed PartitionRecord for new partition __consumer_offsets-9 with topic ID WSarSHTHT6imvvxwaq6NPw and PartitionRegistration(replicas=[0], isr=[0], removingReplicas=[], addingReplicas=[], leader=0, leaderRecoveryState=RECOVERED, leaderEpoch=0, partitionEpoch=0).
2025-08-27T21:12:07.976+05:30  INFO 80076 --- [0-event-handler] o.a.k.c.ReplicationControlManager        : [QuorumController id=0] Replayed PartitionRecord for new partition __consumer_offsets-10 with topic ID WSarSHTHT6imvvxwaq6NPw and PartitionRegistration(replicas=[0], isr=[0], removingReplicas=[], addingReplicas=[], leader=0, leaderRecoveryState=RECOVERED, leaderEpoch=0, partitionEpoch=0).
2025-08-27T21:12:07.976+05:30  INFO 80076 --- [0-event-handler] o.a.k.c.ReplicationControlManager        : [QuorumController id=0] Replayed PartitionRecord for new partition __consumer_offsets-11 with topic ID WSarSHTHT6imvvxwaq6NPw and PartitionRegistration(replicas=[0], isr=[0], removingReplicas=[], addingReplicas=[], leader=0, leaderRecoveryState=RECOVERED, leaderEpoch=0, partitionEpoch=0).
2025-08-27T21:12:07.976+05:30  INFO 80076 --- [0-event-handler] o.a.k.c.ReplicationControlManager        : [QuorumController id=0] Replayed PartitionRecord for new partition __consumer_offsets-12 with topic ID WSarSHTHT6imvvxwaq6NPw and PartitionRegistration(replicas=[0], isr=[0], removingReplicas=[], addingReplicas=[], leader=0, leaderRecoveryState=RECOVERED, leaderEpoch=0, partitionEpoch=0).
2025-08-27T21:12:07.976+05:30  INFO 80076 --- [0-event-handler] o.a.k.c.ReplicationControlManager        : [QuorumController id=0] Replayed PartitionRecord for new partition __consumer_offsets-13 with topic ID WSarSHTHT6imvvxwaq6NPw and PartitionRegistration(replicas=[0], isr=[0], removingReplicas=[], addingReplicas=[], leader=0, leaderRecoveryState=RECOVERED, leaderEpoch=0, partitionEpoch=0).
2025-08-27T21:12:07.976+05:30  INFO 80076 --- [0-event-handler] o.a.k.c.ReplicationControlManager        : [QuorumController id=0] Replayed PartitionRecord for new partition __consumer_offsets-14 with topic ID WSarSHTHT6imvvxwaq6NPw and PartitionRegistration(replicas=[0], isr=[0], removingReplicas=[], addingReplicas=[], leader=0, leaderRecoveryState=RECOVERED, leaderEpoch=0, partitionEpoch=0).
2025-08-27T21:12:07.976+05:30  INFO 80076 --- [0-event-handler] o.a.k.c.ReplicationControlManager        : [QuorumController id=0] Replayed PartitionRecord for new partition __consumer_offsets-15 with topic ID WSarSHTHT6imvvxwaq6NPw and PartitionRegistration(replicas=[0], isr=[0], removingReplicas=[], addingReplicas=[], leader=0, leaderRecoveryState=RECOVERED, leaderEpoch=0, partitionEpoch=0).
2025-08-27T21:12:07.976+05:30  INFO 80076 --- [0-event-handler] o.a.k.c.ReplicationControlManager        : [QuorumController id=0] Replayed PartitionRecord for new partition __consumer_offsets-16 with topic ID WSarSHTHT6imvvxwaq6NPw and PartitionRegistration(replicas=[0], isr=[0], removingReplicas=[], addingReplicas=[], leader=0, leaderRecoveryState=RECOVERED, leaderEpoch=0, partitionEpoch=0).
2025-08-27T21:12:07.976+05:30  INFO 80076 --- [0-event-handler] o.a.k.c.ReplicationControlManager        : [QuorumController id=0] Replayed PartitionRecord for new partition __consumer_offsets-17 with topic ID WSarSHTHT6imvvxwaq6NPw and PartitionRegistration(replicas=[0], isr=[0], removingReplicas=[], addingReplicas=[], leader=0, leaderRecoveryState=RECOVERED, leaderEpoch=0, partitionEpoch=0).
2025-08-27T21:12:07.976+05:30  INFO 80076 --- [0-event-handler] o.a.k.c.ReplicationControlManager        : [QuorumController id=0] Replayed PartitionRecord for new partition __consumer_offsets-18 with topic ID WSarSHTHT6imvvxwaq6NPw and PartitionRegistration(replicas=[0], isr=[0], removingReplicas=[], addingReplicas=[], leader=0, leaderRecoveryState=RECOVERED, leaderEpoch=0, partitionEpoch=0).
2025-08-27T21:12:07.977+05:30  INFO 80076 --- [0-event-handler] o.a.k.c.ReplicationControlManager        : [QuorumController id=0] Replayed PartitionRecord for new partition __consumer_offsets-19 with topic ID WSarSHTHT6imvvxwaq6NPw and PartitionRegistration(replicas=[0], isr=[0], removingReplicas=[], addingReplicas=[], leader=0, leaderRecoveryState=RECOVERED, leaderEpoch=0, partitionEpoch=0).
2025-08-27T21:12:07.977+05:30  INFO 80076 --- [0-event-handler] o.a.k.c.ReplicationControlManager        : [QuorumController id=0] Replayed PartitionRecord for new partition __consumer_offsets-20 with topic ID WSarSHTHT6imvvxwaq6NPw and PartitionRegistration(replicas=[0], isr=[0], removingReplicas=[], addingReplicas=[], leader=0, leaderRecoveryState=RECOVERED, leaderEpoch=0, partitionEpoch=0).
2025-08-27T21:12:07.977+05:30  INFO 80076 --- [0-event-handler] o.a.k.c.ReplicationControlManager        : [QuorumController id=0] Replayed PartitionRecord for new partition __consumer_offsets-21 with topic ID WSarSHTHT6imvvxwaq6NPw and PartitionRegistration(replicas=[0], isr=[0], removingReplicas=[], addingReplicas=[], leader=0, leaderRecoveryState=RECOVERED, leaderEpoch=0, partitionEpoch=0).
2025-08-27T21:12:07.977+05:30  INFO 80076 --- [0-event-handler] o.a.k.c.ReplicationControlManager        : [QuorumController id=0] Replayed PartitionRecord for new partition __consumer_offsets-22 with topic ID WSarSHTHT6imvvxwaq6NPw and PartitionRegistration(replicas=[0], isr=[0], removingReplicas=[], addingReplicas=[], leader=0, leaderRecoveryState=RECOVERED, leaderEpoch=0, partitionEpoch=0).
2025-08-27T21:12:07.977+05:30  INFO 80076 --- [0-event-handler] o.a.k.c.ReplicationControlManager        : [QuorumController id=0] Replayed PartitionRecord for new partition __consumer_offsets-23 with topic ID WSarSHTHT6imvvxwaq6NPw and PartitionRegistration(replicas=[0], isr=[0], removingReplicas=[], addingReplicas=[], leader=0, leaderRecoveryState=RECOVERED, leaderEpoch=0, partitionEpoch=0).
2025-08-27T21:12:07.977+05:30  INFO 80076 --- [0-event-handler] o.a.k.c.ReplicationControlManager        : [QuorumController id=0] Replayed PartitionRecord for new partition __consumer_offsets-24 with topic ID WSarSHTHT6imvvxwaq6NPw and PartitionRegistration(replicas=[0], isr=[0], removingReplicas=[], addingReplicas=[], leader=0, leaderRecoveryState=RECOVERED, leaderEpoch=0, partitionEpoch=0).
2025-08-27T21:12:07.977+05:30  INFO 80076 --- [0-event-handler] o.a.k.c.ReplicationControlManager        : [QuorumController id=0] Replayed PartitionRecord for new partition __consumer_offsets-25 with topic ID WSarSHTHT6imvvxwaq6NPw and PartitionRegistration(replicas=[0], isr=[0], removingReplicas=[], addingReplicas=[], leader=0, leaderRecoveryState=RECOVERED, leaderEpoch=0, partitionEpoch=0).
2025-08-27T21:12:07.977+05:30  INFO 80076 --- [0-event-handler] o.a.k.c.ReplicationControlManager        : [QuorumController id=0] Replayed PartitionRecord for new partition __consumer_offsets-26 with topic ID WSarSHTHT6imvvxwaq6NPw and PartitionRegistration(replicas=[0], isr=[0], removingReplicas=[], addingReplicas=[], leader=0, leaderRecoveryState=RECOVERED, leaderEpoch=0, partitionEpoch=0).
2025-08-27T21:12:07.977+05:30  INFO 80076 --- [0-event-handler] o.a.k.c.ReplicationControlManager        : [QuorumController id=0] Replayed PartitionRecord for new partition __consumer_offsets-27 with topic ID WSarSHTHT6imvvxwaq6NPw and PartitionRegistration(replicas=[0], isr=[0], removingReplicas=[], addingReplicas=[], leader=0, leaderRecoveryState=RECOVERED, leaderEpoch=0, partitionEpoch=0).
2025-08-27T21:12:07.977+05:30  INFO 80076 --- [0-event-handler] o.a.k.c.ReplicationControlManager        : [QuorumController id=0] Replayed PartitionRecord for new partition __consumer_offsets-28 with topic ID WSarSHTHT6imvvxwaq6NPw and PartitionRegistration(replicas=[0], isr=[0], removingReplicas=[], addingReplicas=[], leader=0, leaderRecoveryState=RECOVERED, leaderEpoch=0, partitionEpoch=0).
2025-08-27T21:12:07.977+05:30  INFO 80076 --- [0-event-handler] o.a.k.c.ReplicationControlManager        : [QuorumController id=0] Replayed PartitionRecord for new partition __consumer_offsets-29 with topic ID WSarSHTHT6imvvxwaq6NPw and PartitionRegistration(replicas=[0], isr=[0], removingReplicas=[], addingReplicas=[], leader=0, leaderRecoveryState=RECOVERED, leaderEpoch=0, partitionEpoch=0).
2025-08-27T21:12:07.977+05:30  INFO 80076 --- [0-event-handler] o.a.k.c.ReplicationControlManager        : [QuorumController id=0] Replayed PartitionRecord for new partition __consumer_offsets-30 with topic ID WSarSHTHT6imvvxwaq6NPw and PartitionRegistration(replicas=[0], isr=[0], removingReplicas=[], addingReplicas=[], leader=0, leaderRecoveryState=RECOVERED, leaderEpoch=0, partitionEpoch=0).
2025-08-27T21:12:07.977+05:30  INFO 80076 --- [0-event-handler] o.a.k.c.ReplicationControlManager        : [QuorumController id=0] Replayed PartitionRecord for new partition __consumer_offsets-31 with topic ID WSarSHTHT6imvvxwaq6NPw and PartitionRegistration(replicas=[0], isr=[0], removingReplicas=[], addingReplicas=[], leader=0, leaderRecoveryState=RECOVERED, leaderEpoch=0, partitionEpoch=0).
2025-08-27T21:12:07.977+05:30  INFO 80076 --- [0-event-handler] o.a.k.c.ReplicationControlManager        : [QuorumController id=0] Replayed PartitionRecord for new partition __consumer_offsets-32 with topic ID WSarSHTHT6imvvxwaq6NPw and PartitionRegistration(replicas=[0], isr=[0], removingReplicas=[], addingReplicas=[], leader=0, leaderRecoveryState=RECOVERED, leaderEpoch=0, partitionEpoch=0).
2025-08-27T21:12:07.977+05:30  INFO 80076 --- [0-event-handler] o.a.k.c.ReplicationControlManager        : [QuorumController id=0] Replayed PartitionRecord for new partition __consumer_offsets-33 with topic ID WSarSHTHT6imvvxwaq6NPw and PartitionRegistration(replicas=[0], isr=[0], removingReplicas=[], addingReplicas=[], leader=0, leaderRecoveryState=RECOVERED, leaderEpoch=0, partitionEpoch=0).
2025-08-27T21:12:07.977+05:30  INFO 80076 --- [0-event-handler] o.a.k.c.ReplicationControlManager        : [QuorumController id=0] Replayed PartitionRecord for new partition __consumer_offsets-34 with topic ID WSarSHTHT6imvvxwaq6NPw and PartitionRegistration(replicas=[0], isr=[0], removingReplicas=[], addingReplicas=[], leader=0, leaderRecoveryState=RECOVERED, leaderEpoch=0, partitionEpoch=0).
2025-08-27T21:12:07.977+05:30  INFO 80076 --- [0-event-handler] o.a.k.c.ReplicationControlManager        : [QuorumController id=0] Replayed PartitionRecord for new partition __consumer_offsets-35 with topic ID WSarSHTHT6imvvxwaq6NPw and PartitionRegistration(replicas=[0], isr=[0], removingReplicas=[], addingReplicas=[], leader=0, leaderRecoveryState=RECOVERED, leaderEpoch=0, partitionEpoch=0).
2025-08-27T21:12:07.977+05:30  INFO 80076 --- [0-event-handler] o.a.k.c.ReplicationControlManager        : [QuorumController id=0] Replayed PartitionRecord for new partition __consumer_offsets-36 with topic ID WSarSHTHT6imvvxwaq6NPw and PartitionRegistration(replicas=[0], isr=[0], removingReplicas=[], addingReplicas=[], leader=0, leaderRecoveryState=RECOVERED, leaderEpoch=0, partitionEpoch=0).
2025-08-27T21:12:07.977+05:30  INFO 80076 --- [0-event-handler] o.a.k.c.ReplicationControlManager        : [QuorumController id=0] Replayed PartitionRecord for new partition __consumer_offsets-37 with topic ID WSarSHTHT6imvvxwaq6NPw and PartitionRegistration(replicas=[0], isr=[0], removingReplicas=[], addingReplicas=[], leader=0, leaderRecoveryState=RECOVERED, leaderEpoch=0, partitionEpoch=0).
2025-08-27T21:12:07.977+05:30  INFO 80076 --- [0-event-handler] o.a.k.c.ReplicationControlManager        : [QuorumController id=0] Replayed PartitionRecord for new partition __consumer_offsets-38 with topic ID WSarSHTHT6imvvxwaq6NPw and PartitionRegistration(replicas=[0], isr=[0], removingReplicas=[], addingReplicas=[], leader=0, leaderRecoveryState=RECOVERED, leaderEpoch=0, partitionEpoch=0).
2025-08-27T21:12:07.977+05:30  INFO 80076 --- [0-event-handler] o.a.k.c.ReplicationControlManager        : [QuorumController id=0] Replayed PartitionRecord for new partition __consumer_offsets-39 with topic ID WSarSHTHT6imvvxwaq6NPw and PartitionRegistration(replicas=[0], isr=[0], removingReplicas=[], addingReplicas=[], leader=0, leaderRecoveryState=RECOVERED, leaderEpoch=0, partitionEpoch=0).
2025-08-27T21:12:07.977+05:30  INFO 80076 --- [0-event-handler] o.a.k.c.ReplicationControlManager        : [QuorumController id=0] Replayed PartitionRecord for new partition __consumer_offsets-40 with topic ID WSarSHTHT6imvvxwaq6NPw and PartitionRegistration(replicas=[0], isr=[0], removingReplicas=[], addingReplicas=[], leader=0, leaderRecoveryState=RECOVERED, leaderEpoch=0, partitionEpoch=0).
2025-08-27T21:12:07.977+05:30  INFO 80076 --- [0-event-handler] o.a.k.c.ReplicationControlManager        : [QuorumController id=0] Replayed PartitionRecord for new partition __consumer_offsets-41 with topic ID WSarSHTHT6imvvxwaq6NPw and PartitionRegistration(replicas=[0], isr=[0], removingReplicas=[], addingReplicas=[], leader=0, leaderRecoveryState=RECOVERED, leaderEpoch=0, partitionEpoch=0).
2025-08-27T21:12:07.977+05:30  INFO 80076 --- [0-event-handler] o.a.k.c.ReplicationControlManager        : [QuorumController id=0] Replayed PartitionRecord for new partition __consumer_offsets-42 with topic ID WSarSHTHT6imvvxwaq6NPw and PartitionRegistration(replicas=[0], isr=[0], removingReplicas=[], addingReplicas=[], leader=0, leaderRecoveryState=RECOVERED, leaderEpoch=0, partitionEpoch=0).
2025-08-27T21:12:07.977+05:30  INFO 80076 --- [0-event-handler] o.a.k.c.ReplicationControlManager        : [QuorumController id=0] Replayed PartitionRecord for new partition __consumer_offsets-43 with topic ID WSarSHTHT6imvvxwaq6NPw and PartitionRegistration(replicas=[0], isr=[0], removingReplicas=[], addingReplicas=[], leader=0, leaderRecoveryState=RECOVERED, leaderEpoch=0, partitionEpoch=0).
2025-08-27T21:12:07.977+05:30  INFO 80076 --- [0-event-handler] o.a.k.c.ReplicationControlManager        : [QuorumController id=0] Replayed PartitionRecord for new partition __consumer_offsets-44 with topic ID WSarSHTHT6imvvxwaq6NPw and PartitionRegistration(replicas=[0], isr=[0], removingReplicas=[], addingReplicas=[], leader=0, leaderRecoveryState=RECOVERED, leaderEpoch=0, partitionEpoch=0).
2025-08-27T21:12:07.978+05:30  INFO 80076 --- [0-event-handler] o.a.k.c.ReplicationControlManager        : [QuorumController id=0] Replayed PartitionRecord for new partition __consumer_offsets-45 with topic ID WSarSHTHT6imvvxwaq6NPw and PartitionRegistration(replicas=[0], isr=[0], removingReplicas=[], addingReplicas=[], leader=0, leaderRecoveryState=RECOVERED, leaderEpoch=0, partitionEpoch=0).
2025-08-27T21:12:07.978+05:30  INFO 80076 --- [0-event-handler] o.a.k.c.ReplicationControlManager        : [QuorumController id=0] Replayed PartitionRecord for new partition __consumer_offsets-46 with topic ID WSarSHTHT6imvvxwaq6NPw and PartitionRegistration(replicas=[0], isr=[0], removingReplicas=[], addingReplicas=[], leader=0, leaderRecoveryState=RECOVERED, leaderEpoch=0, partitionEpoch=0).
2025-08-27T21:12:07.978+05:30  INFO 80076 --- [0-event-handler] o.a.k.c.ReplicationControlManager        : [QuorumController id=0] Replayed PartitionRecord for new partition __consumer_offsets-47 with topic ID WSarSHTHT6imvvxwaq6NPw and PartitionRegistration(replicas=[0], isr=[0], removingReplicas=[], addingReplicas=[], leader=0, leaderRecoveryState=RECOVERED, leaderEpoch=0, partitionEpoch=0).
2025-08-27T21:12:07.978+05:30  INFO 80076 --- [0-event-handler] o.a.k.c.ReplicationControlManager        : [QuorumController id=0] Replayed PartitionRecord for new partition __consumer_offsets-48 with topic ID WSarSHTHT6imvvxwaq6NPw and PartitionRegistration(replicas=[0], isr=[0], removingReplicas=[], addingReplicas=[], leader=0, leaderRecoveryState=RECOVERED, leaderEpoch=0, partitionEpoch=0).
2025-08-27T21:12:07.978+05:30  INFO 80076 --- [0-event-handler] o.a.k.c.ReplicationControlManager        : [QuorumController id=0] Replayed PartitionRecord for new partition __consumer_offsets-49 with topic ID WSarSHTHT6imvvxwaq6NPw and PartitionRegistration(replicas=[0], isr=[0], removingReplicas=[], addingReplicas=[], leader=0, leaderRecoveryState=RECOVERED, leaderEpoch=0, partitionEpoch=0).
2025-08-27T21:12:08.010+05:30  INFO 80076 --- [r-event-handler] state.change.logger                      : [Broker id=0] Transitioning 50 partition(s) to local leaders.
2025-08-27T21:12:08.010+05:30  INFO 80076 --- [r-event-handler] kafka.server.ReplicaFetcherManager       : [ReplicaFetcherManager on broker 0] Removed fetcher for partitions Set(__consumer_offsets-13, __consumer_offsets-46, __consumer_offsets-9, __consumer_offsets-42, __consumer_offsets-21, __consumer_offsets-17, __consumer_offsets-30, __consumer_offsets-26, __consumer_offsets-5, __consumer_offsets-38, __consumer_offsets-1, __consumer_offsets-34, __consumer_offsets-16, __consumer_offsets-45, __consumer_offsets-12, __consumer_offsets-41, __consumer_offsets-24, __consumer_offsets-20, __consumer_offsets-49, __consumer_offsets-0, __consumer_offsets-29, __consumer_offsets-25, __consumer_offsets-8, __consumer_offsets-37, __consumer_offsets-4, __consumer_offsets-33, __consumer_offsets-15, __consumer_offsets-48, __consumer_offsets-11, __consumer_offsets-44, __consumer_offsets-23, __consumer_offsets-19, __consumer_offsets-32, __consumer_offsets-28, __consumer_offsets-7, __consumer_offsets-40, __consumer_offsets-3, __consumer_offsets-36, __consumer_offsets-47, __consumer_offsets-14, __consumer_offsets-43, __consumer_offsets-10, __consumer_offsets-22, __consumer_offsets-18, __consumer_offsets-31, __consumer_offsets-27, __consumer_offsets-39, __consumer_offsets-6, __consumer_offsets-35, __consumer_offsets-2)
2025-08-27T21:12:08.010+05:30  INFO 80076 --- [r-event-handler] state.change.logger                      : [Broker id=0] Creating new partition __consumer_offsets-13 with topic id WSarSHTHT6imvvxwaq6NPw.
2025-08-27T21:12:08.018+05:30  INFO 80076 --- [r-event-handler] kafka.log.UnifiedLog$                    : [LogLoader partition=__consumer_offsets-13, dir=/var/folders/br/mtzz913n1n9cg4xf5vkksggc0000gp/T/kafka-13218852354303402366/broker_0_data0] Loading producer state till offset 0 with message format version 2
2025-08-27T21:12:08.019+05:30  INFO 80076 --- [r-event-handler] kafka.log.LogManager                     : Created log for partition __consumer_offsets-13 in /var/folders/br/mtzz913n1n9cg4xf5vkksggc0000gp/T/kafka-13218852354303402366/broker_0_data0/__consumer_offsets-13 with properties {cleanup.policy=compact, compression.type="producer", segment.bytes=104857600}
2025-08-27T21:12:08.019+05:30  INFO 80076 --- [r-event-handler] kafka.cluster.Partition                  : [Partition __consumer_offsets-13 broker=0] No checkpointed highwatermark is found for partition __consumer_offsets-13
2025-08-27T21:12:08.019+05:30  INFO 80076 --- [r-event-handler] kafka.cluster.Partition                  : [Partition __consumer_offsets-13 broker=0] Log loaded for partition __consumer_offsets-13 with initial high watermark 0
2025-08-27T21:12:08.019+05:30  INFO 80076 --- [r-event-handler] state.change.logger                      : [Broker id=0] Leader __consumer_offsets-13 with topic id Some(WSarSHTHT6imvvxwaq6NPw) starts at leader epoch 0 from offset 0 with partition epoch 0, high watermark 0, ISR [0], adding replicas [] and removing replicas [] . Previous leader None and previous leader epoch was -1.
2025-08-27T21:12:08.022+05:30  INFO 80076 --- [r-event-handler] state.change.logger                      : [Broker id=0] Creating new partition __consumer_offsets-46 with topic id WSarSHTHT6imvvxwaq6NPw.
2025-08-27T21:12:08.027+05:30  INFO 80076 --- [r-event-handler] kafka.log.UnifiedLog$                    : [LogLoader partition=__consumer_offsets-46, dir=/var/folders/br/mtzz913n1n9cg4xf5vkksggc0000gp/T/kafka-13218852354303402366/broker_0_data0] Loading producer state till offset 0 with message format version 2
2025-08-27T21:12:08.027+05:30  INFO 80076 --- [r-event-handler] kafka.log.LogManager                     : Created log for partition __consumer_offsets-46 in /var/folders/br/mtzz913n1n9cg4xf5vkksggc0000gp/T/kafka-13218852354303402366/broker_0_data0/__consumer_offsets-46 with properties {cleanup.policy=compact, compression.type="producer", segment.bytes=104857600}
2025-08-27T21:12:08.027+05:30  INFO 80076 --- [r-event-handler] kafka.cluster.Partition                  : [Partition __consumer_offsets-46 broker=0] No checkpointed highwatermark is found for partition __consumer_offsets-46
2025-08-27T21:12:08.028+05:30  INFO 80076 --- [r-event-handler] kafka.cluster.Partition                  : [Partition __consumer_offsets-46 broker=0] Log loaded for partition __consumer_offsets-46 with initial high watermark 0
2025-08-27T21:12:08.028+05:30  INFO 80076 --- [r-event-handler] state.change.logger                      : [Broker id=0] Leader __consumer_offsets-46 with topic id Some(WSarSHTHT6imvvxwaq6NPw) starts at leader epoch 0 from offset 0 with partition epoch 0, high watermark 0, ISR [0], adding replicas [] and removing replicas [] . Previous leader None and previous leader epoch was -1.
2025-08-27T21:12:08.034+05:30  INFO 80076 --- [r-event-handler] state.change.logger                      : [Broker id=0] Creating new partition __consumer_offsets-9 with topic id WSarSHTHT6imvvxwaq6NPw.
2025-08-27T21:12:08.040+05:30  INFO 80076 --- [r-event-handler] kafka.log.UnifiedLog$                    : [LogLoader partition=__consumer_offsets-9, dir=/var/folders/br/mtzz913n1n9cg4xf5vkksggc0000gp/T/kafka-13218852354303402366/broker_0_data0] Loading producer state till offset 0 with message format version 2
2025-08-27T21:12:08.041+05:30  INFO 80076 --- [r-event-handler] kafka.log.LogManager                     : Created log for partition __consumer_offsets-9 in /var/folders/br/mtzz913n1n9cg4xf5vkksggc0000gp/T/kafka-13218852354303402366/broker_0_data0/__consumer_offsets-9 with properties {cleanup.policy=compact, compression.type="producer", segment.bytes=104857600}
2025-08-27T21:12:08.041+05:30  INFO 80076 --- [r-event-handler] kafka.cluster.Partition                  : [Partition __consumer_offsets-9 broker=0] No checkpointed highwatermark is found for partition __consumer_offsets-9
2025-08-27T21:12:08.041+05:30  INFO 80076 --- [r-event-handler] kafka.cluster.Partition                  : [Partition __consumer_offsets-9 broker=0] Log loaded for partition __consumer_offsets-9 with initial high watermark 0
2025-08-27T21:12:08.041+05:30  INFO 80076 --- [r-event-handler] state.change.logger                      : [Broker id=0] Leader __consumer_offsets-9 with topic id Some(WSarSHTHT6imvvxwaq6NPw) starts at leader epoch 0 from offset 0 with partition epoch 0, high watermark 0, ISR [0], adding replicas [] and removing replicas [] . Previous leader None and previous leader epoch was -1.
2025-08-27T21:12:08.047+05:30  INFO 80076 --- [r-event-handler] state.change.logger                      : [Broker id=0] Creating new partition __consumer_offsets-42 with topic id WSarSHTHT6imvvxwaq6NPw.
2025-08-27T21:12:08.054+05:30  INFO 80076 --- [r-event-handler] kafka.log.UnifiedLog$                    : [LogLoader partition=__consumer_offsets-42, dir=/var/folders/br/mtzz913n1n9cg4xf5vkksggc0000gp/T/kafka-13218852354303402366/broker_0_data0] Loading producer state till offset 0 with message format version 2
2025-08-27T21:12:08.054+05:30  INFO 80076 --- [r-event-handler] kafka.log.LogManager                     : Created log for partition __consumer_offsets-42 in /var/folders/br/mtzz913n1n9cg4xf5vkksggc0000gp/T/kafka-13218852354303402366/broker_0_data0/__consumer_offsets-42 with properties {cleanup.policy=compact, compression.type="producer", segment.bytes=104857600}
2025-08-27T21:12:08.054+05:30  INFO 80076 --- [r-event-handler] kafka.cluster.Partition                  : [Partition __consumer_offsets-42 broker=0] No checkpointed highwatermark is found for partition __consumer_offsets-42
2025-08-27T21:12:08.054+05:30  INFO 80076 --- [r-event-handler] kafka.cluster.Partition                  : [Partition __consumer_offsets-42 broker=0] Log loaded for partition __consumer_offsets-42 with initial high watermark 0
2025-08-27T21:12:08.054+05:30  INFO 80076 --- [r-event-handler] state.change.logger                      : [Broker id=0] Leader __consumer_offsets-42 with topic id Some(WSarSHTHT6imvvxwaq6NPw) starts at leader epoch 0 from offset 0 with partition epoch 0, high watermark 0, ISR [0], adding replicas [] and removing replicas [] . Previous leader None and previous leader epoch was -1.
2025-08-27T21:12:08.061+05:30  INFO 80076 --- [r-event-handler] state.change.logger                      : [Broker id=0] Creating new partition __consumer_offsets-21 with topic id WSarSHTHT6imvvxwaq6NPw.
2025-08-27T21:12:08.065+05:30  INFO 80076 --- [r-event-handler] kafka.log.UnifiedLog$                    : [LogLoader partition=__consumer_offsets-21, dir=/var/folders/br/mtzz913n1n9cg4xf5vkksggc0000gp/T/kafka-13218852354303402366/broker_0_data0] Loading producer state till offset 0 with message format version 2
2025-08-27T21:12:08.065+05:30  INFO 80076 --- [r-event-handler] kafka.log.LogManager                     : Created log for partition __consumer_offsets-21 in /var/folders/br/mtzz913n1n9cg4xf5vkksggc0000gp/T/kafka-13218852354303402366/broker_0_data0/__consumer_offsets-21 with properties {cleanup.policy=compact, compression.type="producer", segment.bytes=104857600}
2025-08-27T21:12:08.065+05:30  INFO 80076 --- [r-event-handler] kafka.cluster.Partition                  : [Partition __consumer_offsets-21 broker=0] No checkpointed highwatermark is found for partition __consumer_offsets-21
2025-08-27T21:12:08.065+05:30  INFO 80076 --- [r-event-handler] kafka.cluster.Partition                  : [Partition __consumer_offsets-21 broker=0] Log loaded for partition __consumer_offsets-21 with initial high watermark 0
2025-08-27T21:12:08.065+05:30  INFO 80076 --- [r-event-handler] state.change.logger                      : [Broker id=0] Leader __consumer_offsets-21 with topic id Some(WSarSHTHT6imvvxwaq6NPw) starts at leader epoch 0 from offset 0 with partition epoch 0, high watermark 0, ISR [0], adding replicas [] and removing replicas [] . Previous leader None and previous leader epoch was -1.
2025-08-27T21:12:08.071+05:30  INFO 80076 --- [r-event-handler] state.change.logger                      : [Broker id=0] Creating new partition __consumer_offsets-17 with topic id WSarSHTHT6imvvxwaq6NPw.
2025-08-27T21:12:08.077+05:30  INFO 80076 --- [r-event-handler] kafka.log.UnifiedLog$                    : [LogLoader partition=__consumer_offsets-17, dir=/var/folders/br/mtzz913n1n9cg4xf5vkksggc0000gp/T/kafka-13218852354303402366/broker_0_data0] Loading producer state till offset 0 with message format version 2
2025-08-27T21:12:08.078+05:30  INFO 80076 --- [ntainer#0-0-C-1] o.a.k.c.c.internals.ConsumerCoordinator  : [Consumer clientId=consumer-sample-group-1, groupId=sample-group] Discovered group coordinator localhost:63600 (id: 2147483647 rack: null)
2025-08-27T21:12:08.078+05:30  INFO 80076 --- [r-event-handler] kafka.log.LogManager                     : Created log for partition __consumer_offsets-17 in /var/folders/br/mtzz913n1n9cg4xf5vkksggc0000gp/T/kafka-13218852354303402366/broker_0_data0/__consumer_offsets-17 with properties {cleanup.policy=compact, compression.type="producer", segment.bytes=104857600}
2025-08-27T21:12:08.078+05:30  INFO 80076 --- [r-event-handler] kafka.cluster.Partition                  : [Partition __consumer_offsets-17 broker=0] No checkpointed highwatermark is found for partition __consumer_offsets-17
2025-08-27T21:12:08.078+05:30  INFO 80076 --- [r-event-handler] kafka.cluster.Partition                  : [Partition __consumer_offsets-17 broker=0] Log loaded for partition __consumer_offsets-17 with initial high watermark 0
2025-08-27T21:12:08.078+05:30  INFO 80076 --- [r-event-handler] state.change.logger                      : [Broker id=0] Leader __consumer_offsets-17 with topic id Some(WSarSHTHT6imvvxwaq6NPw) starts at leader epoch 0 from offset 0 with partition epoch 0, high watermark 0, ISR [0], adding replicas [] and removing replicas [] . Previous leader None and previous leader epoch was -1.
2025-08-27T21:12:08.078+05:30  INFO 80076 --- [ntainer#0-0-C-1] o.a.k.c.c.internals.ConsumerCoordinator  : [Consumer clientId=consumer-sample-group-1, groupId=sample-group] (Re-)joining group
2025-08-27T21:12:08.082+05:30  INFO 80076 --- [r-event-handler] state.change.logger                      : [Broker id=0] Creating new partition __consumer_offsets-30 with topic id WSarSHTHT6imvvxwaq6NPw.
2025-08-27T21:12:08.083+05:30  INFO 80076 --- [ntainer#0-0-C-1] o.a.k.c.c.internals.ConsumerCoordinator  : [Consumer clientId=consumer-sample-group-1, groupId=sample-group] Group coordinator localhost:63600 (id: 2147483647 rack: null) is unavailable or invalid due to cause: error response NOT_COORDINATOR. isDisconnected: false. Rediscovery will be attempted.
2025-08-27T21:12:08.083+05:30  INFO 80076 --- [ntainer#0-0-C-1] o.a.k.c.c.internals.ConsumerCoordinator  : [Consumer clientId=consumer-sample-group-1, groupId=sample-group] Requesting disconnect from last known coordinator localhost:63600 (id: 2147483647 rack: null)
2025-08-27T21:12:08.083+05:30  INFO 80076 --- [ntainer#0-0-C-1] o.a.k.c.c.internals.ConsumerCoordinator  : [Consumer clientId=consumer-sample-group-1, groupId=sample-group] JoinGroup failed: This is not the correct coordinator. Marking coordinator unknown. Sent generation was Generation{generationId=-1, memberId='', protocol='null'}
2025-08-27T21:12:08.084+05:30  INFO 80076 --- [ntainer#0-0-C-1] org.apache.kafka.clients.NetworkClient   : [Consumer clientId=consumer-sample-group-1, groupId=sample-group] Client requested disconnect from node 2147483647
2025-08-27T21:12:08.085+05:30  INFO 80076 --- [ntainer#0-0-C-1] o.a.k.c.c.internals.ConsumerCoordinator  : [Consumer clientId=consumer-sample-group-1, groupId=sample-group] Discovered group coordinator localhost:63600 (id: 2147483647 rack: null)
2025-08-27T21:12:08.085+05:30  INFO 80076 --- [ntainer#0-0-C-1] o.a.k.c.c.internals.ConsumerCoordinator  : [Consumer clientId=consumer-sample-group-1, groupId=sample-group] Group coordinator localhost:63600 (id: 2147483647 rack: null) is unavailable or invalid due to cause: coordinator unavailable. isDisconnected: false. Rediscovery will be attempted.
2025-08-27T21:12:08.085+05:30  INFO 80076 --- [ntainer#0-0-C-1] o.a.k.c.c.internals.ConsumerCoordinator  : [Consumer clientId=consumer-sample-group-1, groupId=sample-group] Requesting disconnect from last known coordinator localhost:63600 (id: 2147483647 rack: null)
2025-08-27T21:12:08.087+05:30  INFO 80076 --- [r-event-handler] kafka.log.UnifiedLog$                    : [LogLoader partition=__consumer_offsets-30, dir=/var/folders/br/mtzz913n1n9cg4xf5vkksggc0000gp/T/kafka-13218852354303402366/broker_0_data0] Loading producer state till offset 0 with message format version 2
2025-08-27T21:12:08.087+05:30  INFO 80076 --- [r-event-handler] kafka.log.LogManager                     : Created log for partition __consumer_offsets-30 in /var/folders/br/mtzz913n1n9cg4xf5vkksggc0000gp/T/kafka-13218852354303402366/broker_0_data0/__consumer_offsets-30 with properties {cleanup.policy=compact, compression.type="producer", segment.bytes=104857600}
2025-08-27T21:12:08.087+05:30  INFO 80076 --- [r-event-handler] kafka.cluster.Partition                  : [Partition __consumer_offsets-30 broker=0] No checkpointed highwatermark is found for partition __consumer_offsets-30
2025-08-27T21:12:08.087+05:30  INFO 80076 --- [r-event-handler] kafka.cluster.Partition                  : [Partition __consumer_offsets-30 broker=0] Log loaded for partition __consumer_offsets-30 with initial high watermark 0
2025-08-27T21:12:08.087+05:30  INFO 80076 --- [r-event-handler] state.change.logger                      : [Broker id=0] Leader __consumer_offsets-30 with topic id Some(WSarSHTHT6imvvxwaq6NPw) starts at leader epoch 0 from offset 0 with partition epoch 0, high watermark 0, ISR [0], adding replicas [] and removing replicas [] . Previous leader None and previous leader epoch was -1.
2025-08-27T21:12:08.092+05:30  INFO 80076 --- [r-event-handler] state.change.logger                      : [Broker id=0] Creating new partition __consumer_offsets-26 with topic id WSarSHTHT6imvvxwaq6NPw.
2025-08-27T21:12:08.097+05:30  INFO 80076 --- [r-event-handler] kafka.log.UnifiedLog$                    : [LogLoader partition=__consumer_offsets-26, dir=/var/folders/br/mtzz913n1n9cg4xf5vkksggc0000gp/T/kafka-13218852354303402366/broker_0_data0] Loading producer state till offset 0 with message format version 2
2025-08-27T21:12:08.097+05:30  INFO 80076 --- [r-event-handler] kafka.log.LogManager                     : Created log for partition __consumer_offsets-26 in /var/folders/br/mtzz913n1n9cg4xf5vkksggc0000gp/T/kafka-13218852354303402366/broker_0_data0/__consumer_offsets-26 with properties {cleanup.policy=compact, compression.type="producer", segment.bytes=104857600}
2025-08-27T21:12:08.097+05:30  INFO 80076 --- [r-event-handler] kafka.cluster.Partition                  : [Partition __consumer_offsets-26 broker=0] No checkpointed highwatermark is found for partition __consumer_offsets-26
2025-08-27T21:12:08.097+05:30  INFO 80076 --- [r-event-handler] kafka.cluster.Partition                  : [Partition __consumer_offsets-26 broker=0] Log loaded for partition __consumer_offsets-26 with initial high watermark 0
2025-08-27T21:12:08.097+05:30  INFO 80076 --- [r-event-handler] state.change.logger                      : [Broker id=0] Leader __consumer_offsets-26 with topic id Some(WSarSHTHT6imvvxwaq6NPw) starts at leader epoch 0 from offset 0 with partition epoch 0, high watermark 0, ISR [0], adding replicas [] and removing replicas [] . Previous leader None and previous leader epoch was -1.
2025-08-27T21:12:08.102+05:30  INFO 80076 --- [r-event-handler] state.change.logger                      : [Broker id=0] Creating new partition __consumer_offsets-5 with topic id WSarSHTHT6imvvxwaq6NPw.
2025-08-27T21:12:08.106+05:30  INFO 80076 --- [r-event-handler] kafka.log.UnifiedLog$                    : [LogLoader partition=__consumer_offsets-5, dir=/var/folders/br/mtzz913n1n9cg4xf5vkksggc0000gp/T/kafka-13218852354303402366/broker_0_data0] Loading producer state till offset 0 with message format version 2
2025-08-27T21:12:08.106+05:30  INFO 80076 --- [r-event-handler] kafka.log.LogManager                     : Created log for partition __consumer_offsets-5 in /var/folders/br/mtzz913n1n9cg4xf5vkksggc0000gp/T/kafka-13218852354303402366/broker_0_data0/__consumer_offsets-5 with properties {cleanup.policy=compact, compression.type="producer", segment.bytes=104857600}
2025-08-27T21:12:08.106+05:30  INFO 80076 --- [r-event-handler] kafka.cluster.Partition                  : [Partition __consumer_offsets-5 broker=0] No checkpointed highwatermark is found for partition __consumer_offsets-5
2025-08-27T21:12:08.106+05:30  INFO 80076 --- [r-event-handler] kafka.cluster.Partition                  : [Partition __consumer_offsets-5 broker=0] Log loaded for partition __consumer_offsets-5 with initial high watermark 0
2025-08-27T21:12:08.106+05:30  INFO 80076 --- [r-event-handler] state.change.logger                      : [Broker id=0] Leader __consumer_offsets-5 with topic id Some(WSarSHTHT6imvvxwaq6NPw) starts at leader epoch 0 from offset 0 with partition epoch 0, high watermark 0, ISR [0], adding replicas [] and removing replicas [] . Previous leader None and previous leader epoch was -1.
2025-08-27T21:12:08.110+05:30  INFO 80076 --- [r-event-handler] state.change.logger                      : [Broker id=0] Creating new partition __consumer_offsets-38 with topic id WSarSHTHT6imvvxwaq6NPw.
2025-08-27T21:12:08.113+05:30  INFO 80076 --- [r-event-handler] kafka.log.UnifiedLog$                    : [LogLoader partition=__consumer_offsets-38, dir=/var/folders/br/mtzz913n1n9cg4xf5vkksggc0000gp/T/kafka-13218852354303402366/broker_0_data0] Loading producer state till offset 0 with message format version 2
2025-08-27T21:12:08.113+05:30  INFO 80076 --- [r-event-handler] kafka.log.LogManager                     : Created log for partition __consumer_offsets-38 in /var/folders/br/mtzz913n1n9cg4xf5vkksggc0000gp/T/kafka-13218852354303402366/broker_0_data0/__consumer_offsets-38 with properties {cleanup.policy=compact, compression.type="producer", segment.bytes=104857600}
2025-08-27T21:12:08.113+05:30  INFO 80076 --- [r-event-handler] kafka.cluster.Partition                  : [Partition __consumer_offsets-38 broker=0] No checkpointed highwatermark is found for partition __consumer_offsets-38
2025-08-27T21:12:08.113+05:30  INFO 80076 --- [r-event-handler] kafka.cluster.Partition                  : [Partition __consumer_offsets-38 broker=0] Log loaded for partition __consumer_offsets-38 with initial high watermark 0
2025-08-27T21:12:08.113+05:30  INFO 80076 --- [r-event-handler] state.change.logger                      : [Broker id=0] Leader __consumer_offsets-38 with topic id Some(WSarSHTHT6imvvxwaq6NPw) starts at leader epoch 0 from offset 0 with partition epoch 0, high watermark 0, ISR [0], adding replicas [] and removing replicas [] . Previous leader None and previous leader epoch was -1.
2025-08-27T21:12:08.117+05:30  INFO 80076 --- [r-event-handler] state.change.logger                      : [Broker id=0] Creating new partition __consumer_offsets-1 with topic id WSarSHTHT6imvvxwaq6NPw.
2025-08-27T21:12:08.123+05:30  INFO 80076 --- [r-event-handler] kafka.log.UnifiedLog$                    : [LogLoader partition=__consumer_offsets-1, dir=/var/folders/br/mtzz913n1n9cg4xf5vkksggc0000gp/T/kafka-13218852354303402366/broker_0_data0] Loading producer state till offset 0 with message format version 2
2025-08-27T21:12:08.123+05:30  INFO 80076 --- [r-event-handler] kafka.log.LogManager                     : Created log for partition __consumer_offsets-1 in /var/folders/br/mtzz913n1n9cg4xf5vkksggc0000gp/T/kafka-13218852354303402366/broker_0_data0/__consumer_offsets-1 with properties {cleanup.policy=compact, compression.type="producer", segment.bytes=104857600}
2025-08-27T21:12:08.123+05:30  INFO 80076 --- [r-event-handler] kafka.cluster.Partition                  : [Partition __consumer_offsets-1 broker=0] No checkpointed highwatermark is found for partition __consumer_offsets-1
2025-08-27T21:12:08.123+05:30  INFO 80076 --- [r-event-handler] kafka.cluster.Partition                  : [Partition __consumer_offsets-1 broker=0] Log loaded for partition __consumer_offsets-1 with initial high watermark 0
2025-08-27T21:12:08.123+05:30  INFO 80076 --- [r-event-handler] state.change.logger                      : [Broker id=0] Leader __consumer_offsets-1 with topic id Some(WSarSHTHT6imvvxwaq6NPw) starts at leader epoch 0 from offset 0 with partition epoch 0, high watermark 0, ISR [0], adding replicas [] and removing replicas [] . Previous leader None and previous leader epoch was -1.
2025-08-27T21:12:08.128+05:30  INFO 80076 --- [r-event-handler] state.change.logger                      : [Broker id=0] Creating new partition __consumer_offsets-34 with topic id WSarSHTHT6imvvxwaq6NPw.
2025-08-27T21:12:08.132+05:30  INFO 80076 --- [r-event-handler] kafka.log.UnifiedLog$                    : [LogLoader partition=__consumer_offsets-34, dir=/var/folders/br/mtzz913n1n9cg4xf5vkksggc0000gp/T/kafka-13218852354303402366/broker_0_data0] Loading producer state till offset 0 with message format version 2
2025-08-27T21:12:08.133+05:30  INFO 80076 --- [r-event-handler] kafka.log.LogManager                     : Created log for partition __consumer_offsets-34 in /var/folders/br/mtzz913n1n9cg4xf5vkksggc0000gp/T/kafka-13218852354303402366/broker_0_data0/__consumer_offsets-34 with properties {cleanup.policy=compact, compression.type="producer", segment.bytes=104857600}
2025-08-27T21:12:08.133+05:30  INFO 80076 --- [r-event-handler] kafka.cluster.Partition                  : [Partition __consumer_offsets-34 broker=0] No checkpointed highwatermark is found for partition __consumer_offsets-34
2025-08-27T21:12:08.133+05:30  INFO 80076 --- [r-event-handler] kafka.cluster.Partition                  : [Partition __consumer_offsets-34 broker=0] Log loaded for partition __consumer_offsets-34 with initial high watermark 0
2025-08-27T21:12:08.133+05:30  INFO 80076 --- [r-event-handler] state.change.logger                      : [Broker id=0] Leader __consumer_offsets-34 with topic id Some(WSarSHTHT6imvvxwaq6NPw) starts at leader epoch 0 from offset 0 with partition epoch 0, high watermark 0, ISR [0], adding replicas [] and removing replicas [] . Previous leader None and previous leader epoch was -1.
2025-08-27T21:12:08.136+05:30  INFO 80076 --- [r-event-handler] state.change.logger                      : [Broker id=0] Creating new partition __consumer_offsets-16 with topic id WSarSHTHT6imvvxwaq6NPw.
2025-08-27T21:12:08.139+05:30  INFO 80076 --- [r-event-handler] kafka.log.UnifiedLog$                    : [LogLoader partition=__consumer_offsets-16, dir=/var/folders/br/mtzz913n1n9cg4xf5vkksggc0000gp/T/kafka-13218852354303402366/broker_0_data0] Loading producer state till offset 0 with message format version 2
2025-08-27T21:12:08.139+05:30  INFO 80076 --- [r-event-handler] kafka.log.LogManager                     : Created log for partition __consumer_offsets-16 in /var/folders/br/mtzz913n1n9cg4xf5vkksggc0000gp/T/kafka-13218852354303402366/broker_0_data0/__consumer_offsets-16 with properties {cleanup.policy=compact, compression.type="producer", segment.bytes=104857600}
2025-08-27T21:12:08.139+05:30  INFO 80076 --- [r-event-handler] kafka.cluster.Partition                  : [Partition __consumer_offsets-16 broker=0] No checkpointed highwatermark is found for partition __consumer_offsets-16
2025-08-27T21:12:08.139+05:30  INFO 80076 --- [r-event-handler] kafka.cluster.Partition                  : [Partition __consumer_offsets-16 broker=0] Log loaded for partition __consumer_offsets-16 with initial high watermark 0
2025-08-27T21:12:08.139+05:30  INFO 80076 --- [r-event-handler] state.change.logger                      : [Broker id=0] Leader __consumer_offsets-16 with topic id Some(WSarSHTHT6imvvxwaq6NPw) starts at leader epoch 0 from offset 0 with partition epoch 0, high watermark 0, ISR [0], adding replicas [] and removing replicas [] . Previous leader None and previous leader epoch was -1.
2025-08-27T21:12:08.143+05:30  INFO 80076 --- [r-event-handler] state.change.logger                      : [Broker id=0] Creating new partition __consumer_offsets-45 with topic id WSarSHTHT6imvvxwaq6NPw.
2025-08-27T21:12:08.154+05:30  INFO 80076 --- [r-event-handler] kafka.log.UnifiedLog$                    : [LogLoader partition=__consumer_offsets-45, dir=/var/folders/br/mtzz913n1n9cg4xf5vkksggc0000gp/T/kafka-13218852354303402366/broker_0_data0] Loading producer state till offset 0 with message format version 2
2025-08-27T21:12:08.154+05:30  INFO 80076 --- [r-event-handler] kafka.log.LogManager                     : Created log for partition __consumer_offsets-45 in /var/folders/br/mtzz913n1n9cg4xf5vkksggc0000gp/T/kafka-13218852354303402366/broker_0_data0/__consumer_offsets-45 with properties {cleanup.policy=compact, compression.type="producer", segment.bytes=104857600}
2025-08-27T21:12:08.154+05:30  INFO 80076 --- [r-event-handler] kafka.cluster.Partition                  : [Partition __consumer_offsets-45 broker=0] No checkpointed highwatermark is found for partition __consumer_offsets-45
2025-08-27T21:12:08.154+05:30  INFO 80076 --- [r-event-handler] kafka.cluster.Partition                  : [Partition __consumer_offsets-45 broker=0] Log loaded for partition __consumer_offsets-45 with initial high watermark 0
2025-08-27T21:12:08.154+05:30  INFO 80076 --- [r-event-handler] state.change.logger                      : [Broker id=0] Leader __consumer_offsets-45 with topic id Some(WSarSHTHT6imvvxwaq6NPw) starts at leader epoch 0 from offset 0 with partition epoch 0, high watermark 0, ISR [0], adding replicas [] and removing replicas [] . Previous leader None and previous leader epoch was -1.
2025-08-27T21:12:08.160+05:30  INFO 80076 --- [r-event-handler] state.change.logger                      : [Broker id=0] Creating new partition __consumer_offsets-12 with topic id WSarSHTHT6imvvxwaq6NPw.
2025-08-27T21:12:08.163+05:30  INFO 80076 --- [r-event-handler] kafka.log.UnifiedLog$                    : [LogLoader partition=__consumer_offsets-12, dir=/var/folders/br/mtzz913n1n9cg4xf5vkksggc0000gp/T/kafka-13218852354303402366/broker_0_data0] Loading producer state till offset 0 with message format version 2
2025-08-27T21:12:08.164+05:30  INFO 80076 --- [r-event-handler] kafka.log.LogManager                     : Created log for partition __consumer_offsets-12 in /var/folders/br/mtzz913n1n9cg4xf5vkksggc0000gp/T/kafka-13218852354303402366/broker_0_data0/__consumer_offsets-12 with properties {cleanup.policy=compact, compression.type="producer", segment.bytes=104857600}
2025-08-27T21:12:08.164+05:30  INFO 80076 --- [r-event-handler] kafka.cluster.Partition                  : [Partition __consumer_offsets-12 broker=0] No checkpointed highwatermark is found for partition __consumer_offsets-12
2025-08-27T21:12:08.164+05:30  INFO 80076 --- [r-event-handler] kafka.cluster.Partition                  : [Partition __consumer_offsets-12 broker=0] Log loaded for partition __consumer_offsets-12 with initial high watermark 0
2025-08-27T21:12:08.164+05:30  INFO 80076 --- [r-event-handler] state.change.logger                      : [Broker id=0] Leader __consumer_offsets-12 with topic id Some(WSarSHTHT6imvvxwaq6NPw) starts at leader epoch 0 from offset 0 with partition epoch 0, high watermark 0, ISR [0], adding replicas [] and removing replicas [] . Previous leader None and previous leader epoch was -1.
2025-08-27T21:12:08.171+05:30  INFO 80076 --- [r-event-handler] state.change.logger                      : [Broker id=0] Creating new partition __consumer_offsets-41 with topic id WSarSHTHT6imvvxwaq6NPw.
2025-08-27T21:12:08.174+05:30  INFO 80076 --- [r-event-handler] kafka.log.UnifiedLog$                    : [LogLoader partition=__consumer_offsets-41, dir=/var/folders/br/mtzz913n1n9cg4xf5vkksggc0000gp/T/kafka-13218852354303402366/broker_0_data0] Loading producer state till offset 0 with message format version 2
2025-08-27T21:12:08.175+05:30  INFO 80076 --- [r-event-handler] kafka.log.LogManager                     : Created log for partition __consumer_offsets-41 in /var/folders/br/mtzz913n1n9cg4xf5vkksggc0000gp/T/kafka-13218852354303402366/broker_0_data0/__consumer_offsets-41 with properties {cleanup.policy=compact, compression.type="producer", segment.bytes=104857600}
2025-08-27T21:12:08.175+05:30  INFO 80076 --- [r-event-handler] kafka.cluster.Partition                  : [Partition __consumer_offsets-41 broker=0] No checkpointed highwatermark is found for partition __consumer_offsets-41
2025-08-27T21:12:08.175+05:30  INFO 80076 --- [r-event-handler] kafka.cluster.Partition                  : [Partition __consumer_offsets-41 broker=0] Log loaded for partition __consumer_offsets-41 with initial high watermark 0
2025-08-27T21:12:08.175+05:30  INFO 80076 --- [r-event-handler] state.change.logger                      : [Broker id=0] Leader __consumer_offsets-41 with topic id Some(WSarSHTHT6imvvxwaq6NPw) starts at leader epoch 0 from offset 0 with partition epoch 0, high watermark 0, ISR [0], adding replicas [] and removing replicas [] . Previous leader None and previous leader epoch was -1.
2025-08-27T21:12:08.179+05:30  INFO 80076 --- [r-event-handler] state.change.logger                      : [Broker id=0] Creating new partition __consumer_offsets-24 with topic id WSarSHTHT6imvvxwaq6NPw.
2025-08-27T21:12:08.182+05:30  INFO 80076 --- [r-event-handler] kafka.log.UnifiedLog$                    : [LogLoader partition=__consumer_offsets-24, dir=/var/folders/br/mtzz913n1n9cg4xf5vkksggc0000gp/T/kafka-13218852354303402366/broker_0_data0] Loading producer state till offset 0 with message format version 2
2025-08-27T21:12:08.182+05:30  INFO 80076 --- [r-event-handler] kafka.log.LogManager                     : Created log for partition __consumer_offsets-24 in /var/folders/br/mtzz913n1n9cg4xf5vkksggc0000gp/T/kafka-13218852354303402366/broker_0_data0/__consumer_offsets-24 with properties {cleanup.policy=compact, compression.type="producer", segment.bytes=104857600}
2025-08-27T21:12:08.182+05:30  INFO 80076 --- [r-event-handler] kafka.cluster.Partition                  : [Partition __consumer_offsets-24 broker=0] No checkpointed highwatermark is found for partition __consumer_offsets-24
2025-08-27T21:12:08.182+05:30  INFO 80076 --- [r-event-handler] kafka.cluster.Partition                  : [Partition __consumer_offsets-24 broker=0] Log loaded for partition __consumer_offsets-24 with initial high watermark 0
2025-08-27T21:12:08.183+05:30  INFO 80076 --- [r-event-handler] state.change.logger                      : [Broker id=0] Leader __consumer_offsets-24 with topic id Some(WSarSHTHT6imvvxwaq6NPw) starts at leader epoch 0 from offset 0 with partition epoch 0, high watermark 0, ISR [0], adding replicas [] and removing replicas [] . Previous leader None and previous leader epoch was -1.
2025-08-27T21:12:08.188+05:30  INFO 80076 --- [r-event-handler] state.change.logger                      : [Broker id=0] Creating new partition __consumer_offsets-20 with topic id WSarSHTHT6imvvxwaq6NPw.
2025-08-27T21:12:08.192+05:30  INFO 80076 --- [ntainer#0-0-C-1] o.a.k.c.c.internals.ConsumerCoordinator  : [Consumer clientId=consumer-sample-group-1, groupId=sample-group] Discovered group coordinator localhost:63600 (id: 2147483647 rack: null)
2025-08-27T21:12:08.192+05:30  INFO 80076 --- [r-event-handler] kafka.log.UnifiedLog$                    : [LogLoader partition=__consumer_offsets-20, dir=/var/folders/br/mtzz913n1n9cg4xf5vkksggc0000gp/T/kafka-13218852354303402366/broker_0_data0] Loading producer state till offset 0 with message format version 2
2025-08-27T21:12:08.193+05:30  INFO 80076 --- [r-event-handler] kafka.log.LogManager                     : Created log for partition __consumer_offsets-20 in /var/folders/br/mtzz913n1n9cg4xf5vkksggc0000gp/T/kafka-13218852354303402366/broker_0_data0/__consumer_offsets-20 with properties {cleanup.policy=compact, compression.type="producer", segment.bytes=104857600}
2025-08-27T21:12:08.193+05:30  INFO 80076 --- [r-event-handler] kafka.cluster.Partition                  : [Partition __consumer_offsets-20 broker=0] No checkpointed highwatermark is found for partition __consumer_offsets-20
2025-08-27T21:12:08.193+05:30  INFO 80076 --- [r-event-handler] kafka.cluster.Partition                  : [Partition __consumer_offsets-20 broker=0] Log loaded for partition __consumer_offsets-20 with initial high watermark 0
2025-08-27T21:12:08.193+05:30  INFO 80076 --- [r-event-handler] state.change.logger                      : [Broker id=0] Leader __consumer_offsets-20 with topic id Some(WSarSHTHT6imvvxwaq6NPw) starts at leader epoch 0 from offset 0 with partition epoch 0, high watermark 0, ISR [0], adding replicas [] and removing replicas [] . Previous leader None and previous leader epoch was -1.
2025-08-27T21:12:08.194+05:30  INFO 80076 --- [ntainer#0-0-C-1] o.a.k.c.c.internals.ConsumerCoordinator  : [Consumer clientId=consumer-sample-group-1, groupId=sample-group] Request joining group due to: rebalance failed due to 'This is not the correct coordinator.' (NotCoordinatorException)
2025-08-27T21:12:08.195+05:30  INFO 80076 --- [ntainer#0-0-C-1] o.a.k.c.c.internals.ConsumerCoordinator  : [Consumer clientId=consumer-sample-group-1, groupId=sample-group] (Re-)joining group
2025-08-27T21:12:08.196+05:30  INFO 80076 --- [r-event-handler] state.change.logger                      : [Broker id=0] Creating new partition __consumer_offsets-49 with topic id WSarSHTHT6imvvxwaq6NPw.
2025-08-27T21:12:08.200+05:30  INFO 80076 --- [ntainer#0-0-C-1] o.a.k.c.c.internals.ConsumerCoordinator  : [Consumer clientId=consumer-sample-group-1, groupId=sample-group] Group coordinator localhost:63600 (id: 2147483647 rack: null) is unavailable or invalid due to cause: error response NOT_COORDINATOR. isDisconnected: false. Rediscovery will be attempted.
2025-08-27T21:12:08.200+05:30  INFO 80076 --- [ntainer#0-0-C-1] o.a.k.c.c.internals.ConsumerCoordinator  : [Consumer clientId=consumer-sample-group-1, groupId=sample-group] Requesting disconnect from last known coordinator localhost:63600 (id: 2147483647 rack: null)
2025-08-27T21:12:08.200+05:30  INFO 80076 --- [ntainer#0-0-C-1] o.a.k.c.c.internals.ConsumerCoordinator  : [Consumer clientId=consumer-sample-group-1, groupId=sample-group] JoinGroup failed: This is not the correct coordinator. Marking coordinator unknown. Sent generation was Generation{generationId=-1, memberId='', protocol='null'}
2025-08-27T21:12:08.200+05:30  INFO 80076 --- [ntainer#0-0-C-1] org.apache.kafka.clients.NetworkClient   : [Consumer clientId=consumer-sample-group-1, groupId=sample-group] Client requested disconnect from node 2147483647
2025-08-27T21:12:08.202+05:30  INFO 80076 --- [r-event-handler] kafka.log.UnifiedLog$                    : [LogLoader partition=__consumer_offsets-49, dir=/var/folders/br/mtzz913n1n9cg4xf5vkksggc0000gp/T/kafka-13218852354303402366/broker_0_data0] Loading producer state till offset 0 with message format version 2
2025-08-27T21:12:08.202+05:30  INFO 80076 --- [r-event-handler] kafka.log.LogManager                     : Created log for partition __consumer_offsets-49 in /var/folders/br/mtzz913n1n9cg4xf5vkksggc0000gp/T/kafka-13218852354303402366/broker_0_data0/__consumer_offsets-49 with properties {cleanup.policy=compact, compression.type="producer", segment.bytes=104857600}
2025-08-27T21:12:08.202+05:30  INFO 80076 --- [r-event-handler] kafka.cluster.Partition                  : [Partition __consumer_offsets-49 broker=0] No checkpointed highwatermark is found for partition __consumer_offsets-49
2025-08-27T21:12:08.202+05:30  INFO 80076 --- [r-event-handler] kafka.cluster.Partition                  : [Partition __consumer_offsets-49 broker=0] Log loaded for partition __consumer_offsets-49 with initial high watermark 0
2025-08-27T21:12:08.202+05:30  INFO 80076 --- [r-event-handler] state.change.logger                      : [Broker id=0] Leader __consumer_offsets-49 with topic id Some(WSarSHTHT6imvvxwaq6NPw) starts at leader epoch 0 from offset 0 with partition epoch 0, high watermark 0, ISR [0], adding replicas [] and removing replicas [] . Previous leader None and previous leader epoch was -1.
2025-08-27T21:12:08.203+05:30  INFO 80076 --- [ntainer#0-0-C-1] o.a.k.c.c.internals.ConsumerCoordinator  : [Consumer clientId=consumer-sample-group-1, groupId=sample-group] Discovered group coordinator localhost:63600 (id: 2147483647 rack: null)
2025-08-27T21:12:08.203+05:30  INFO 80076 --- [ntainer#0-0-C-1] o.a.k.c.c.internals.ConsumerCoordinator  : [Consumer clientId=consumer-sample-group-1, groupId=sample-group] Group coordinator localhost:63600 (id: 2147483647 rack: null) is unavailable or invalid due to cause: coordinator unavailable. isDisconnected: false. Rediscovery will be attempted.
2025-08-27T21:12:08.203+05:30  INFO 80076 --- [ntainer#0-0-C-1] o.a.k.c.c.internals.ConsumerCoordinator  : [Consumer clientId=consumer-sample-group-1, groupId=sample-group] Requesting disconnect from last known coordinator localhost:63600 (id: 2147483647 rack: null)
2025-08-27T21:12:08.205+05:30  INFO 80076 --- [r-event-handler] state.change.logger                      : [Broker id=0] Creating new partition __consumer_offsets-0 with topic id WSarSHTHT6imvvxwaq6NPw.
2025-08-27T21:12:08.209+05:30  INFO 80076 --- [r-event-handler] kafka.log.UnifiedLog$                    : [LogLoader partition=__consumer_offsets-0, dir=/var/folders/br/mtzz913n1n9cg4xf5vkksggc0000gp/T/kafka-13218852354303402366/broker_0_data0] Loading producer state till offset 0 with message format version 2
2025-08-27T21:12:08.210+05:30  INFO 80076 --- [r-event-handler] kafka.log.LogManager                     : Created log for partition __consumer_offsets-0 in /var/folders/br/mtzz913n1n9cg4xf5vkksggc0000gp/T/kafka-13218852354303402366/broker_0_data0/__consumer_offsets-0 with properties {cleanup.policy=compact, compression.type="producer", segment.bytes=104857600}
2025-08-27T21:12:08.210+05:30  INFO 80076 --- [r-event-handler] kafka.cluster.Partition                  : [Partition __consumer_offsets-0 broker=0] No checkpointed highwatermark is found for partition __consumer_offsets-0
2025-08-27T21:12:08.210+05:30  INFO 80076 --- [r-event-handler] kafka.cluster.Partition                  : [Partition __consumer_offsets-0 broker=0] Log loaded for partition __consumer_offsets-0 with initial high watermark 0
2025-08-27T21:12:08.210+05:30  INFO 80076 --- [r-event-handler] state.change.logger                      : [Broker id=0] Leader __consumer_offsets-0 with topic id Some(WSarSHTHT6imvvxwaq6NPw) starts at leader epoch 0 from offset 0 with partition epoch 0, high watermark 0, ISR [0], adding replicas [] and removing replicas [] . Previous leader None and previous leader epoch was -1.
2025-08-27T21:12:08.213+05:30  INFO 80076 --- [r-event-handler] state.change.logger                      : [Broker id=0] Creating new partition __consumer_offsets-29 with topic id WSarSHTHT6imvvxwaq6NPw.
2025-08-27T21:12:08.216+05:30  INFO 80076 --- [r-event-handler] kafka.log.UnifiedLog$                    : [LogLoader partition=__consumer_offsets-29, dir=/var/folders/br/mtzz913n1n9cg4xf5vkksggc0000gp/T/kafka-13218852354303402366/broker_0_data0] Loading producer state till offset 0 with message format version 2
2025-08-27T21:12:08.217+05:30  INFO 80076 --- [r-event-handler] kafka.log.LogManager                     : Created log for partition __consumer_offsets-29 in /var/folders/br/mtzz913n1n9cg4xf5vkksggc0000gp/T/kafka-13218852354303402366/broker_0_data0/__consumer_offsets-29 with properties {cleanup.policy=compact, compression.type="producer", segment.bytes=104857600}
2025-08-27T21:12:08.217+05:30  INFO 80076 --- [r-event-handler] kafka.cluster.Partition                  : [Partition __consumer_offsets-29 broker=0] No checkpointed highwatermark is found for partition __consumer_offsets-29
2025-08-27T21:12:08.217+05:30  INFO 80076 --- [r-event-handler] kafka.cluster.Partition                  : [Partition __consumer_offsets-29 broker=0] Log loaded for partition __consumer_offsets-29 with initial high watermark 0
2025-08-27T21:12:08.217+05:30  INFO 80076 --- [r-event-handler] state.change.logger                      : [Broker id=0] Leader __consumer_offsets-29 with topic id Some(WSarSHTHT6imvvxwaq6NPw) starts at leader epoch 0 from offset 0 with partition epoch 0, high watermark 0, ISR [0], adding replicas [] and removing replicas [] . Previous leader None and previous leader epoch was -1.
2025-08-27T21:12:08.222+05:30  INFO 80076 --- [r-event-handler] state.change.logger                      : [Broker id=0] Creating new partition __consumer_offsets-25 with topic id WSarSHTHT6imvvxwaq6NPw.
2025-08-27T21:12:08.225+05:30  INFO 80076 --- [r-event-handler] kafka.log.UnifiedLog$                    : [LogLoader partition=__consumer_offsets-25, dir=/var/folders/br/mtzz913n1n9cg4xf5vkksggc0000gp/T/kafka-13218852354303402366/broker_0_data0] Loading producer state till offset 0 with message format version 2
2025-08-27T21:12:08.225+05:30  INFO 80076 --- [r-event-handler] kafka.log.LogManager                     : Created log for partition __consumer_offsets-25 in /var/folders/br/mtzz913n1n9cg4xf5vkksggc0000gp/T/kafka-13218852354303402366/broker_0_data0/__consumer_offsets-25 with properties {cleanup.policy=compact, compression.type="producer", segment.bytes=104857600}
2025-08-27T21:12:08.225+05:30  INFO 80076 --- [r-event-handler] kafka.cluster.Partition                  : [Partition __consumer_offsets-25 broker=0] No checkpointed highwatermark is found for partition __consumer_offsets-25
2025-08-27T21:12:08.225+05:30  INFO 80076 --- [r-event-handler] kafka.cluster.Partition                  : [Partition __consumer_offsets-25 broker=0] Log loaded for partition __consumer_offsets-25 with initial high watermark 0
2025-08-27T21:12:08.225+05:30  INFO 80076 --- [r-event-handler] state.change.logger                      : [Broker id=0] Leader __consumer_offsets-25 with topic id Some(WSarSHTHT6imvvxwaq6NPw) starts at leader epoch 0 from offset 0 with partition epoch 0, high watermark 0, ISR [0], adding replicas [] and removing replicas [] . Previous leader None and previous leader epoch was -1.
2025-08-27T21:12:08.229+05:30  INFO 80076 --- [r-event-handler] state.change.logger                      : [Broker id=0] Creating new partition __consumer_offsets-8 with topic id WSarSHTHT6imvvxwaq6NPw.
2025-08-27T21:12:08.232+05:30  INFO 80076 --- [r-event-handler] kafka.log.UnifiedLog$                    : [LogLoader partition=__consumer_offsets-8, dir=/var/folders/br/mtzz913n1n9cg4xf5vkksggc0000gp/T/kafka-13218852354303402366/broker_0_data0] Loading producer state till offset 0 with message format version 2
2025-08-27T21:12:08.232+05:30  INFO 80076 --- [r-event-handler] kafka.log.LogManager                     : Created log for partition __consumer_offsets-8 in /var/folders/br/mtzz913n1n9cg4xf5vkksggc0000gp/T/kafka-13218852354303402366/broker_0_data0/__consumer_offsets-8 with properties {cleanup.policy=compact, compression.type="producer", segment.bytes=104857600}
2025-08-27T21:12:08.232+05:30  INFO 80076 --- [r-event-handler] kafka.cluster.Partition                  : [Partition __consumer_offsets-8 broker=0] No checkpointed highwatermark is found for partition __consumer_offsets-8
2025-08-27T21:12:08.232+05:30  INFO 80076 --- [r-event-handler] kafka.cluster.Partition                  : [Partition __consumer_offsets-8 broker=0] Log loaded for partition __consumer_offsets-8 with initial high watermark 0
2025-08-27T21:12:08.232+05:30  INFO 80076 --- [r-event-handler] state.change.logger                      : [Broker id=0] Leader __consumer_offsets-8 with topic id Some(WSarSHTHT6imvvxwaq6NPw) starts at leader epoch 0 from offset 0 with partition epoch 0, high watermark 0, ISR [0], adding replicas [] and removing replicas [] . Previous leader None and previous leader epoch was -1.
2025-08-27T21:12:08.238+05:30  INFO 80076 --- [r-event-handler] state.change.logger                      : [Broker id=0] Creating new partition __consumer_offsets-37 with topic id WSarSHTHT6imvvxwaq6NPw.
2025-08-27T21:12:08.243+05:30  INFO 80076 --- [r-event-handler] kafka.log.UnifiedLog$                    : [LogLoader partition=__consumer_offsets-37, dir=/var/folders/br/mtzz913n1n9cg4xf5vkksggc0000gp/T/kafka-13218852354303402366/broker_0_data0] Loading producer state till offset 0 with message format version 2
2025-08-27T21:12:08.243+05:30  INFO 80076 --- [r-event-handler] kafka.log.LogManager                     : Created log for partition __consumer_offsets-37 in /var/folders/br/mtzz913n1n9cg4xf5vkksggc0000gp/T/kafka-13218852354303402366/broker_0_data0/__consumer_offsets-37 with properties {cleanup.policy=compact, compression.type="producer", segment.bytes=104857600}
2025-08-27T21:12:08.243+05:30  INFO 80076 --- [r-event-handler] kafka.cluster.Partition                  : [Partition __consumer_offsets-37 broker=0] No checkpointed highwatermark is found for partition __consumer_offsets-37
2025-08-27T21:12:08.243+05:30  INFO 80076 --- [r-event-handler] kafka.cluster.Partition                  : [Partition __consumer_offsets-37 broker=0] Log loaded for partition __consumer_offsets-37 with initial high watermark 0
2025-08-27T21:12:08.243+05:30  INFO 80076 --- [r-event-handler] state.change.logger                      : [Broker id=0] Leader __consumer_offsets-37 with topic id Some(WSarSHTHT6imvvxwaq6NPw) starts at leader epoch 0 from offset 0 with partition epoch 0, high watermark 0, ISR [0], adding replicas [] and removing replicas [] . Previous leader None and previous leader epoch was -1.
2025-08-27T21:12:08.248+05:30  INFO 80076 --- [r-event-handler] state.change.logger                      : [Broker id=0] Creating new partition __consumer_offsets-4 with topic id WSarSHTHT6imvvxwaq6NPw.
2025-08-27T21:12:08.251+05:30  INFO 80076 --- [r-event-handler] kafka.log.UnifiedLog$                    : [LogLoader partition=__consumer_offsets-4, dir=/var/folders/br/mtzz913n1n9cg4xf5vkksggc0000gp/T/kafka-13218852354303402366/broker_0_data0] Loading producer state till offset 0 with message format version 2
2025-08-27T21:12:08.251+05:30  INFO 80076 --- [r-event-handler] kafka.log.LogManager                     : Created log for partition __consumer_offsets-4 in /var/folders/br/mtzz913n1n9cg4xf5vkksggc0000gp/T/kafka-13218852354303402366/broker_0_data0/__consumer_offsets-4 with properties {cleanup.policy=compact, compression.type="producer", segment.bytes=104857600}
2025-08-27T21:12:08.251+05:30  INFO 80076 --- [r-event-handler] kafka.cluster.Partition                  : [Partition __consumer_offsets-4 broker=0] No checkpointed highwatermark is found for partition __consumer_offsets-4
2025-08-27T21:12:08.251+05:30  INFO 80076 --- [r-event-handler] kafka.cluster.Partition                  : [Partition __consumer_offsets-4 broker=0] Log loaded for partition __consumer_offsets-4 with initial high watermark 0
2025-08-27T21:12:08.251+05:30  INFO 80076 --- [r-event-handler] state.change.logger                      : [Broker id=0] Leader __consumer_offsets-4 with topic id Some(WSarSHTHT6imvvxwaq6NPw) starts at leader epoch 0 from offset 0 with partition epoch 0, high watermark 0, ISR [0], adding replicas [] and removing replicas [] . Previous leader None and previous leader epoch was -1.
2025-08-27T21:12:08.253+05:30  INFO 80076 --- [r-event-handler] state.change.logger                      : [Broker id=0] Creating new partition __consumer_offsets-33 with topic id WSarSHTHT6imvvxwaq6NPw.
2025-08-27T21:12:08.260+05:30  INFO 80076 --- [r-event-handler] kafka.log.UnifiedLog$                    : [LogLoader partition=__consumer_offsets-33, dir=/var/folders/br/mtzz913n1n9cg4xf5vkksggc0000gp/T/kafka-13218852354303402366/broker_0_data0] Loading producer state till offset 0 with message format version 2
2025-08-27T21:12:08.260+05:30  INFO 80076 --- [r-event-handler] kafka.log.LogManager                     : Created log for partition __consumer_offsets-33 in /var/folders/br/mtzz913n1n9cg4xf5vkksggc0000gp/T/kafka-13218852354303402366/broker_0_data0/__consumer_offsets-33 with properties {cleanup.policy=compact, compression.type="producer", segment.bytes=104857600}
2025-08-27T21:12:08.260+05:30  INFO 80076 --- [r-event-handler] kafka.cluster.Partition                  : [Partition __consumer_offsets-33 broker=0] No checkpointed highwatermark is found for partition __consumer_offsets-33
2025-08-27T21:12:08.260+05:30  INFO 80076 --- [r-event-handler] kafka.cluster.Partition                  : [Partition __consumer_offsets-33 broker=0] Log loaded for partition __consumer_offsets-33 with initial high watermark 0
2025-08-27T21:12:08.260+05:30  INFO 80076 --- [r-event-handler] state.change.logger                      : [Broker id=0] Leader __consumer_offsets-33 with topic id Some(WSarSHTHT6imvvxwaq6NPw) starts at leader epoch 0 from offset 0 with partition epoch 0, high watermark 0, ISR [0], adding replicas [] and removing replicas [] . Previous leader None and previous leader epoch was -1.
2025-08-27T21:12:08.265+05:30  INFO 80076 --- [r-event-handler] state.change.logger                      : [Broker id=0] Creating new partition __consumer_offsets-15 with topic id WSarSHTHT6imvvxwaq6NPw.
2025-08-27T21:12:08.268+05:30  INFO 80076 --- [r-event-handler] kafka.log.UnifiedLog$                    : [LogLoader partition=__consumer_offsets-15, dir=/var/folders/br/mtzz913n1n9cg4xf5vkksggc0000gp/T/kafka-13218852354303402366/broker_0_data0] Loading producer state till offset 0 with message format version 2
2025-08-27T21:12:08.269+05:30  INFO 80076 --- [r-event-handler] kafka.log.LogManager                     : Created log for partition __consumer_offsets-15 in /var/folders/br/mtzz913n1n9cg4xf5vkksggc0000gp/T/kafka-13218852354303402366/broker_0_data0/__consumer_offsets-15 with properties {cleanup.policy=compact, compression.type="producer", segment.bytes=104857600}
2025-08-27T21:12:08.269+05:30  INFO 80076 --- [r-event-handler] kafka.cluster.Partition                  : [Partition __consumer_offsets-15 broker=0] No checkpointed highwatermark is found for partition __consumer_offsets-15
2025-08-27T21:12:08.269+05:30  INFO 80076 --- [r-event-handler] kafka.cluster.Partition                  : [Partition __consumer_offsets-15 broker=0] Log loaded for partition __consumer_offsets-15 with initial high watermark 0
2025-08-27T21:12:08.269+05:30  INFO 80076 --- [r-event-handler] state.change.logger                      : [Broker id=0] Leader __consumer_offsets-15 with topic id Some(WSarSHTHT6imvvxwaq6NPw) starts at leader epoch 0 from offset 0 with partition epoch 0, high watermark 0, ISR [0], adding replicas [] and removing replicas [] . Previous leader None and previous leader epoch was -1.
2025-08-27T21:12:08.272+05:30  INFO 80076 --- [r-event-handler] state.change.logger                      : [Broker id=0] Creating new partition __consumer_offsets-48 with topic id WSarSHTHT6imvvxwaq6NPw.
2025-08-27T21:12:08.276+05:30  INFO 80076 --- [r-event-handler] kafka.log.UnifiedLog$                    : [LogLoader partition=__consumer_offsets-48, dir=/var/folders/br/mtzz913n1n9cg4xf5vkksggc0000gp/T/kafka-13218852354303402366/broker_0_data0] Loading producer state till offset 0 with message format version 2
2025-08-27T21:12:08.276+05:30  INFO 80076 --- [r-event-handler] kafka.log.LogManager                     : Created log for partition __consumer_offsets-48 in /var/folders/br/mtzz913n1n9cg4xf5vkksggc0000gp/T/kafka-13218852354303402366/broker_0_data0/__consumer_offsets-48 with properties {cleanup.policy=compact, compression.type="producer", segment.bytes=104857600}
2025-08-27T21:12:08.276+05:30  INFO 80076 --- [r-event-handler] kafka.cluster.Partition                  : [Partition __consumer_offsets-48 broker=0] No checkpointed highwatermark is found for partition __consumer_offsets-48
2025-08-27T21:12:08.276+05:30  INFO 80076 --- [r-event-handler] kafka.cluster.Partition                  : [Partition __consumer_offsets-48 broker=0] Log loaded for partition __consumer_offsets-48 with initial high watermark 0
2025-08-27T21:12:08.276+05:30  INFO 80076 --- [r-event-handler] state.change.logger                      : [Broker id=0] Leader __consumer_offsets-48 with topic id Some(WSarSHTHT6imvvxwaq6NPw) starts at leader epoch 0 from offset 0 with partition epoch 0, high watermark 0, ISR [0], adding replicas [] and removing replicas [] . Previous leader None and previous leader epoch was -1.
2025-08-27T21:12:08.280+05:30  INFO 80076 --- [r-event-handler] state.change.logger                      : [Broker id=0] Creating new partition __consumer_offsets-11 with topic id WSarSHTHT6imvvxwaq6NPw.
2025-08-27T21:12:08.284+05:30  INFO 80076 --- [r-event-handler] kafka.log.UnifiedLog$                    : [LogLoader partition=__consumer_offsets-11, dir=/var/folders/br/mtzz913n1n9cg4xf5vkksggc0000gp/T/kafka-13218852354303402366/broker_0_data0] Loading producer state till offset 0 with message format version 2
2025-08-27T21:12:08.284+05:30  INFO 80076 --- [r-event-handler] kafka.log.LogManager                     : Created log for partition __consumer_offsets-11 in /var/folders/br/mtzz913n1n9cg4xf5vkksggc0000gp/T/kafka-13218852354303402366/broker_0_data0/__consumer_offsets-11 with properties {cleanup.policy=compact, compression.type="producer", segment.bytes=104857600}
2025-08-27T21:12:08.284+05:30  INFO 80076 --- [r-event-handler] kafka.cluster.Partition                  : [Partition __consumer_offsets-11 broker=0] No checkpointed highwatermark is found for partition __consumer_offsets-11
2025-08-27T21:12:08.284+05:30  INFO 80076 --- [r-event-handler] kafka.cluster.Partition                  : [Partition __consumer_offsets-11 broker=0] Log loaded for partition __consumer_offsets-11 with initial high watermark 0
2025-08-27T21:12:08.284+05:30  INFO 80076 --- [r-event-handler] state.change.logger                      : [Broker id=0] Leader __consumer_offsets-11 with topic id Some(WSarSHTHT6imvvxwaq6NPw) starts at leader epoch 0 from offset 0 with partition epoch 0, high watermark 0, ISR [0], adding replicas [] and removing replicas [] . Previous leader None and previous leader epoch was -1.
2025-08-27T21:12:08.291+05:30  INFO 80076 --- [r-event-handler] state.change.logger                      : [Broker id=0] Creating new partition __consumer_offsets-44 with topic id WSarSHTHT6imvvxwaq6NPw.
2025-08-27T21:12:08.295+05:30  INFO 80076 --- [r-event-handler] kafka.log.UnifiedLog$                    : [LogLoader partition=__consumer_offsets-44, dir=/var/folders/br/mtzz913n1n9cg4xf5vkksggc0000gp/T/kafka-13218852354303402366/broker_0_data0] Loading producer state till offset 0 with message format version 2
2025-08-27T21:12:08.295+05:30  INFO 80076 --- [r-event-handler] kafka.log.LogManager                     : Created log for partition __consumer_offsets-44 in /var/folders/br/mtzz913n1n9cg4xf5vkksggc0000gp/T/kafka-13218852354303402366/broker_0_data0/__consumer_offsets-44 with properties {cleanup.policy=compact, compression.type="producer", segment.bytes=104857600}
2025-08-27T21:12:08.295+05:30  INFO 80076 --- [r-event-handler] kafka.cluster.Partition                  : [Partition __consumer_offsets-44 broker=0] No checkpointed highwatermark is found for partition __consumer_offsets-44
2025-08-27T21:12:08.295+05:30  INFO 80076 --- [r-event-handler] kafka.cluster.Partition                  : [Partition __consumer_offsets-44 broker=0] Log loaded for partition __consumer_offsets-44 with initial high watermark 0
2025-08-27T21:12:08.295+05:30  INFO 80076 --- [r-event-handler] state.change.logger                      : [Broker id=0] Leader __consumer_offsets-44 with topic id Some(WSarSHTHT6imvvxwaq6NPw) starts at leader epoch 0 from offset 0 with partition epoch 0, high watermark 0, ISR [0], adding replicas [] and removing replicas [] . Previous leader None and previous leader epoch was -1.
2025-08-27T21:12:08.300+05:30  INFO 80076 --- [r-event-handler] state.change.logger                      : [Broker id=0] Creating new partition __consumer_offsets-23 with topic id WSarSHTHT6imvvxwaq6NPw.
2025-08-27T21:12:08.304+05:30  INFO 80076 --- [r-event-handler] kafka.log.UnifiedLog$                    : [LogLoader partition=__consumer_offsets-23, dir=/var/folders/br/mtzz913n1n9cg4xf5vkksggc0000gp/T/kafka-13218852354303402366/broker_0_data0] Loading producer state till offset 0 with message format version 2
2025-08-27T21:12:08.304+05:30  INFO 80076 --- [r-event-handler] kafka.log.LogManager                     : Created log for partition __consumer_offsets-23 in /var/folders/br/mtzz913n1n9cg4xf5vkksggc0000gp/T/kafka-13218852354303402366/broker_0_data0/__consumer_offsets-23 with properties {cleanup.policy=compact, compression.type="producer", segment.bytes=104857600}
2025-08-27T21:12:08.304+05:30  INFO 80076 --- [r-event-handler] kafka.cluster.Partition                  : [Partition __consumer_offsets-23 broker=0] No checkpointed highwatermark is found for partition __consumer_offsets-23
2025-08-27T21:12:08.304+05:30  INFO 80076 --- [r-event-handler] kafka.cluster.Partition                  : [Partition __consumer_offsets-23 broker=0] Log loaded for partition __consumer_offsets-23 with initial high watermark 0
2025-08-27T21:12:08.304+05:30  INFO 80076 --- [r-event-handler] state.change.logger                      : [Broker id=0] Leader __consumer_offsets-23 with topic id Some(WSarSHTHT6imvvxwaq6NPw) starts at leader epoch 0 from offset 0 with partition epoch 0, high watermark 0, ISR [0], adding replicas [] and removing replicas [] . Previous leader None and previous leader epoch was -1.
2025-08-27T21:12:08.308+05:30  INFO 80076 --- [r-event-handler] state.change.logger                      : [Broker id=0] Creating new partition __consumer_offsets-19 with topic id WSarSHTHT6imvvxwaq6NPw.
2025-08-27T21:12:08.309+05:30  INFO 80076 --- [ntainer#0-0-C-1] o.a.k.c.c.internals.ConsumerCoordinator  : [Consumer clientId=consumer-sample-group-1, groupId=sample-group] Discovered group coordinator localhost:63600 (id: 2147483647 rack: null)
2025-08-27T21:12:08.310+05:30  INFO 80076 --- [ntainer#0-0-C-1] o.a.k.c.c.internals.ConsumerCoordinator  : [Consumer clientId=consumer-sample-group-1, groupId=sample-group] Request joining group due to: rebalance failed due to 'This is not the correct coordinator.' (NotCoordinatorException)
2025-08-27T21:12:08.310+05:30  INFO 80076 --- [ntainer#0-0-C-1] o.a.k.c.c.internals.ConsumerCoordinator  : [Consumer clientId=consumer-sample-group-1, groupId=sample-group] (Re-)joining group
2025-08-27T21:12:08.311+05:30  INFO 80076 --- [ntainer#0-0-C-1] o.a.k.c.c.internals.ConsumerCoordinator  : [Consumer clientId=consumer-sample-group-1, groupId=sample-group] Group coordinator localhost:63600 (id: 2147483647 rack: null) is unavailable or invalid due to cause: error response NOT_COORDINATOR. isDisconnected: false. Rediscovery will be attempted.
2025-08-27T21:12:08.311+05:30  INFO 80076 --- [ntainer#0-0-C-1] o.a.k.c.c.internals.ConsumerCoordinator  : [Consumer clientId=consumer-sample-group-1, groupId=sample-group] Requesting disconnect from last known coordinator localhost:63600 (id: 2147483647 rack: null)
2025-08-27T21:12:08.311+05:30  INFO 80076 --- [ntainer#0-0-C-1] o.a.k.c.c.internals.ConsumerCoordinator  : [Consumer clientId=consumer-sample-group-1, groupId=sample-group] JoinGroup failed: This is not the correct coordinator. Marking coordinator unknown. Sent generation was Generation{generationId=-1, memberId='', protocol='null'}
2025-08-27T21:12:08.311+05:30  INFO 80076 --- [ntainer#0-0-C-1] org.apache.kafka.clients.NetworkClient   : [Consumer clientId=consumer-sample-group-1, groupId=sample-group] Client requested disconnect from node 2147483647
2025-08-27T21:12:08.312+05:30  INFO 80076 --- [ntainer#0-0-C-1] o.a.k.c.c.internals.ConsumerCoordinator  : [Consumer clientId=consumer-sample-group-1, groupId=sample-group] Discovered group coordinator localhost:63600 (id: 2147483647 rack: null)
2025-08-27T21:12:08.312+05:30  INFO 80076 --- [ntainer#0-0-C-1] o.a.k.c.c.internals.ConsumerCoordinator  : [Consumer clientId=consumer-sample-group-1, groupId=sample-group] Group coordinator localhost:63600 (id: 2147483647 rack: null) is unavailable or invalid due to cause: coordinator unavailable. isDisconnected: false. Rediscovery will be attempted.
2025-08-27T21:12:08.312+05:30  INFO 80076 --- [ntainer#0-0-C-1] o.a.k.c.c.internals.ConsumerCoordinator  : [Consumer clientId=consumer-sample-group-1, groupId=sample-group] Requesting disconnect from last known coordinator localhost:63600 (id: 2147483647 rack: null)
2025-08-27T21:12:08.314+05:30  INFO 80076 --- [r-event-handler] kafka.log.UnifiedLog$                    : [LogLoader partition=__consumer_offsets-19, dir=/var/folders/br/mtzz913n1n9cg4xf5vkksggc0000gp/T/kafka-13218852354303402366/broker_0_data0] Loading producer state till offset 0 with message format version 2
2025-08-27T21:12:08.315+05:30  INFO 80076 --- [r-event-handler] kafka.log.LogManager                     : Created log for partition __consumer_offsets-19 in /var/folders/br/mtzz913n1n9cg4xf5vkksggc0000gp/T/kafka-13218852354303402366/broker_0_data0/__consumer_offsets-19 with properties {cleanup.policy=compact, compression.type="producer", segment.bytes=104857600}
2025-08-27T21:12:08.315+05:30  INFO 80076 --- [r-event-handler] kafka.cluster.Partition                  : [Partition __consumer_offsets-19 broker=0] No checkpointed highwatermark is found for partition __consumer_offsets-19
2025-08-27T21:12:08.315+05:30  INFO 80076 --- [r-event-handler] kafka.cluster.Partition                  : [Partition __consumer_offsets-19 broker=0] Log loaded for partition __consumer_offsets-19 with initial high watermark 0
2025-08-27T21:12:08.315+05:30  INFO 80076 --- [r-event-handler] state.change.logger                      : [Broker id=0] Leader __consumer_offsets-19 with topic id Some(WSarSHTHT6imvvxwaq6NPw) starts at leader epoch 0 from offset 0 with partition epoch 0, high watermark 0, ISR [0], adding replicas [] and removing replicas [] . Previous leader None and previous leader epoch was -1.
2025-08-27T21:12:08.319+05:30  INFO 80076 --- [r-event-handler] state.change.logger                      : [Broker id=0] Creating new partition __consumer_offsets-32 with topic id WSarSHTHT6imvvxwaq6NPw.
2025-08-27T21:12:08.324+05:30  INFO 80076 --- [r-event-handler] kafka.log.UnifiedLog$                    : [LogLoader partition=__consumer_offsets-32, dir=/var/folders/br/mtzz913n1n9cg4xf5vkksggc0000gp/T/kafka-13218852354303402366/broker_0_data0] Loading producer state till offset 0 with message format version 2
2025-08-27T21:12:08.324+05:30  INFO 80076 --- [r-event-handler] kafka.log.LogManager                     : Created log for partition __consumer_offsets-32 in /var/folders/br/mtzz913n1n9cg4xf5vkksggc0000gp/T/kafka-13218852354303402366/broker_0_data0/__consumer_offsets-32 with properties {cleanup.policy=compact, compression.type="producer", segment.bytes=104857600}
2025-08-27T21:12:08.324+05:30  INFO 80076 --- [r-event-handler] kafka.cluster.Partition                  : [Partition __consumer_offsets-32 broker=0] No checkpointed highwatermark is found for partition __consumer_offsets-32
2025-08-27T21:12:08.324+05:30  INFO 80076 --- [r-event-handler] kafka.cluster.Partition                  : [Partition __consumer_offsets-32 broker=0] Log loaded for partition __consumer_offsets-32 with initial high watermark 0
2025-08-27T21:12:08.324+05:30  INFO 80076 --- [r-event-handler] state.change.logger                      : [Broker id=0] Leader __consumer_offsets-32 with topic id Some(WSarSHTHT6imvvxwaq6NPw) starts at leader epoch 0 from offset 0 with partition epoch 0, high watermark 0, ISR [0], adding replicas [] and removing replicas [] . Previous leader None and previous leader epoch was -1.
2025-08-27T21:12:08.328+05:30  INFO 80076 --- [r-event-handler] state.change.logger                      : [Broker id=0] Creating new partition __consumer_offsets-28 with topic id WSarSHTHT6imvvxwaq6NPw.
2025-08-27T21:12:08.332+05:30  INFO 80076 --- [r-event-handler] kafka.log.UnifiedLog$                    : [LogLoader partition=__consumer_offsets-28, dir=/var/folders/br/mtzz913n1n9cg4xf5vkksggc0000gp/T/kafka-13218852354303402366/broker_0_data0] Loading producer state till offset 0 with message format version 2
2025-08-27T21:12:08.332+05:30  INFO 80076 --- [r-event-handler] kafka.log.LogManager                     : Created log for partition __consumer_offsets-28 in /var/folders/br/mtzz913n1n9cg4xf5vkksggc0000gp/T/kafka-13218852354303402366/broker_0_data0/__consumer_offsets-28 with properties {cleanup.policy=compact, compression.type="producer", segment.bytes=104857600}
2025-08-27T21:12:08.332+05:30  INFO 80076 --- [r-event-handler] kafka.cluster.Partition                  : [Partition __consumer_offsets-28 broker=0] No checkpointed highwatermark is found for partition __consumer_offsets-28
2025-08-27T21:12:08.332+05:30  INFO 80076 --- [r-event-handler] kafka.cluster.Partition                  : [Partition __consumer_offsets-28 broker=0] Log loaded for partition __consumer_offsets-28 with initial high watermark 0
2025-08-27T21:12:08.332+05:30  INFO 80076 --- [r-event-handler] state.change.logger                      : [Broker id=0] Leader __consumer_offsets-28 with topic id Some(WSarSHTHT6imvvxwaq6NPw) starts at leader epoch 0 from offset 0 with partition epoch 0, high watermark 0, ISR [0], adding replicas [] and removing replicas [] . Previous leader None and previous leader epoch was -1.
2025-08-27T21:12:08.339+05:30  INFO 80076 --- [r-event-handler] state.change.logger                      : [Broker id=0] Creating new partition __consumer_offsets-7 with topic id WSarSHTHT6imvvxwaq6NPw.
2025-08-27T21:12:08.344+05:30  INFO 80076 --- [r-event-handler] kafka.log.UnifiedLog$                    : [LogLoader partition=__consumer_offsets-7, dir=/var/folders/br/mtzz913n1n9cg4xf5vkksggc0000gp/T/kafka-13218852354303402366/broker_0_data0] Loading producer state till offset 0 with message format version 2
2025-08-27T21:12:08.345+05:30  INFO 80076 --- [r-event-handler] kafka.log.LogManager                     : Created log for partition __consumer_offsets-7 in /var/folders/br/mtzz913n1n9cg4xf5vkksggc0000gp/T/kafka-13218852354303402366/broker_0_data0/__consumer_offsets-7 with properties {cleanup.policy=compact, compression.type="producer", segment.bytes=104857600}
2025-08-27T21:12:08.345+05:30  INFO 80076 --- [r-event-handler] kafka.cluster.Partition                  : [Partition __consumer_offsets-7 broker=0] No checkpointed highwatermark is found for partition __consumer_offsets-7
2025-08-27T21:12:08.345+05:30  INFO 80076 --- [r-event-handler] kafka.cluster.Partition                  : [Partition __consumer_offsets-7 broker=0] Log loaded for partition __consumer_offsets-7 with initial high watermark 0
2025-08-27T21:12:08.345+05:30  INFO 80076 --- [r-event-handler] state.change.logger                      : [Broker id=0] Leader __consumer_offsets-7 with topic id Some(WSarSHTHT6imvvxwaq6NPw) starts at leader epoch 0 from offset 0 with partition epoch 0, high watermark 0, ISR [0], adding replicas [] and removing replicas [] . Previous leader None and previous leader epoch was -1.
2025-08-27T21:12:08.348+05:30  INFO 80076 --- [r-event-handler] state.change.logger                      : [Broker id=0] Creating new partition __consumer_offsets-40 with topic id WSarSHTHT6imvvxwaq6NPw.
2025-08-27T21:12:08.349+05:30  INFO 80076 --- [o-auto-1-exec-1] o.a.c.c.C.[Tomcat].[localhost].[/]       : Initializing Spring DispatcherServlet 'dispatcherServlet'
2025-08-27T21:12:08.349+05:30  INFO 80076 --- [o-auto-1-exec-1] o.s.web.servlet.DispatcherServlet        : Initializing Servlet 'dispatcherServlet'
2025-08-27T21:12:08.350+05:30  INFO 80076 --- [o-auto-1-exec-1] o.s.web.servlet.DispatcherServlet        : Completed initialization in 1 ms
2025-08-27T21:12:08.352+05:30  INFO 80076 --- [r-event-handler] kafka.log.UnifiedLog$                    : [LogLoader partition=__consumer_offsets-40, dir=/var/folders/br/mtzz913n1n9cg4xf5vkksggc0000gp/T/kafka-13218852354303402366/broker_0_data0] Loading producer state till offset 0 with message format version 2
2025-08-27T21:12:08.352+05:30  INFO 80076 --- [r-event-handler] kafka.log.LogManager                     : Created log for partition __consumer_offsets-40 in /var/folders/br/mtzz913n1n9cg4xf5vkksggc0000gp/T/kafka-13218852354303402366/broker_0_data0/__consumer_offsets-40 with properties {cleanup.policy=compact, compression.type="producer", segment.bytes=104857600}
2025-08-27T21:12:08.353+05:30  INFO 80076 --- [r-event-handler] kafka.cluster.Partition                  : [Partition __consumer_offsets-40 broker=0] No checkpointed highwatermark is found for partition __consumer_offsets-40
2025-08-27T21:12:08.353+05:30  INFO 80076 --- [r-event-handler] kafka.cluster.Partition                  : [Partition __consumer_offsets-40 broker=0] Log loaded for partition __consumer_offsets-40 with initial high watermark 0
2025-08-27T21:12:08.353+05:30  INFO 80076 --- [r-event-handler] state.change.logger                      : [Broker id=0] Leader __consumer_offsets-40 with topic id Some(WSarSHTHT6imvvxwaq6NPw) starts at leader epoch 0 from offset 0 with partition epoch 0, high watermark 0, ISR [0], adding replicas [] and removing replicas [] . Previous leader None and previous leader epoch was -1.
2025-08-27T21:12:08.358+05:30  INFO 80076 --- [r-event-handler] state.change.logger                      : [Broker id=0] Creating new partition __consumer_offsets-3 with topic id WSarSHTHT6imvvxwaq6NPw.
2025-08-27T21:12:08.364+05:30  INFO 80076 --- [o-auto-1-exec-1] c.e.kafka.service.KafkaProducerService   : Sending message with key testkey123: Hello Kafka with key!
2025-08-27T21:12:08.365+05:30  INFO 80076 --- [r-event-handler] kafka.log.UnifiedLog$                    : [LogLoader partition=__consumer_offsets-3, dir=/var/folders/br/mtzz913n1n9cg4xf5vkksggc0000gp/T/kafka-13218852354303402366/broker_0_data0] Loading producer state till offset 0 with message format version 2
2025-08-27T21:12:08.365+05:30  INFO 80076 --- [r-event-handler] kafka.log.LogManager                     : Created log for partition __consumer_offsets-3 in /var/folders/br/mtzz913n1n9cg4xf5vkksggc0000gp/T/kafka-13218852354303402366/broker_0_data0/__consumer_offsets-3 with properties {cleanup.policy=compact, compression.type="producer", segment.bytes=104857600}
2025-08-27T21:12:08.365+05:30  INFO 80076 --- [r-event-handler] kafka.cluster.Partition                  : [Partition __consumer_offsets-3 broker=0] No checkpointed highwatermark is found for partition __consumer_offsets-3
2025-08-27T21:12:08.365+05:30  INFO 80076 --- [r-event-handler] kafka.cluster.Partition                  : [Partition __consumer_offsets-3 broker=0] Log loaded for partition __consumer_offsets-3 with initial high watermark 0
2025-08-27T21:12:08.366+05:30  INFO 80076 --- [r-event-handler] state.change.logger                      : [Broker id=0] Leader __consumer_offsets-3 with topic id Some(WSarSHTHT6imvvxwaq6NPw) starts at leader epoch 0 from offset 0 with partition epoch 0, high watermark 0, ISR [0], adding replicas [] and removing replicas [] . Previous leader None and previous leader epoch was -1.
2025-08-27T21:12:08.367+05:30  INFO 80076 --- [o-auto-1-exec-1] o.a.k.clients.producer.ProducerConfig    : ProducerConfig values: 
	acks = -1
	auto.include.jmx.reporter = true
	batch.size = 16384
	bootstrap.servers = [localhost:63600]
	buffer.memory = 33554432
	client.dns.lookup = use_all_dns_ips
	client.id = producer-1
	compression.type = none
	connections.max.idle.ms = 540000
	delivery.timeout.ms = 120000
	enable.idempotence = true
	interceptor.classes = []
	key.serializer = class org.apache.kafka.common.serialization.StringSerializer
	linger.ms = 0
	max.block.ms = 60000
	max.in.flight.requests.per.connection = 5
	max.request.size = 1048576
	metadata.max.age.ms = 300000
	metadata.max.idle.ms = 300000
	metric.reporters = []
	metrics.num.samples = 2
	metrics.recording.level = INFO
	metrics.sample.window.ms = 30000
	partitioner.adaptive.partitioning.enable = true
	partitioner.availability.timeout.ms = 0
	partitioner.class = null
	partitioner.ignore.keys = false
	receive.buffer.bytes = 32768
	reconnect.backoff.max.ms = 1000
	reconnect.backoff.ms = 50
	request.timeout.ms = 30000
	retries = 2147483647
	retry.backoff.ms = 100
	sasl.client.callback.handler.class = null
	sasl.jaas.config = null
	sasl.kerberos.kinit.cmd = /usr/bin/kinit
	sasl.kerberos.min.time.before.relogin = 60000
	sasl.kerberos.service.name = null
	sasl.kerberos.ticket.renew.jitter = 0.05
	sasl.kerberos.ticket.renew.window.factor = 0.8
	sasl.login.callback.handler.class = null
	sasl.login.class = null
	sasl.login.connect.timeout.ms = null
	sasl.login.read.timeout.ms = null
	sasl.login.refresh.buffer.seconds = 300
	sasl.login.refresh.min.period.seconds = 60
	sasl.login.refresh.window.factor = 0.8
	sasl.login.refresh.window.jitter = 0.05
	sasl.login.retry.backoff.max.ms = 10000
	sasl.login.retry.backoff.ms = 100
	sasl.mechanism = GSSAPI
	sasl.oauthbearer.clock.skew.seconds = 30
	sasl.oauthbearer.expected.audience = null
	sasl.oauthbearer.expected.issuer = null
	sasl.oauthbearer.jwks.endpoint.refresh.ms = 3600000
	sasl.oauthbearer.jwks.endpoint.retry.backoff.max.ms = 10000
	sasl.oauthbearer.jwks.endpoint.retry.backoff.ms = 100
	sasl.oauthbearer.jwks.endpoint.url = null
	sasl.oauthbearer.scope.claim.name = scope
	sasl.oauthbearer.sub.claim.name = sub
	sasl.oauthbearer.token.endpoint.url = null
	security.protocol = PLAINTEXT
	security.providers = null
	send.buffer.bytes = 131072
	socket.connection.setup.timeout.max.ms = 30000
	socket.connection.setup.timeout.ms = 10000
	ssl.cipher.suites = null
	ssl.enabled.protocols = [TLSv1.2, TLSv1.3]
	ssl.endpoint.identification.algorithm = https
	ssl.engine.factory.class = null
	ssl.key.password = null
	ssl.keymanager.algorithm = SunX509
	ssl.keystore.certificate.chain = null
	ssl.keystore.key = null
	ssl.keystore.location = null
	ssl.keystore.password = null
	ssl.keystore.type = JKS
	ssl.protocol = TLSv1.3
	ssl.provider = null
	ssl.secure.random.implementation = null
	ssl.trustmanager.algorithm = PKIX
	ssl.truststore.certificates = null
	ssl.truststore.location = null
	ssl.truststore.password = null
	ssl.truststore.type = JKS
	transaction.timeout.ms = 60000
	transactional.id = null
	value.serializer = class org.apache.kafka.common.serialization.StringSerializer

2025-08-27T21:12:08.369+05:30  INFO 80076 --- [r-event-handler] state.change.logger                      : [Broker id=0] Creating new partition __consumer_offsets-36 with topic id WSarSHTHT6imvvxwaq6NPw.
2025-08-27T21:12:08.369+05:30  INFO 80076 --- [o-auto-1-exec-1] o.a.k.clients.producer.KafkaProducer     : [Producer clientId=producer-1] Instantiated an idempotent producer.
2025-08-27T21:12:08.373+05:30  INFO 80076 --- [o-auto-1-exec-1] o.a.kafka.common.utils.AppInfoParser     : Kafka version: 3.6.0
2025-08-27T21:12:08.373+05:30  INFO 80076 --- [o-auto-1-exec-1] o.a.kafka.common.utils.AppInfoParser     : Kafka commitId: 60e845626d8a465a
2025-08-27T21:12:08.373+05:30  INFO 80076 --- [o-auto-1-exec-1] o.a.kafka.common.utils.AppInfoParser     : Kafka startTimeMs: 1756309328373
2025-08-27T21:12:08.376+05:30  INFO 80076 --- [r-event-handler] kafka.log.UnifiedLog$                    : [LogLoader partition=__consumer_offsets-36, dir=/var/folders/br/mtzz913n1n9cg4xf5vkksggc0000gp/T/kafka-13218852354303402366/broker_0_data0] Loading producer state till offset 0 with message format version 2
2025-08-27T21:12:08.377+05:30  INFO 80076 --- [r-event-handler] kafka.log.LogManager                     : Created log for partition __consumer_offsets-36 in /var/folders/br/mtzz913n1n9cg4xf5vkksggc0000gp/T/kafka-13218852354303402366/broker_0_data0/__consumer_offsets-36 with properties {cleanup.policy=compact, compression.type="producer", segment.bytes=104857600}
2025-08-27T21:12:08.377+05:30  INFO 80076 --- [r-event-handler] kafka.cluster.Partition                  : [Partition __consumer_offsets-36 broker=0] No checkpointed highwatermark is found for partition __consumer_offsets-36
2025-08-27T21:12:08.377+05:30  INFO 80076 --- [r-event-handler] kafka.cluster.Partition                  : [Partition __consumer_offsets-36 broker=0] Log loaded for partition __consumer_offsets-36 with initial high watermark 0
2025-08-27T21:12:08.377+05:30  INFO 80076 --- [r-event-handler] state.change.logger                      : [Broker id=0] Leader __consumer_offsets-36 with topic id Some(WSarSHTHT6imvvxwaq6NPw) starts at leader epoch 0 from offset 0 with partition epoch 0, high watermark 0, ISR [0], adding replicas [] and removing replicas [] . Previous leader None and previous leader epoch was -1.
2025-08-27T21:12:08.377+05:30  INFO 80076 --- [ad | producer-1] org.apache.kafka.clients.Metadata        : [Producer clientId=producer-1] Cluster ID: Q7ZDtguRRHGUgE1L9CUIHA
2025-08-27T21:12:08.380+05:30  INFO 80076 --- [r-event-handler] state.change.logger                      : [Broker id=0] Creating new partition __consumer_offsets-47 with topic id WSarSHTHT6imvvxwaq6NPw.
2025-08-27T21:12:08.380+05:30  INFO 80076 --- [0-event-handler] o.a.k.c.ProducerIdControlManager         : [QuorumController id=0] Replaying ProducerIdsRecord ProducerIdsRecord(brokerId=0, brokerEpoch=5, nextProducerId=1000)
2025-08-27T21:12:08.385+05:30  INFO 80076 --- [r-event-handler] kafka.log.UnifiedLog$                    : [LogLoader partition=__consumer_offsets-47, dir=/var/folders/br/mtzz913n1n9cg4xf5vkksggc0000gp/T/kafka-13218852354303402366/broker_0_data0] Loading producer state till offset 0 with message format version 2
2025-08-27T21:12:08.385+05:30  INFO 80076 --- [r-event-handler] kafka.log.LogManager                     : Created log for partition __consumer_offsets-47 in /var/folders/br/mtzz913n1n9cg4xf5vkksggc0000gp/T/kafka-13218852354303402366/broker_0_data0/__consumer_offsets-47 with properties {cleanup.policy=compact, compression.type="producer", segment.bytes=104857600}
2025-08-27T21:12:08.385+05:30  INFO 80076 --- [r-event-handler] kafka.cluster.Partition                  : [Partition __consumer_offsets-47 broker=0] No checkpointed highwatermark is found for partition __consumer_offsets-47
2025-08-27T21:12:08.385+05:30  INFO 80076 --- [r-event-handler] kafka.cluster.Partition                  : [Partition __consumer_offsets-47 broker=0] Log loaded for partition __consumer_offsets-47 with initial high watermark 0
2025-08-27T21:12:08.385+05:30  INFO 80076 --- [r-event-handler] state.change.logger                      : [Broker id=0] Leader __consumer_offsets-47 with topic id Some(WSarSHTHT6imvvxwaq6NPw) starts at leader epoch 0 from offset 0 with partition epoch 0, high watermark 0, ISR [0], adding replicas [] and removing replicas [] . Previous leader None and previous leader epoch was -1.
2025-08-27T21:12:08.389+05:30  INFO 80076 --- [r-event-handler] state.change.logger                      : [Broker id=0] Creating new partition __consumer_offsets-14 with topic id WSarSHTHT6imvvxwaq6NPw.
]]></system-out>
  </testcase>
  <testcase name="testSendMessageViaRestApi" classname="com.example.kafka.KafkaApplicationTest" time="0.006">
    <system-out><![CDATA[2025-08-27T21:12:08.395+05:30  INFO 80076 --- [r-event-handler] kafka.log.UnifiedLog$                    : [LogLoader partition=__consumer_offsets-14, dir=/var/folders/br/mtzz913n1n9cg4xf5vkksggc0000gp/T/kafka-13218852354303402366/broker_0_data0] Loading producer state till offset 0 with message format version 2
2025-08-27T21:12:08.395+05:30  INFO 80076 --- [r-event-handler] kafka.log.LogManager                     : Created log for partition __consumer_offsets-14 in /var/folders/br/mtzz913n1n9cg4xf5vkksggc0000gp/T/kafka-13218852354303402366/broker_0_data0/__consumer_offsets-14 with properties {cleanup.policy=compact, compression.type="producer", segment.bytes=104857600}
2025-08-27T21:12:08.395+05:30  INFO 80076 --- [r-event-handler] kafka.cluster.Partition                  : [Partition __consumer_offsets-14 broker=0] No checkpointed highwatermark is found for partition __consumer_offsets-14
2025-08-27T21:12:08.395+05:30  INFO 80076 --- [r-event-handler] kafka.cluster.Partition                  : [Partition __consumer_offsets-14 broker=0] Log loaded for partition __consumer_offsets-14 with initial high watermark 0
2025-08-27T21:12:08.395+05:30  INFO 80076 --- [r-event-handler] state.change.logger                      : [Broker id=0] Leader __consumer_offsets-14 with topic id Some(WSarSHTHT6imvvxwaq6NPw) starts at leader epoch 0 from offset 0 with partition epoch 0, high watermark 0, ISR [0], adding replicas [] and removing replicas [] . Previous leader None and previous leader epoch was -1.
2025-08-27T21:12:08.396+05:30  INFO 80076 --- [o-auto-1-exec-2] c.e.kafka.service.KafkaProducerService   : Sending message: Hello Kafka via REST API!
]]></system-out>
  </testcase>
</testsuite>